=== SLURM JOB STARTED ===
Date: Thu May 15 15:59:25 CEST 2025
Running on node: iris-172
Job ID: 4129181
Job directory: /mnt/aiongpfs/users/mgiorgi/workspace/GNN_Notebooks
Current directory: /home/users/mgiorgi/workspace/GNN_Notebooks
Loaded modules:

Currently Loaded Modules:
  1) env/release/default (S)

  Where:
   S:  Module is Sticky, requires --force to unload or purge

 

The following modules were not unloaded:
  (Use "module --force purge" to unload all):

  1) env/release/default

Lmod is automatically replacing "env/release/default" with "env/legacy/2020b".

Activating virtualenv...
Python path: /mnt/aiongpfs/users/mgiorgi/venv_aion/bin/python3
Python 3.8.6
Checking GPU availability...
Thu May 15 15:59:26 2025       
+-----------------------------------------------------------------------------------------+
| NVIDIA-SMI 565.57.01              Driver Version: 565.57.01      CUDA Version: 12.7     |
|-----------------------------------------+------------------------+----------------------+
| GPU  Name                 Persistence-M | Bus-Id          Disp.A | Volatile Uncorr. ECC |
| Fan  Temp   Perf          Pwr:Usage/Cap |           Memory-Usage | GPU-Util  Compute M. |
|                                         |                        |               MIG M. |
|=========================================+========================+======================|
|   0  Tesla V100-SXM2-16GB           On  |   00000000:1A:00.0 Off |                    0 |
| N/A   44C    P0             46W /  300W |       1MiB /  16384MiB |      0%      Default |
|                                         |                        |                  N/A |
+-----------------------------------------+------------------------+----------------------+
                                                                                         
+-----------------------------------------------------------------------------------------+
| Processes:                                                                              |
|  GPU   GI   CI        PID   Type   Process name                              GPU Memory |
|        ID   ID                                                               Usage      |
|=========================================================================================|
|  No running processes found                                                             |
+-----------------------------------------------------------------------------------------+
CUDA available: True
CUDA device: Tesla V100-SXM2-16GB
Launching Python script...
Requirement already satisfied: torch in /mnt/aiongpfs/users/mgiorgi/venv_aion/lib/python3.8/site-packages (2.4.1)
Requirement already satisfied: torch-geometric in /mnt/aiongpfs/users/mgiorgi/venv_aion/lib/python3.8/site-packages (2.6.1)
Requirement already satisfied: scikit-learn in /mnt/aiongpfs/users/mgiorgi/venv_aion/lib/python3.8/site-packages (1.3.2)
Requirement already satisfied: pandas in /mnt/aiongpfs/users/mgiorgi/venv_aion/lib/python3.8/site-packages (2.0.3)
Requirement already satisfied: shapely in /mnt/aiongpfs/users/mgiorgi/venv_aion/lib/python3.8/site-packages (2.0.7)
Requirement already satisfied: seaborn in /mnt/aiongpfs/users/mgiorgi/venv_aion/lib/python3.8/site-packages (0.13.2)
Requirement already satisfied: pygmtools in /mnt/aiongpfs/users/mgiorgi/venv_aion/lib/python3.8/site-packages (0.5.3)
Requirement already satisfied: numpy in /mnt/aiongpfs/users/mgiorgi/venv_aion/lib/python3.8/site-packages (1.24.3)
Requirement already satisfied: moviepy<2.0.0 in /mnt/aiongpfs/users/mgiorgi/venv_aion/lib/python3.8/site-packages (1.0.3)
Requirement already satisfied: matplotlib in /mnt/aiongpfs/users/mgiorgi/venv_aion/lib/python3.8/site-packages (3.7.5)
Requirement already satisfied: tensorboard in /mnt/aiongpfs/users/mgiorgi/venv_aion/lib/python3.8/site-packages (2.13.0)
Requirement already satisfied: optuna in /mnt/aiongpfs/users/mgiorgi/venv_aion/lib/python3.8/site-packages (4.2.1)
Requirement already satisfied: plotly in /mnt/aiongpfs/users/mgiorgi/venv_aion/lib/python3.8/site-packages (6.0.1)
Requirement already satisfied: kaleido in /mnt/aiongpfs/users/mgiorgi/venv_aion/lib/python3.8/site-packages (0.2.1)
Requirement already satisfied: nvidia-cublas-cu12==12.1.3.1; platform_system == "Linux" and platform_machine == "x86_64" in /mnt/aiongpfs/users/mgiorgi/venv_aion/lib/python3.8/site-packages (from torch) (12.1.3.1)
Requirement already satisfied: sympy in /mnt/aiongpfs/users/mgiorgi/venv_aion/lib/python3.8/site-packages (from torch) (1.13.3)
Requirement already satisfied: nvidia-cudnn-cu12==9.1.0.70; platform_system == "Linux" and platform_machine == "x86_64" in /mnt/aiongpfs/users/mgiorgi/venv_aion/lib/python3.8/site-packages (from torch) (9.1.0.70)
Requirement already satisfied: networkx in /mnt/aiongpfs/users/mgiorgi/venv_aion/lib/python3.8/site-packages (from torch) (3.1)
Requirement already satisfied: nvidia-nvtx-cu12==12.1.105; platform_system == "Linux" and platform_machine == "x86_64" in /mnt/aiongpfs/users/mgiorgi/venv_aion/lib/python3.8/site-packages (from torch) (12.1.105)
Requirement already satisfied: nvidia-cusparse-cu12==12.1.0.106; platform_system == "Linux" and platform_machine == "x86_64" in /mnt/aiongpfs/users/mgiorgi/venv_aion/lib/python3.8/site-packages (from torch) (12.1.0.106)
Requirement already satisfied: nvidia-cuda-cupti-cu12==12.1.105; platform_system == "Linux" and platform_machine == "x86_64" in /mnt/aiongpfs/users/mgiorgi/venv_aion/lib/python3.8/site-packages (from torch) (12.1.105)
Requirement already satisfied: fsspec in /mnt/aiongpfs/users/mgiorgi/venv_aion/lib/python3.8/site-packages (from torch) (2025.3.0)
Requirement already satisfied: nvidia-cusolver-cu12==11.4.5.107; platform_system == "Linux" and platform_machine == "x86_64" in /mnt/aiongpfs/users/mgiorgi/venv_aion/lib/python3.8/site-packages (from torch) (11.4.5.107)
Requirement already satisfied: nvidia-cuda-runtime-cu12==12.1.105; platform_system == "Linux" and platform_machine == "x86_64" in /mnt/aiongpfs/users/mgiorgi/venv_aion/lib/python3.8/site-packages (from torch) (12.1.105)
Requirement already satisfied: nvidia-cufft-cu12==11.0.2.54; platform_system == "Linux" and platform_machine == "x86_64" in /mnt/aiongpfs/users/mgiorgi/venv_aion/lib/python3.8/site-packages (from torch) (11.0.2.54)
Requirement already satisfied: nvidia-curand-cu12==10.3.2.106; platform_system == "Linux" and platform_machine == "x86_64" in /mnt/aiongpfs/users/mgiorgi/venv_aion/lib/python3.8/site-packages (from torch) (10.3.2.106)
Requirement already satisfied: nvidia-nccl-cu12==2.20.5; platform_system == "Linux" and platform_machine == "x86_64" in /mnt/aiongpfs/users/mgiorgi/venv_aion/lib/python3.8/site-packages (from torch) (2.20.5)
Requirement already satisfied: triton==3.0.0; platform_system == "Linux" and platform_machine == "x86_64" and python_version < "3.13" in /mnt/aiongpfs/users/mgiorgi/venv_aion/lib/python3.8/site-packages (from torch) (3.0.0)
Requirement already satisfied: typing-extensions>=4.8.0 in /mnt/aiongpfs/users/mgiorgi/venv_aion/lib/python3.8/site-packages (from torch) (4.12.2)
Requirement already satisfied: nvidia-cuda-nvrtc-cu12==12.1.105; platform_system == "Linux" and platform_machine == "x86_64" in /mnt/aiongpfs/users/mgiorgi/venv_aion/lib/python3.8/site-packages (from torch) (12.1.105)
Requirement already satisfied: filelock in /mnt/aiongpfs/users/mgiorgi/venv_aion/lib/python3.8/site-packages (from torch) (3.16.1)
Requirement already satisfied: jinja2 in /mnt/aiongpfs/users/mgiorgi/venv_aion/lib/python3.8/site-packages (from torch) (3.1.6)
Requirement already satisfied: tqdm in /mnt/aiongpfs/users/mgiorgi/venv_aion/lib/python3.8/site-packages (from torch-geometric) (4.67.1)
Requirement already satisfied: pyparsing in /mnt/aiongpfs/users/mgiorgi/venv_aion/lib/python3.8/site-packages (from torch-geometric) (3.1.4)
Requirement already satisfied: psutil>=5.8.0 in /mnt/aiongpfs/users/mgiorgi/venv_aion/lib/python3.8/site-packages (from torch-geometric) (7.0.0)
Requirement already satisfied: requests in /mnt/aiongpfs/users/mgiorgi/venv_aion/lib/python3.8/site-packages (from torch-geometric) (2.32.3)
Requirement already satisfied: aiohttp in /mnt/aiongpfs/users/mgiorgi/venv_aion/lib/python3.8/site-packages (from torch-geometric) (3.10.11)
Requirement already satisfied: threadpoolctl>=2.0.0 in /mnt/aiongpfs/users/mgiorgi/venv_aion/lib/python3.8/site-packages (from scikit-learn) (3.5.0)
Requirement already satisfied: joblib>=1.1.1 in /mnt/aiongpfs/users/mgiorgi/venv_aion/lib/python3.8/site-packages (from scikit-learn) (1.4.2)
Requirement already satisfied: scipy>=1.5.0 in /mnt/aiongpfs/users/mgiorgi/venv_aion/lib/python3.8/site-packages (from scikit-learn) (1.10.1)
Requirement already satisfied: tzdata>=2022.1 in /mnt/aiongpfs/users/mgiorgi/venv_aion/lib/python3.8/site-packages (from pandas) (2025.2)
Requirement already satisfied: python-dateutil>=2.8.2 in /mnt/aiongpfs/users/mgiorgi/venv_aion/lib/python3.8/site-packages (from pandas) (2.9.0.post0)
Requirement already satisfied: pytz>=2020.1 in /mnt/aiongpfs/users/mgiorgi/venv_aion/lib/python3.8/site-packages (from pandas) (2025.1)
Requirement already satisfied: appdirs>=1.4.4 in /mnt/aiongpfs/users/mgiorgi/venv_aion/lib/python3.8/site-packages (from pygmtools) (1.4.4)
Requirement already satisfied: easydict>=1.7 in /mnt/aiongpfs/users/mgiorgi/venv_aion/lib/python3.8/site-packages (from pygmtools) (1.13)
Requirement already satisfied: async-timeout in /mnt/aiongpfs/users/mgiorgi/venv_aion/lib/python3.8/site-packages (from pygmtools) (5.0.1)
Requirement already satisfied: Pillow>=7.2.0 in /mnt/aiongpfs/users/mgiorgi/venv_aion/lib/python3.8/site-packages (from pygmtools) (10.4.0)
Requirement already satisfied: proglog<=1.0.0 in /mnt/aiongpfs/users/mgiorgi/venv_aion/lib/python3.8/site-packages (from moviepy<2.0.0) (0.1.11)
Requirement already satisfied: imageio<3.0,>=2.5; python_version >= "3.4" in /mnt/aiongpfs/users/mgiorgi/venv_aion/lib/python3.8/site-packages (from moviepy<2.0.0) (2.35.1)
Requirement already satisfied: imageio-ffmpeg>=0.2.0; python_version >= "3.4" in /mnt/aiongpfs/users/mgiorgi/venv_aion/lib/python3.8/site-packages (from moviepy<2.0.0) (0.5.1)
Requirement already satisfied: decorator<5.0,>=4.0.2 in /mnt/aiongpfs/users/mgiorgi/venv_aion/lib/python3.8/site-packages (from moviepy<2.0.0) (4.4.2)
Requirement already satisfied: cycler>=0.10 in /mnt/aiongpfs/users/mgiorgi/venv_aion/lib/python3.8/site-packages (from matplotlib) (0.12.1)
Requirement already satisfied: kiwisolver>=1.0.1 in /mnt/aiongpfs/users/mgiorgi/venv_aion/lib/python3.8/site-packages (from matplotlib) (1.4.7)
Requirement already satisfied: fonttools>=4.22.0 in /mnt/aiongpfs/users/mgiorgi/venv_aion/lib/python3.8/site-packages (from matplotlib) (4.56.0)
Requirement already satisfied: packaging>=20.0 in /mnt/aiongpfs/users/mgiorgi/venv_aion/lib/python3.8/site-packages (from matplotlib) (24.2)
Requirement already satisfied: importlib-resources>=3.2.0; python_version < "3.10" in /mnt/aiongpfs/users/mgiorgi/venv_aion/lib/python3.8/site-packages (from matplotlib) (6.4.5)
Requirement already satisfied: contourpy>=1.0.1 in /mnt/aiongpfs/users/mgiorgi/venv_aion/lib/python3.8/site-packages (from matplotlib) (1.1.1)
Requirement already satisfied: tensorboard-data-server<0.8.0,>=0.7.0 in /mnt/aiongpfs/users/mgiorgi/venv_aion/lib/python3.8/site-packages (from tensorboard) (0.7.2)
Requirement already satisfied: werkzeug>=1.0.1 in /mnt/aiongpfs/users/mgiorgi/venv_aion/lib/python3.8/site-packages (from tensorboard) (3.0.6)
Requirement already satisfied: wheel>=0.26 in /mnt/aiongpfs/users/mgiorgi/venv_aion/lib/python3.8/site-packages (from tensorboard) (0.45.1)
Requirement already satisfied: markdown>=2.6.8 in /mnt/aiongpfs/users/mgiorgi/venv_aion/lib/python3.8/site-packages (from tensorboard) (3.7)
Requirement already satisfied: protobuf>=3.19.6 in /mnt/aiongpfs/users/mgiorgi/venv_aion/lib/python3.8/site-packages (from tensorboard) (4.25.6)
Requirement already satisfied: google-auth-oauthlib<1.1,>=0.5 in /mnt/aiongpfs/users/mgiorgi/venv_aion/lib/python3.8/site-packages (from tensorboard) (1.0.0)
Requirement already satisfied: google-auth<3,>=1.6.3 in /mnt/aiongpfs/users/mgiorgi/venv_aion/lib/python3.8/site-packages (from tensorboard) (2.38.0)
Requirement already satisfied: absl-py>=0.4 in /mnt/aiongpfs/users/mgiorgi/venv_aion/lib/python3.8/site-packages (from tensorboard) (2.1.0)
Requirement already satisfied: setuptools>=41.0.0 in /mnt/aiongpfs/users/mgiorgi/venv_aion/lib/python3.8/site-packages (from tensorboard) (49.2.1)
Requirement already satisfied: grpcio>=1.48.2 in /mnt/aiongpfs/users/mgiorgi/venv_aion/lib/python3.8/site-packages (from tensorboard) (1.70.0)
Requirement already satisfied: colorlog in /mnt/aiongpfs/users/mgiorgi/venv_aion/lib/python3.8/site-packages (from optuna) (6.9.0)
Requirement already satisfied: alembic>=1.5.0 in /mnt/aiongpfs/users/mgiorgi/venv_aion/lib/python3.8/site-packages (from optuna) (1.14.1)
Requirement already satisfied: sqlalchemy>=1.4.2 in /mnt/aiongpfs/users/mgiorgi/venv_aion/lib/python3.8/site-packages (from optuna) (2.0.40)
Requirement already satisfied: PyYAML in /mnt/aiongpfs/users/mgiorgi/venv_aion/lib/python3.8/site-packages (from optuna) (6.0.2)
Requirement already satisfied: narwhals>=1.15.1 in /mnt/aiongpfs/users/mgiorgi/venv_aion/lib/python3.8/site-packages (from plotly) (1.39.0)
Requirement already satisfied: mpmath<1.4,>=1.1.0 in /mnt/aiongpfs/users/mgiorgi/venv_aion/lib/python3.8/site-packages (from sympy->torch) (1.3.0)
Requirement already satisfied: nvidia-nvjitlink-cu12 in /mnt/aiongpfs/users/mgiorgi/venv_aion/lib/python3.8/site-packages (from nvidia-cusparse-cu12==12.1.0.106; platform_system == "Linux" and platform_machine == "x86_64"->torch) (12.8.93)
Requirement already satisfied: MarkupSafe>=2.0 in /mnt/aiongpfs/users/mgiorgi/venv_aion/lib/python3.8/site-packages (from jinja2->torch) (2.1.5)
Requirement already satisfied: charset-normalizer<4,>=2 in /mnt/aiongpfs/users/mgiorgi/venv_aion/lib/python3.8/site-packages (from requests->torch-geometric) (3.4.1)
Requirement already satisfied: idna<4,>=2.5 in /mnt/aiongpfs/users/mgiorgi/venv_aion/lib/python3.8/site-packages (from requests->torch-geometric) (3.10)
Requirement already satisfied: urllib3<3,>=1.21.1 in /mnt/aiongpfs/users/mgiorgi/venv_aion/lib/python3.8/site-packages (from requests->torch-geometric) (2.2.3)
Requirement already satisfied: certifi>=2017.4.17 in /mnt/aiongpfs/users/mgiorgi/venv_aion/lib/python3.8/site-packages (from requests->torch-geometric) (2025.1.31)
Requirement already satisfied: yarl<2.0,>=1.12.0 in /mnt/aiongpfs/users/mgiorgi/venv_aion/lib/python3.8/site-packages (from aiohttp->torch-geometric) (1.15.2)
Requirement already satisfied: multidict<7.0,>=4.5 in /mnt/aiongpfs/users/mgiorgi/venv_aion/lib/python3.8/site-packages (from aiohttp->torch-geometric) (6.1.0)
Requirement already satisfied: aiohappyeyeballs>=2.3.0 in /mnt/aiongpfs/users/mgiorgi/venv_aion/lib/python3.8/site-packages (from aiohttp->torch-geometric) (2.4.4)
Requirement already satisfied: aiosignal>=1.1.2 in /mnt/aiongpfs/users/mgiorgi/venv_aion/lib/python3.8/site-packages (from aiohttp->torch-geometric) (1.3.1)
Requirement already satisfied: attrs>=17.3.0 in /mnt/aiongpfs/users/mgiorgi/venv_aion/lib/python3.8/site-packages (from aiohttp->torch-geometric) (25.1.0)
Requirement already satisfied: frozenlist>=1.1.1 in /mnt/aiongpfs/users/mgiorgi/venv_aion/lib/python3.8/site-packages (from aiohttp->torch-geometric) (1.5.0)
Requirement already satisfied: six>=1.5 in /mnt/aiongpfs/users/mgiorgi/venv_aion/lib/python3.8/site-packages (from python-dateutil>=2.8.2->pandas) (1.17.0)
Requirement already satisfied: zipp>=3.1.0; python_version < "3.10" in /mnt/aiongpfs/users/mgiorgi/venv_aion/lib/python3.8/site-packages (from importlib-resources>=3.2.0; python_version < "3.10"->matplotlib) (3.20.2)
Requirement already satisfied: importlib-metadata>=4.4; python_version < "3.10" in /mnt/aiongpfs/users/mgiorgi/venv_aion/lib/python3.8/site-packages (from markdown>=2.6.8->tensorboard) (8.5.0)
Requirement already satisfied: requests-oauthlib>=0.7.0 in /mnt/aiongpfs/users/mgiorgi/venv_aion/lib/python3.8/site-packages (from google-auth-oauthlib<1.1,>=0.5->tensorboard) (2.0.0)
Requirement already satisfied: pyasn1-modules>=0.2.1 in /mnt/aiongpfs/users/mgiorgi/venv_aion/lib/python3.8/site-packages (from google-auth<3,>=1.6.3->tensorboard) (0.4.1)
Requirement already satisfied: cachetools<6.0,>=2.0.0 in /mnt/aiongpfs/users/mgiorgi/venv_aion/lib/python3.8/site-packages (from google-auth<3,>=1.6.3->tensorboard) (5.5.2)
Requirement already satisfied: rsa<5,>=3.1.4 in /mnt/aiongpfs/users/mgiorgi/venv_aion/lib/python3.8/site-packages (from google-auth<3,>=1.6.3->tensorboard) (4.9)
Requirement already satisfied: Mako in /mnt/aiongpfs/users/mgiorgi/venv_aion/lib/python3.8/site-packages (from alembic>=1.5.0->optuna) (1.3.9)
Requirement already satisfied: greenlet>=1; python_version < "3.14" and (platform_machine == "aarch64" or (platform_machine == "ppc64le" or (platform_machine == "x86_64" or (platform_machine == "amd64" or (platform_machine == "AMD64" or (platform_machine == "win32" or platform_machine == "WIN32")))))) in /mnt/aiongpfs/users/mgiorgi/venv_aion/lib/python3.8/site-packages (from sqlalchemy>=1.4.2->optuna) (3.1.1)
Requirement already satisfied: propcache>=0.2.0 in /mnt/aiongpfs/users/mgiorgi/venv_aion/lib/python3.8/site-packages (from yarl<2.0,>=1.12.0->aiohttp->torch-geometric) (0.2.0)
Requirement already satisfied: oauthlib>=3.0.0 in /mnt/aiongpfs/users/mgiorgi/venv_aion/lib/python3.8/site-packages (from requests-oauthlib>=0.7.0->google-auth-oauthlib<1.1,>=0.5->tensorboard) (3.2.2)
Requirement already satisfied: pyasn1<0.7.0,>=0.4.6 in /mnt/aiongpfs/users/mgiorgi/venv_aion/lib/python3.8/site-packages (from pyasn1-modules>=0.2.1->google-auth<3,>=1.6.3->tensorboard) (0.6.1)
WARNING: You are using pip version 20.2.1; however, version 25.0.1 is available.
You should consider upgrading via the '/mnt/aiongpfs/users/mgiorgi/venv_aion/bin/python3 -m pip install --upgrade pip' command.
PyTorch version: 2.4.1+cu121
CUDA version: 12.1
nvcc is not installed or not in PATH.
Thu May 15 15:59:41 2025       
+-----------------------------------------------------------------------------------------+
| NVIDIA-SMI 565.57.01              Driver Version: 565.57.01      CUDA Version: 12.7     |
|-----------------------------------------+------------------------+----------------------+
| GPU  Name                 Persistence-M | Bus-Id          Disp.A | Volatile Uncorr. ECC |
| Fan  Temp   Perf          Pwr:Usage/Cap |           Memory-Usage | GPU-Util  Compute M. |
|                                         |                        |               MIG M. |
|=========================================+========================+======================|
|   0  Tesla V100-SXM2-16GB           On  |   00000000:1A:00.0 Off |                    0 |
| N/A   43C    P0             46W /  300W |       1MiB /  16384MiB |      0%      Default |
|                                         |                        |                  N/A |
+-----------------------------------------+------------------------+----------------------+
                                                                                         
+-----------------------------------------------------------------------------------------+
| Processes:                                                                              |
|  GPU   GI   CI        PID   Type   Process name                              GPU Memory |
|        ID   ID                                                               Usage      |
|=========================================================================================|
|  No running processes found                                                             |
+-----------------------------------------------------------------------------------------+
Loaded 4895 pairs from ./GNN/preprocessed/graph_matching/equal/original.pkl
Loaded 4895 pairs from ./GNN/preprocessed/partial_graph_matching/room_dropout_equal/noise.pkl
Loaded 3426 pairs from ./GNN/preprocessed/partial_graph_matching/room_dropout_equal/train_dataset.pkl
Loaded 734 pairs from ./GNN/preprocessed/partial_graph_matching/room_dropout_equal/valid_dataset.pkl
Loaded 735 pairs from ./GNN/preprocessed/partial_graph_matching/room_dropout_equal/test_dataset.pkl
Data(x=[111, 7], edge_index=[2, 216], name='1006', node_names=[111], permutation=[111])
Data(x=[100, 7], edge_index=[2, 194], name='1006', node_names=[100], permutation=[100])
tensor([[0., 0., 0.,  ..., 0., 0., 0.],
        [0., 0., 0.,  ..., 0., 0., 0.],
        [0., 0., 0.,  ..., 0., 0., 0.],
        ...,
        [0., 0., 0.,  ..., 0., 0., 0.],
        [0., 0., 0.,  ..., 0., 0., 0.],
        [0., 0., 0.,  ..., 0., 0., 0.]])
torch.Size([111, 100])
MatchingModel_GATv2SinkhornTopK(
  (gnn): ModuleList(
    (0): GATv2Conv(7, 64, heads=1)
    (1): GATv2Conv(64, 32, heads=1)
  )
  (dropout): Dropout(p=0.1, inplace=False)
  (inst_norm): InstanceNorm2d(1, eps=1e-05, momentum=0.1, affine=True, track_running_stats=False)
)
Number of parameters: 5378
Starting training...
[Epoch 0] Saved new best model.
Epoch 000 | Train Loss: 0.0794 | Val Loss: 0.0816 | Val Acc: 0.4963
[Epoch 1] Saved new best model.
Epoch 001 | Train Loss: 0.0784 | Val Loss: 0.0797 | Val Acc: 0.5767
[Epoch 2] Saved new best model.
Epoch 002 | Train Loss: 0.0774 | Val Loss: 0.0780 | Val Acc: 0.6665
[Epoch 3] Saved new best model.
Epoch 003 | Train Loss: 0.0762 | Val Loss: 0.0750 | Val Acc: 0.7788
[Epoch 4] Saved new best model.
Epoch 004 | Train Loss: 0.0751 | Val Loss: 0.0728 | Val Acc: 0.8374
[Epoch 5] Saved new best model.
Epoch 005 | Train Loss: 0.0740 | Val Loss: 0.0708 | Val Acc: 0.8646
[Epoch 6] Saved new best model.
Epoch 006 | Train Loss: 0.0731 | Val Loss: 0.0690 | Val Acc: 0.8824
[Epoch 7] Saved new best model.
Epoch 007 | Train Loss: 0.0722 | Val Loss: 0.0678 | Val Acc: 0.8891
[Epoch 8] Saved new best model.
Epoch 008 | Train Loss: 0.0715 | Val Loss: 0.0663 | Val Acc: 0.8975
[Epoch 9] Saved new best model.
Epoch 009 | Train Loss: 0.0709 | Val Loss: 0.0653 | Val Acc: 0.9026
[Epoch 10] Saved new best model.
Epoch 010 | Train Loss: 0.0704 | Val Loss: 0.0640 | Val Acc: 0.9055
[Epoch 11] Saved new best model.
Epoch 011 | Train Loss: 0.0698 | Val Loss: 0.0629 | Val Acc: 0.9109
[Epoch 12] Saved new best model.
Epoch 012 | Train Loss: 0.0691 | Val Loss: 0.0624 | Val Acc: 0.9114
[Epoch 13] Saved new best model.
Epoch 013 | Train Loss: 0.0687 | Val Loss: 0.0616 | Val Acc: 0.9125
[Epoch 14] Saved new best model.
Epoch 014 | Train Loss: 0.0684 | Val Loss: 0.0611 | Val Acc: 0.9133
[Epoch 15] Saved new best model.
Epoch 015 | Train Loss: 0.0680 | Val Loss: 0.0605 | Val Acc: 0.9162
Epoch 016 | Train Loss: 0.0678 | Val Loss: 0.0605 | Val Acc: 0.9147
[Epoch 17] Saved new best model.
Epoch 017 | Train Loss: 0.0674 | Val Loss: 0.0599 | Val Acc: 0.9194
[Epoch 18] Saved new best model.
Epoch 018 | Train Loss: 0.0674 | Val Loss: 0.0594 | Val Acc: 0.9191
[Epoch 19] Saved new best model.
Epoch 019 | Train Loss: 0.0669 | Val Loss: 0.0593 | Val Acc: 0.9202
[Epoch 20] Saved new best model.
Epoch 020 | Train Loss: 0.0667 | Val Loss: 0.0591 | Val Acc: 0.9217
[Epoch 21] Saved new best model.
Epoch 021 | Train Loss: 0.0666 | Val Loss: 0.0589 | Val Acc: 0.9226
[Epoch 22] Saved new best model.
Epoch 022 | Train Loss: 0.0663 | Val Loss: 0.0587 | Val Acc: 0.9238
Epoch 023 | Train Loss: 0.0660 | Val Loss: 0.0587 | Val Acc: 0.9205
[Epoch 24] Saved new best model.
Epoch 024 | Train Loss: 0.0662 | Val Loss: 0.0585 | Val Acc: 0.9247
[Epoch 25] Saved new best model.
Epoch 025 | Train Loss: 0.0658 | Val Loss: 0.0585 | Val Acc: 0.9256
[Epoch 26] Saved new best model.
Epoch 026 | Train Loss: 0.0658 | Val Loss: 0.0582 | Val Acc: 0.9210
[Epoch 27] Saved new best model.
Epoch 027 | Train Loss: 0.0655 | Val Loss: 0.0581 | Val Acc: 0.9259
Epoch 028 | Train Loss: 0.0656 | Val Loss: 0.0581 | Val Acc: 0.9257
[Epoch 29] Saved new best model.
Epoch 029 | Train Loss: 0.0654 | Val Loss: 0.0579 | Val Acc: 0.9247
[Epoch 30] Saved new best model.
Epoch 030 | Train Loss: 0.0653 | Val Loss: 0.0578 | Val Acc: 0.9298
[Epoch 31] Saved new best model.
Epoch 031 | Train Loss: 0.0651 | Val Loss: 0.0577 | Val Acc: 0.9269
Epoch 032 | Train Loss: 0.0653 | Val Loss: 0.0582 | Val Acc: 0.9260
[Epoch 33] Saved new best model.
Epoch 033 | Train Loss: 0.0649 | Val Loss: 0.0576 | Val Acc: 0.9266
[Epoch 34] Saved new best model.
Epoch 034 | Train Loss: 0.0648 | Val Loss: 0.0576 | Val Acc: 0.9308
[Epoch 35] Saved new best model.
Epoch 035 | Train Loss: 0.0648 | Val Loss: 0.0575 | Val Acc: 0.9312
[Epoch 36] Saved new best model.
Epoch 036 | Train Loss: 0.0647 | Val Loss: 0.0574 | Val Acc: 0.9286
[Epoch 37] Saved new best model.
Epoch 037 | Train Loss: 0.0649 | Val Loss: 0.0573 | Val Acc: 0.9305
[Epoch 38] Saved new best model.
Epoch 038 | Train Loss: 0.0650 | Val Loss: 0.0573 | Val Acc: 0.9279
[Epoch 39] Saved new best model.
Epoch 039 | Train Loss: 0.0643 | Val Loss: 0.0572 | Val Acc: 0.9279
Epoch 040 | Train Loss: 0.0644 | Val Loss: 0.0573 | Val Acc: 0.9293
Epoch 041 | Train Loss: 0.0645 | Val Loss: 0.0573 | Val Acc: 0.9302
Epoch 042 | Train Loss: 0.0645 | Val Loss: 0.0573 | Val Acc: 0.9286
Epoch 043 | Train Loss: 0.0648 | Val Loss: 0.0573 | Val Acc: 0.9300
[Epoch 44] Saved new best model.
Epoch 044 | Train Loss: 0.0645 | Val Loss: 0.0571 | Val Acc: 0.9310
Epoch 045 | Train Loss: 0.0646 | Val Loss: 0.0575 | Val Acc: 0.9328
[Epoch 46] Saved new best model.
Epoch 046 | Train Loss: 0.0641 | Val Loss: 0.0570 | Val Acc: 0.9315
Epoch 047 | Train Loss: 0.0642 | Val Loss: 0.0571 | Val Acc: 0.9295
Epoch 048 | Train Loss: 0.0642 | Val Loss: 0.0571 | Val Acc: 0.9340
[Epoch 49] Saved new best model.
Epoch 049 | Train Loss: 0.0641 | Val Loss: 0.0570 | Val Acc: 0.9358
[Epoch 50] Saved new best model.
Epoch 050 | Train Loss: 0.0643 | Val Loss: 0.0569 | Val Acc: 0.9348
[Epoch 51] Saved new best model.
Epoch 051 | Train Loss: 0.0641 | Val Loss: 0.0567 | Val Acc: 0.9351
Epoch 052 | Train Loss: 0.0643 | Val Loss: 0.0568 | Val Acc: 0.9339
Epoch 053 | Train Loss: 0.0642 | Val Loss: 0.0569 | Val Acc: 0.9320
Epoch 054 | Train Loss: 0.0640 | Val Loss: 0.0568 | Val Acc: 0.9328
Epoch 055 | Train Loss: 0.0638 | Val Loss: 0.0568 | Val Acc: 0.9309
[Epoch 56] Saved new best model.
Epoch 056 | Train Loss: 0.0637 | Val Loss: 0.0567 | Val Acc: 0.9339
Epoch 057 | Train Loss: 0.0638 | Val Loss: 0.0569 | Val Acc: 0.9321
[Epoch 58] Saved new best model.
Epoch 058 | Train Loss: 0.0638 | Val Loss: 0.0567 | Val Acc: 0.9335
[Epoch 59] Saved new best model.
Epoch 059 | Train Loss: 0.0639 | Val Loss: 0.0565 | Val Acc: 0.9357
[Epoch 60] Saved new best model.
Epoch 060 | Train Loss: 0.0639 | Val Loss: 0.0565 | Val Acc: 0.9371
Epoch 061 | Train Loss: 0.0641 | Val Loss: 0.0565 | Val Acc: 0.9345
[Epoch 62] Saved new best model.
Epoch 062 | Train Loss: 0.0638 | Val Loss: 0.0565 | Val Acc: 0.9370
Epoch 063 | Train Loss: 0.0637 | Val Loss: 0.0569 | Val Acc: 0.9288
Epoch 064 | Train Loss: 0.0640 | Val Loss: 0.0565 | Val Acc: 0.9378
[Epoch 65] Saved new best model.
Epoch 065 | Train Loss: 0.0639 | Val Loss: 0.0564 | Val Acc: 0.9359
Epoch 066 | Train Loss: 0.0637 | Val Loss: 0.0565 | Val Acc: 0.9341
Epoch 067 | Train Loss: 0.0636 | Val Loss: 0.0566 | Val Acc: 0.9353
Epoch 068 | Train Loss: 0.0637 | Val Loss: 0.0567 | Val Acc: 0.9306
Epoch 069 | Train Loss: 0.0635 | Val Loss: 0.0566 | Val Acc: 0.9376
[Epoch 70] Saved new best model.
Epoch 070 | Train Loss: 0.0640 | Val Loss: 0.0564 | Val Acc: 0.9395
Epoch 071 | Train Loss: 0.0638 | Val Loss: 0.0565 | Val Acc: 0.9384
[Epoch 72] Saved new best model.
Epoch 072 | Train Loss: 0.0636 | Val Loss: 0.0564 | Val Acc: 0.9350
Epoch 073 | Train Loss: 0.0636 | Val Loss: 0.0566 | Val Acc: 0.9367
Epoch 074 | Train Loss: 0.0635 | Val Loss: 0.0564 | Val Acc: 0.9362
[Epoch 75] Saved new best model.
Epoch 075 | Train Loss: 0.0635 | Val Loss: 0.0564 | Val Acc: 0.9361
[Epoch 76] Saved new best model.
Epoch 076 | Train Loss: 0.0636 | Val Loss: 0.0564 | Val Acc: 0.9389
Epoch 077 | Train Loss: 0.0634 | Val Loss: 0.0564 | Val Acc: 0.9350
Epoch 078 | Train Loss: 0.0634 | Val Loss: 0.0565 | Val Acc: 0.9338
Epoch 079 | Train Loss: 0.0635 | Val Loss: 0.0564 | Val Acc: 0.9338
Epoch 080 | Train Loss: 0.0633 | Val Loss: 0.0565 | Val Acc: 0.9352
Epoch 081 | Train Loss: 0.0638 | Val Loss: 0.0566 | Val Acc: 0.9340
Epoch 082 | Train Loss: 0.0635 | Val Loss: 0.0573 | Val Acc: 0.9340
[Epoch 83] Saved new best model.
Epoch 083 | Train Loss: 0.0635 | Val Loss: 0.0564 | Val Acc: 0.9376
[Epoch 84] Saved new best model.
Epoch 084 | Train Loss: 0.0634 | Val Loss: 0.0563 | Val Acc: 0.9367
[Epoch 85] Saved new best model.
Epoch 085 | Train Loss: 0.0634 | Val Loss: 0.0563 | Val Acc: 0.9331
Epoch 086 | Train Loss: 0.0636 | Val Loss: 0.0564 | Val Acc: 0.9399
[Epoch 87] Saved new best model.
Epoch 087 | Train Loss: 0.0635 | Val Loss: 0.0563 | Val Acc: 0.9381
[Epoch 88] Saved new best model.
Epoch 088 | Train Loss: 0.0633 | Val Loss: 0.0563 | Val Acc: 0.9354
[Epoch 89] Saved new best model.
Epoch 089 | Train Loss: 0.0633 | Val Loss: 0.0562 | Val Acc: 0.9362
Epoch 090 | Train Loss: 0.0633 | Val Loss: 0.0564 | Val Acc: 0.9361
Epoch 091 | Train Loss: 0.0634 | Val Loss: 0.0564 | Val Acc: 0.9339
Epoch 092 | Train Loss: 0.0635 | Val Loss: 0.0565 | Val Acc: 0.9368
Epoch 093 | Train Loss: 0.0635 | Val Loss: 0.0563 | Val Acc: 0.9383
Epoch 094 | Train Loss: 0.0634 | Val Loss: 0.0565 | Val Acc: 0.9321
Epoch 095 | Train Loss: 0.0635 | Val Loss: 0.0563 | Val Acc: 0.9357
Epoch 096 | Train Loss: 0.0637 | Val Loss: 0.0565 | Val Acc: 0.9368
Epoch 097 | Train Loss: 0.0636 | Val Loss: 0.0563 | Val Acc: 0.9398
Epoch 098 | Train Loss: 0.0631 | Val Loss: 0.0563 | Val Acc: 0.9338
Epoch 099 | Train Loss: 0.0636 | Val Loss: 0.0563 | Val Acc: 0.9385
Early stopping triggered at epoch 99. Best was 89.
Final model saved.
MoviePy - Building file ./GNN/models/partial_graph_matching/room_dropout_equal/embeddings_evolution.gif with imageio.
t:   0%|          | 0/20 [00:00<?, ?it/s, now=None]                                                   GIF saved at: ./GNN/models/partial_graph_matching/room_dropout_equal/embeddings_evolution.gif
Test Accuracy: 0.9342 | Test Loss: 0.0546
Graph 0: Errors found: 10
Graph 2: Errors found: 8
Graph 3: Errors found: 8
Graph 5: Errors found: 30
Graph 8: Errors found: 8
Graph 10: Errors found: 8
Graph 11: Errors found: 4
Graph 14: Errors found: 10
Graph 15: Errors found: 10
Graph 16: Errors found: 4
Graph 17: Errors found: 6
Graph 18: Errors found: 4
Graph 20: Errors found: 12
Graph 22: Errors found: 6
Graph 23: Errors found: 4
Graph 24: Errors found: 18
Graph 27: Errors found: 16
Graph 29: Errors found: 6
Graph 32: Errors found: 12
Graph 35: Errors found: 2
Graph 37: Errors found: 6
Graph 38: Errors found: 6
Graph 39: Errors found: 6
Graph 40: Errors found: 4
Graph 41: Errors found: 4
Graph 42: Errors found: 8
Graph 45: Errors found: 8
Graph 46: Errors found: 6
Graph 47: Errors found: 4
Graph 48: Errors found: 4
Graph 49: Errors found: 16
Graph 50: Errors found: 2
Graph 51: Errors found: 8
Graph 53: Errors found: 14
Graph 54: Errors found: 14
Graph 55: Errors found: 20
Graph 56: Errors found: 2
Graph 58: Errors found: 16
Graph 61: Errors found: 8
Graph 62: Errors found: 4
Graph 63: Errors found: 6
Graph 64: Errors found: 6
Graph 69: Errors found: 6
Graph 71: Errors found: 4
Graph 72: Errors found: 22
Graph 73: Errors found: 10
Graph 74: Errors found: 2
Graph 75: Errors found: 16
Graph 78: Errors found: 10
Graph 79: Errors found: 8
Graph 80: Errors found: 8
Graph 83: Errors found: 8
Graph 85: Errors found: 12
Graph 86: Errors found: 20
Graph 87: Errors found: 2
Graph 89: Errors found: 14
Graph 90: Errors found: 2
Graph 93: Errors found: 4
Graph 94: Errors found: 8
Graph 95: Errors found: 4
Graph 96: Errors found: 2
Graph 98: Errors found: 8
Graph 101: Errors found: 18
Graph 102: Errors found: 10
Graph 103: Errors found: 4
Graph 104: Errors found: 10
Graph 105: Errors found: 10
Graph 106: Errors found: 4
Graph 107: Errors found: 2
Graph 108: Errors found: 4
Graph 110: Errors found: 2
Graph 111: Errors found: 16
Graph 113: Errors found: 10
Graph 115: Errors found: 4
Graph 116: Errors found: 12
Graph 117: Errors found: 8
Graph 119: Errors found: 8
Graph 120: Errors found: 8
Graph 122: Errors found: 10
Graph 123: Errors found: 30
Graph 124: Errors found: 8
Graph 125: Errors found: 8
Graph 126: Errors found: 28
Graph 129: Errors found: 4
Graph 133: Errors found: 8
Graph 134: Errors found: 8
Graph 135: Errors found: 6
Graph 136: Errors found: 4
Graph 137: Errors found: 4
Graph 139: Errors found: 4
Graph 140: Errors found: 6
Graph 141: Errors found: 10
Graph 142: Errors found: 4
Graph 144: Errors found: 14
Graph 148: Errors found: 20
Graph 149: Errors found: 2
Graph 151: Errors found: 16
Graph 152: Errors found: 4
Graph 154: Errors found: 2
Graph 157: Errors found: 6
Graph 158: Errors found: 4
Graph 159: Errors found: 12
Graph 160: Errors found: 18
Graph 161: Errors found: 12
Graph 163: Errors found: 22
Graph 164: Errors found: 12
Graph 165: Errors found: 2
Graph 167: Errors found: 12
Graph 169: Errors found: 4
Graph 170: Errors found: 22
Graph 171: Errors found: 6
Graph 172: Errors found: 16
Graph 173: Errors found: 10
Graph 179: Errors found: 6
Graph 180: Errors found: 24
Graph 181: Errors found: 14
Graph 182: Errors found: 2
Graph 183: Errors found: 8
Graph 184: Errors found: 14
Graph 185: Errors found: 26
Graph 186: Errors found: 8
Graph 188: Errors found: 4
Graph 190: Errors found: 10
Graph 191: Errors found: 14
Graph 194: Errors found: 8
Graph 197: Errors found: 4
Graph 199: Errors found: 6
Graph 201: Errors found: 6
Graph 202: Errors found: 14
Graph 204: Errors found: 10
Graph 205: Errors found: 6
Graph 206: Errors found: 6
Graph 207: Errors found: 6
Graph 208: Errors found: 10
Graph 209: Errors found: 8
Graph 211: Errors found: 4
Graph 213: Errors found: 4
Graph 214: Errors found: 10
Graph 216: Errors found: 24
Graph 217: Errors found: 24
Graph 218: Errors found: 8
Graph 219: Errors found: 18
Graph 220: Errors found: 22
Graph 221: Errors found: 16
Graph 222: Errors found: 14
Graph 224: Errors found: 6
Graph 225: Errors found: 12
Graph 228: Errors found: 14
Graph 229: Errors found: 10
Graph 231: Errors found: 10
Graph 232: Errors found: 10
Graph 233: Errors found: 6
Graph 235: Errors found: 8
Graph 236: Errors found: 14
Graph 239: Errors found: 10
Graph 241: Errors found: 6
Graph 242: Errors found: 8
Graph 243: Errors found: 12
Graph 244: Errors found: 10
Graph 245: Errors found: 2
Graph 248: Errors found: 22
Graph 250: Errors found: 2
Graph 252: Errors found: 10
Graph 255: Errors found: 4
Graph 257: Errors found: 4
Graph 258: Errors found: 4
Graph 259: Errors found: 14
Graph 260: Errors found: 8
Graph 261: Errors found: 12
Graph 262: Errors found: 4
Graph 263: Errors found: 4
Graph 267: Errors found: 4
Graph 268: Errors found: 4
Graph 269: Errors found: 20
Graph 270: Errors found: 8
Graph 273: Errors found: 10
Graph 274: Errors found: 8
Graph 275: Errors found: 14
Graph 276: Errors found: 16
Graph 277: Errors found: 10
Graph 282: Errors found: 4
Graph 283: Errors found: 14
Graph 285: Errors found: 6
Graph 286: Errors found: 4
Graph 289: Errors found: 14
Graph 292: Errors found: 4
Graph 293: Errors found: 14
Graph 294: Errors found: 8
Graph 295: Errors found: 6
Graph 297: Errors found: 6
Graph 298: Errors found: 14
Graph 299: Errors found: 4
Graph 300: Errors found: 6
Graph 301: Errors found: 8
Graph 302: Errors found: 8
Graph 303: Errors found: 6
Graph 304: Errors found: 12
Graph 305: Errors found: 8
Graph 308: Errors found: 10
Graph 309: Errors found: 2
Graph 310: Errors found: 12
Graph 311: Errors found: 4
Graph 313: Errors found: 12
Graph 316: Errors found: 8
Graph 317: Errors found: 12
Graph 318: Errors found: 10
Graph 319: Errors found: 6
Graph 320: Errors found: 8
Graph 322: Errors found: 2
Graph 324: Errors found: 14
Graph 325: Errors found: 2
Graph 328: Errors found: 4
Graph 329: Errors found: 10
Graph 330: Errors found: 6
Graph 331: Errors found: 10
Graph 332: Errors found: 2
Graph 333: Errors found: 8
Graph 334: Errors found: 2
Graph 336: Errors found: 10
Graph 337: Errors found: 8
Graph 338: Errors found: 10
Graph 339: Errors found: 12
Graph 342: Errors found: 4
Graph 345: Errors found: 8
Graph 347: Errors found: 6
Graph 349: Errors found: 12
Graph 350: Errors found: 12
Graph 351: Errors found: 12
Graph 352: Errors found: 6
Graph 354: Errors found: 8
Graph 355: Errors found: 2
Graph 356: Errors found: 10
Graph 358: Errors found: 4
Graph 359: Errors found: 12
Graph 360: Errors found: 2
Graph 361: Errors found: 6
Graph 362: Errors found: 2
Graph 363: Errors found: 6
Graph 364: Errors found: 12
Graph 365: Errors found: 4
Graph 366: Errors found: 6
Graph 368: Errors found: 10
Graph 369: Errors found: 4
Graph 371: Errors found: 4
Graph 372: Errors found: 10
Graph 374: Errors found: 6
Graph 375: Errors found: 8
Graph 376: Errors found: 10
Graph 377: Errors found: 6
Graph 379: Errors found: 4
Graph 380: Errors found: 6
Graph 381: Errors found: 12
Graph 383: Errors found: 6
Graph 384: Errors found: 16
Graph 385: Errors found: 18
Graph 388: Errors found: 6
Graph 391: Errors found: 12
Graph 392: Errors found: 10
Graph 393: Errors found: 14
Graph 394: Errors found: 2
Graph 397: Errors found: 4
Graph 398: Errors found: 12
Graph 401: Errors found: 16
Graph 404: Errors found: 4
Graph 406: Errors found: 38
Graph 409: Errors found: 4
Graph 411: Errors found: 12
Graph 415: Errors found: 10
Graph 417: Errors found: 8
Graph 418: Errors found: 4
Graph 419: Errors found: 30
Graph 420: Errors found: 2
Graph 421: Errors found: 4
Graph 424: Errors found: 2
Graph 427: Errors found: 4
Graph 428: Errors found: 6
Graph 430: Errors found: 10
Graph 432: Errors found: 6
Graph 433: Errors found: 8
Graph 434: Errors found: 12
Graph 437: Errors found: 4
Graph 440: Errors found: 12
Graph 441: Errors found: 10
Graph 442: Errors found: 10
Graph 444: Errors found: 4
Graph 446: Errors found: 6
Graph 447: Errors found: 12
Graph 451: Errors found: 10
Graph 452: Errors found: 18
Graph 453: Errors found: 4
Graph 454: Errors found: 8
Graph 455: Errors found: 4
Graph 458: Errors found: 14
Graph 459: Errors found: 18
Graph 460: Errors found: 16
Graph 461: Errors found: 4
Graph 462: Errors found: 12
Graph 463: Errors found: 4
Graph 464: Errors found: 22
Graph 465: Errors found: 12
Graph 466: Errors found: 4
Graph 467: Errors found: 10
Graph 468: Errors found: 2
Graph 469: Errors found: 6
Graph 471: Errors found: 6
Graph 473: Errors found: 6
Graph 474: Errors found: 12
Graph 476: Errors found: 10
Graph 477: Errors found: 2
Graph 479: Errors found: 8
Graph 480: Errors found: 2
Graph 481: Errors found: 6
Graph 482: Errors found: 6
Graph 484: Errors found: 8
Graph 485: Errors found: 4
Graph 488: Errors found: 8
Graph 489: Errors found: 14
Graph 490: Errors found: 16
Graph 491: Errors found: 6
Graph 492: Errors found: 2
Graph 494: Errors found: 4
Graph 495: Errors found: 6
Graph 498: Errors found: 20
Graph 499: Errors found: 4
Graph 500: Errors found: 6
Graph 501: Errors found: 10
Graph 503: Errors found: 20
Graph 504: Errors found: 4
Graph 506: Errors found: 2
Graph 507: Errors found: 8
Graph 510: Errors found: 6
Graph 511: Errors found: 12
Graph 513: Errors found: 8
Graph 514: Errors found: 4
Graph 515: Errors found: 14
Graph 517: Errors found: 8
Graph 519: Errors found: 14
Graph 521: Errors found: 10
Graph 522: Errors found: 4
Graph 525: Errors found: 4
Graph 528: Errors found: 8
Graph 529: Errors found: 6
Graph 530: Errors found: 6
Graph 532: Errors found: 16
Graph 533: Errors found: 2
Graph 534: Errors found: 12
Graph 536: Errors found: 8
Graph 537: Errors found: 8
Graph 539: Errors found: 2
Graph 541: Errors found: 24
Graph 544: Errors found: 8
Graph 545: Errors found: 4
Graph 548: Errors found: 6
Graph 550: Errors found: 12
Graph 553: Errors found: 14
Graph 555: Errors found: 4
Graph 556: Errors found: 12
Graph 557: Errors found: 2
Graph 558: Errors found: 12
Graph 560: Errors found: 6
Graph 563: Errors found: 6
Graph 564: Errors found: 2
Graph 565: Errors found: 12
Graph 567: Errors found: 2
Graph 568: Errors found: 16
Graph 569: Errors found: 4
Graph 570: Errors found: 6
Graph 572: Errors found: 16
Graph 573: Errors found: 32
Graph 576: Errors found: 16
Graph 577: Errors found: 16
Graph 581: Errors found: 10
Graph 582: Errors found: 12
Graph 583: Errors found: 6
Graph 585: Errors found: 4
Graph 587: Errors found: 4
Graph 588: Errors found: 22
Graph 589: Errors found: 6
Graph 590: Errors found: 16
Graph 593: Errors found: 12
Graph 594: Errors found: 12
Graph 595: Errors found: 8
Graph 597: Errors found: 6
Graph 599: Errors found: 6
Graph 600: Errors found: 6
Graph 601: Errors found: 2
Graph 602: Errors found: 10
Graph 603: Errors found: 10
Graph 604: Errors found: 14
Graph 605: Errors found: 16
Graph 606: Errors found: 12
Graph 608: Errors found: 4
Graph 610: Errors found: 8
Graph 611: Errors found: 4
Graph 613: Errors found: 4
Graph 615: Errors found: 8
Graph 616: Errors found: 10
Graph 617: Errors found: 18
Graph 618: Errors found: 8
Graph 619: Errors found: 16
Graph 620: Errors found: 6
Graph 621: Errors found: 8
Graph 622: Errors found: 8
Graph 623: Errors found: 2
Graph 624: Errors found: 18
Graph 625: Errors found: 8
Graph 626: Errors found: 4
Graph 627: Errors found: 12
Graph 628: Errors found: 4
Graph 629: Errors found: 6
Graph 630: Errors found: 2
Graph 631: Errors found: 6
Graph 632: Errors found: 6
Graph 633: Errors found: 14
Graph 636: Errors found: 4
Graph 637: Errors found: 4
Graph 638: Errors found: 18
Graph 639: Errors found: 2
Graph 640: Errors found: 6
Graph 641: Errors found: 16
Graph 643: Errors found: 16
Graph 644: Errors found: 6
Graph 645: Errors found: 6
Graph 646: Errors found: 12
Graph 647: Errors found: 20
Graph 648: Errors found: 10
Graph 649: Errors found: 2
Graph 650: Errors found: 2
Graph 652: Errors found: 10
Graph 653: Errors found: 2
Graph 654: Errors found: 14
Graph 656: Errors found: 10
Graph 657: Errors found: 6
Graph 658: Errors found: 12
Graph 660: Errors found: 18
Graph 661: Errors found: 8
Graph 663: Errors found: 6
Graph 664: Errors found: 4
Graph 667: Errors found: 4
Graph 668: Errors found: 2
Graph 669: Errors found: 2
Graph 670: Errors found: 16
Graph 671: Errors found: 8
Graph 673: Errors found: 6
Graph 674: Errors found: 6
Graph 675: Errors found: 14
Graph 678: Errors found: 18
Graph 679: Errors found: 12
Graph 680: Errors found: 14
Graph 681: Errors found: 2
Graph 682: Errors found: 4
Graph 683: Errors found: 10
Graph 684: Errors found: 16
Graph 685: Errors found: 4
Graph 686: Errors found: 4
Graph 688: Errors found: 6
Graph 689: Errors found: 12
Graph 690: Errors found: 4
Graph 692: Errors found: 14
Graph 697: Errors found: 8
Graph 698: Errors found: 4
Graph 699: Errors found: 2
Graph 700: Errors found: 6
Graph 701: Errors found: 8
Graph 702: Errors found: 14
Graph 704: Errors found: 2
Graph 705: Errors found: 4
Graph 707: Errors found: 8
Graph 712: Errors found: 16
Graph 713: Errors found: 4
Graph 714: Errors found: 4
Graph 715: Errors found: 6
Graph 716: Errors found: 8
Graph 717: Errors found: 14
Graph 718: Errors found: 6
Graph 719: Errors found: 16
Graph 720: Errors found: 18
Graph 725: Errors found: 4
Graph 728: Errors found: 2
Graph 731: Errors found: 6
Graph 732: Errors found: 12
Graph 734: Errors found: 4
Inference time: 0.028542 seconds (mean) ± 0.059356 seconds (std)
=== SLURM JOB ENDED ===
