=== SLURM JOB STARTED ===
Date: Thu May 15 15:59:25 CEST 2025
Running on node: iris-172
Job ID: 4129182
Job directory: /mnt/aiongpfs/users/mgiorgi/workspace/GNN_Notebooks
Current directory: /home/users/mgiorgi/workspace/GNN_Notebooks
Loaded modules:

Currently Loaded Modules:
  1) env/release/default (S)

  Where:
   S:  Module is Sticky, requires --force to unload or purge

 

The following modules were not unloaded:
  (Use "module --force purge" to unload all):

  1) env/release/default

Lmod is automatically replacing "env/release/default" with "env/legacy/2020b".

Activating virtualenv...
Python path: /mnt/aiongpfs/users/mgiorgi/venv_aion/bin/python3
Python 3.8.6
Checking GPU availability...
Thu May 15 15:59:26 2025       
+-----------------------------------------------------------------------------------------+
| NVIDIA-SMI 565.57.01              Driver Version: 565.57.01      CUDA Version: 12.7     |
|-----------------------------------------+------------------------+----------------------+
| GPU  Name                 Persistence-M | Bus-Id          Disp.A | Volatile Uncorr. ECC |
| Fan  Temp   Perf          Pwr:Usage/Cap |           Memory-Usage | GPU-Util  Compute M. |
|                                         |                        |               MIG M. |
|=========================================+========================+======================|
|   0  Tesla V100-SXM2-16GB           On  |   00000000:1C:00.0 Off |                    0 |
| N/A   42C    P0             67W /  300W |       1MiB /  16384MiB |      0%      Default |
|                                         |                        |                  N/A |
+-----------------------------------------+------------------------+----------------------+
                                                                                         
+-----------------------------------------------------------------------------------------+
| Processes:                                                                              |
|  GPU   GI   CI        PID   Type   Process name                              GPU Memory |
|        ID   ID                                                               Usage      |
|=========================================================================================|
|  No running processes found                                                             |
+-----------------------------------------------------------------------------------------+
CUDA available: True
CUDA device: Tesla V100-SXM2-16GB
Launching Python script...
Requirement already satisfied: torch in /mnt/aiongpfs/users/mgiorgi/venv_aion/lib/python3.8/site-packages (2.4.1)
Requirement already satisfied: torch-geometric in /mnt/aiongpfs/users/mgiorgi/venv_aion/lib/python3.8/site-packages (2.6.1)
Requirement already satisfied: scikit-learn in /mnt/aiongpfs/users/mgiorgi/venv_aion/lib/python3.8/site-packages (1.3.2)
Requirement already satisfied: pandas in /mnt/aiongpfs/users/mgiorgi/venv_aion/lib/python3.8/site-packages (2.0.3)
Requirement already satisfied: shapely in /mnt/aiongpfs/users/mgiorgi/venv_aion/lib/python3.8/site-packages (2.0.7)
Requirement already satisfied: seaborn in /mnt/aiongpfs/users/mgiorgi/venv_aion/lib/python3.8/site-packages (0.13.2)
Requirement already satisfied: pygmtools in /mnt/aiongpfs/users/mgiorgi/venv_aion/lib/python3.8/site-packages (0.5.3)
Requirement already satisfied: numpy in /mnt/aiongpfs/users/mgiorgi/venv_aion/lib/python3.8/site-packages (1.24.3)
Requirement already satisfied: moviepy<2.0.0 in /mnt/aiongpfs/users/mgiorgi/venv_aion/lib/python3.8/site-packages (1.0.3)
Requirement already satisfied: matplotlib in /mnt/aiongpfs/users/mgiorgi/venv_aion/lib/python3.8/site-packages (3.7.5)
Requirement already satisfied: tensorboard in /mnt/aiongpfs/users/mgiorgi/venv_aion/lib/python3.8/site-packages (2.13.0)
Requirement already satisfied: optuna in /mnt/aiongpfs/users/mgiorgi/venv_aion/lib/python3.8/site-packages (4.2.1)
Requirement already satisfied: plotly in /mnt/aiongpfs/users/mgiorgi/venv_aion/lib/python3.8/site-packages (6.0.1)
Requirement already satisfied: kaleido in /mnt/aiongpfs/users/mgiorgi/venv_aion/lib/python3.8/site-packages (0.2.1)
Requirement already satisfied: nvidia-curand-cu12==10.3.2.106; platform_system == "Linux" and platform_machine == "x86_64" in /mnt/aiongpfs/users/mgiorgi/venv_aion/lib/python3.8/site-packages (from torch) (10.3.2.106)
Requirement already satisfied: jinja2 in /mnt/aiongpfs/users/mgiorgi/venv_aion/lib/python3.8/site-packages (from torch) (3.1.6)
Requirement already satisfied: sympy in /mnt/aiongpfs/users/mgiorgi/venv_aion/lib/python3.8/site-packages (from torch) (1.13.3)
Requirement already satisfied: fsspec in /mnt/aiongpfs/users/mgiorgi/venv_aion/lib/python3.8/site-packages (from torch) (2025.3.0)
Requirement already satisfied: nvidia-cuda-runtime-cu12==12.1.105; platform_system == "Linux" and platform_machine == "x86_64" in /mnt/aiongpfs/users/mgiorgi/venv_aion/lib/python3.8/site-packages (from torch) (12.1.105)
Requirement already satisfied: nvidia-cuda-nvrtc-cu12==12.1.105; platform_system == "Linux" and platform_machine == "x86_64" in /mnt/aiongpfs/users/mgiorgi/venv_aion/lib/python3.8/site-packages (from torch) (12.1.105)
Requirement already satisfied: nvidia-cuda-cupti-cu12==12.1.105; platform_system == "Linux" and platform_machine == "x86_64" in /mnt/aiongpfs/users/mgiorgi/venv_aion/lib/python3.8/site-packages (from torch) (12.1.105)
Requirement already satisfied: nvidia-cudnn-cu12==9.1.0.70; platform_system == "Linux" and platform_machine == "x86_64" in /mnt/aiongpfs/users/mgiorgi/venv_aion/lib/python3.8/site-packages (from torch) (9.1.0.70)
Requirement already satisfied: nvidia-nccl-cu12==2.20.5; platform_system == "Linux" and platform_machine == "x86_64" in /mnt/aiongpfs/users/mgiorgi/venv_aion/lib/python3.8/site-packages (from torch) (2.20.5)
Requirement already satisfied: nvidia-cusolver-cu12==11.4.5.107; platform_system == "Linux" and platform_machine == "x86_64" in /mnt/aiongpfs/users/mgiorgi/venv_aion/lib/python3.8/site-packages (from torch) (11.4.5.107)
Requirement already satisfied: typing-extensions>=4.8.0 in /mnt/aiongpfs/users/mgiorgi/venv_aion/lib/python3.8/site-packages (from torch) (4.12.2)
Requirement already satisfied: filelock in /mnt/aiongpfs/users/mgiorgi/venv_aion/lib/python3.8/site-packages (from torch) (3.16.1)
Requirement already satisfied: nvidia-cufft-cu12==11.0.2.54; platform_system == "Linux" and platform_machine == "x86_64" in /mnt/aiongpfs/users/mgiorgi/venv_aion/lib/python3.8/site-packages (from torch) (11.0.2.54)
Requirement already satisfied: nvidia-cusparse-cu12==12.1.0.106; platform_system == "Linux" and platform_machine == "x86_64" in /mnt/aiongpfs/users/mgiorgi/venv_aion/lib/python3.8/site-packages (from torch) (12.1.0.106)
Requirement already satisfied: triton==3.0.0; platform_system == "Linux" and platform_machine == "x86_64" and python_version < "3.13" in /mnt/aiongpfs/users/mgiorgi/venv_aion/lib/python3.8/site-packages (from torch) (3.0.0)
Requirement already satisfied: networkx in /mnt/aiongpfs/users/mgiorgi/venv_aion/lib/python3.8/site-packages (from torch) (3.1)
Requirement already satisfied: nvidia-nvtx-cu12==12.1.105; platform_system == "Linux" and platform_machine == "x86_64" in /mnt/aiongpfs/users/mgiorgi/venv_aion/lib/python3.8/site-packages (from torch) (12.1.105)
Requirement already satisfied: nvidia-cublas-cu12==12.1.3.1; platform_system == "Linux" and platform_machine == "x86_64" in /mnt/aiongpfs/users/mgiorgi/venv_aion/lib/python3.8/site-packages (from torch) (12.1.3.1)
Requirement already satisfied: aiohttp in /mnt/aiongpfs/users/mgiorgi/venv_aion/lib/python3.8/site-packages (from torch-geometric) (3.10.11)
Requirement already satisfied: pyparsing in /mnt/aiongpfs/users/mgiorgi/venv_aion/lib/python3.8/site-packages (from torch-geometric) (3.1.4)
Requirement already satisfied: tqdm in /mnt/aiongpfs/users/mgiorgi/venv_aion/lib/python3.8/site-packages (from torch-geometric) (4.67.1)
Requirement already satisfied: psutil>=5.8.0 in /mnt/aiongpfs/users/mgiorgi/venv_aion/lib/python3.8/site-packages (from torch-geometric) (7.0.0)
Requirement already satisfied: requests in /mnt/aiongpfs/users/mgiorgi/venv_aion/lib/python3.8/site-packages (from torch-geometric) (2.32.3)
Requirement already satisfied: joblib>=1.1.1 in /mnt/aiongpfs/users/mgiorgi/venv_aion/lib/python3.8/site-packages (from scikit-learn) (1.4.2)
Requirement already satisfied: threadpoolctl>=2.0.0 in /mnt/aiongpfs/users/mgiorgi/venv_aion/lib/python3.8/site-packages (from scikit-learn) (3.5.0)
Requirement already satisfied: scipy>=1.5.0 in /mnt/aiongpfs/users/mgiorgi/venv_aion/lib/python3.8/site-packages (from scikit-learn) (1.10.1)
Requirement already satisfied: pytz>=2020.1 in /mnt/aiongpfs/users/mgiorgi/venv_aion/lib/python3.8/site-packages (from pandas) (2025.1)
Requirement already satisfied: python-dateutil>=2.8.2 in /mnt/aiongpfs/users/mgiorgi/venv_aion/lib/python3.8/site-packages (from pandas) (2.9.0.post0)
Requirement already satisfied: tzdata>=2022.1 in /mnt/aiongpfs/users/mgiorgi/venv_aion/lib/python3.8/site-packages (from pandas) (2025.2)
Requirement already satisfied: easydict>=1.7 in /mnt/aiongpfs/users/mgiorgi/venv_aion/lib/python3.8/site-packages (from pygmtools) (1.13)
Requirement already satisfied: appdirs>=1.4.4 in /mnt/aiongpfs/users/mgiorgi/venv_aion/lib/python3.8/site-packages (from pygmtools) (1.4.4)
Requirement already satisfied: Pillow>=7.2.0 in /mnt/aiongpfs/users/mgiorgi/venv_aion/lib/python3.8/site-packages (from pygmtools) (10.4.0)
Requirement already satisfied: async-timeout in /mnt/aiongpfs/users/mgiorgi/venv_aion/lib/python3.8/site-packages (from pygmtools) (5.0.1)
Requirement already satisfied: decorator<5.0,>=4.0.2 in /mnt/aiongpfs/users/mgiorgi/venv_aion/lib/python3.8/site-packages (from moviepy<2.0.0) (4.4.2)
Requirement already satisfied: proglog<=1.0.0 in /mnt/aiongpfs/users/mgiorgi/venv_aion/lib/python3.8/site-packages (from moviepy<2.0.0) (0.1.11)
Requirement already satisfied: imageio-ffmpeg>=0.2.0; python_version >= "3.4" in /mnt/aiongpfs/users/mgiorgi/venv_aion/lib/python3.8/site-packages (from moviepy<2.0.0) (0.5.1)
Requirement already satisfied: imageio<3.0,>=2.5; python_version >= "3.4" in /mnt/aiongpfs/users/mgiorgi/venv_aion/lib/python3.8/site-packages (from moviepy<2.0.0) (2.35.1)
Requirement already satisfied: kiwisolver>=1.0.1 in /mnt/aiongpfs/users/mgiorgi/venv_aion/lib/python3.8/site-packages (from matplotlib) (1.4.7)
Requirement already satisfied: importlib-resources>=3.2.0; python_version < "3.10" in /mnt/aiongpfs/users/mgiorgi/venv_aion/lib/python3.8/site-packages (from matplotlib) (6.4.5)
Requirement already satisfied: cycler>=0.10 in /mnt/aiongpfs/users/mgiorgi/venv_aion/lib/python3.8/site-packages (from matplotlib) (0.12.1)
Requirement already satisfied: fonttools>=4.22.0 in /mnt/aiongpfs/users/mgiorgi/venv_aion/lib/python3.8/site-packages (from matplotlib) (4.56.0)
Requirement already satisfied: contourpy>=1.0.1 in /mnt/aiongpfs/users/mgiorgi/venv_aion/lib/python3.8/site-packages (from matplotlib) (1.1.1)
Requirement already satisfied: packaging>=20.0 in /mnt/aiongpfs/users/mgiorgi/venv_aion/lib/python3.8/site-packages (from matplotlib) (24.2)
Requirement already satisfied: markdown>=2.6.8 in /mnt/aiongpfs/users/mgiorgi/venv_aion/lib/python3.8/site-packages (from tensorboard) (3.7)
Requirement already satisfied: protobuf>=3.19.6 in /mnt/aiongpfs/users/mgiorgi/venv_aion/lib/python3.8/site-packages (from tensorboard) (4.25.6)
Requirement already satisfied: setuptools>=41.0.0 in /mnt/aiongpfs/users/mgiorgi/venv_aion/lib/python3.8/site-packages (from tensorboard) (49.2.1)
Requirement already satisfied: grpcio>=1.48.2 in /mnt/aiongpfs/users/mgiorgi/venv_aion/lib/python3.8/site-packages (from tensorboard) (1.70.0)
Requirement already satisfied: wheel>=0.26 in /mnt/aiongpfs/users/mgiorgi/venv_aion/lib/python3.8/site-packages (from tensorboard) (0.45.1)
Requirement already satisfied: tensorboard-data-server<0.8.0,>=0.7.0 in /mnt/aiongpfs/users/mgiorgi/venv_aion/lib/python3.8/site-packages (from tensorboard) (0.7.2)
Requirement already satisfied: google-auth<3,>=1.6.3 in /mnt/aiongpfs/users/mgiorgi/venv_aion/lib/python3.8/site-packages (from tensorboard) (2.38.0)
Requirement already satisfied: werkzeug>=1.0.1 in /mnt/aiongpfs/users/mgiorgi/venv_aion/lib/python3.8/site-packages (from tensorboard) (3.0.6)
Requirement already satisfied: google-auth-oauthlib<1.1,>=0.5 in /mnt/aiongpfs/users/mgiorgi/venv_aion/lib/python3.8/site-packages (from tensorboard) (1.0.0)
Requirement already satisfied: absl-py>=0.4 in /mnt/aiongpfs/users/mgiorgi/venv_aion/lib/python3.8/site-packages (from tensorboard) (2.1.0)
Requirement already satisfied: colorlog in /mnt/aiongpfs/users/mgiorgi/venv_aion/lib/python3.8/site-packages (from optuna) (6.9.0)
Requirement already satisfied: alembic>=1.5.0 in /mnt/aiongpfs/users/mgiorgi/venv_aion/lib/python3.8/site-packages (from optuna) (1.14.1)
Requirement already satisfied: sqlalchemy>=1.4.2 in /mnt/aiongpfs/users/mgiorgi/venv_aion/lib/python3.8/site-packages (from optuna) (2.0.40)
Requirement already satisfied: PyYAML in /mnt/aiongpfs/users/mgiorgi/venv_aion/lib/python3.8/site-packages (from optuna) (6.0.2)
Requirement already satisfied: narwhals>=1.15.1 in /mnt/aiongpfs/users/mgiorgi/venv_aion/lib/python3.8/site-packages (from plotly) (1.39.0)
Requirement already satisfied: MarkupSafe>=2.0 in /mnt/aiongpfs/users/mgiorgi/venv_aion/lib/python3.8/site-packages (from jinja2->torch) (2.1.5)
Requirement already satisfied: mpmath<1.4,>=1.1.0 in /mnt/aiongpfs/users/mgiorgi/venv_aion/lib/python3.8/site-packages (from sympy->torch) (1.3.0)
Requirement already satisfied: nvidia-nvjitlink-cu12 in /mnt/aiongpfs/users/mgiorgi/venv_aion/lib/python3.8/site-packages (from nvidia-cusolver-cu12==11.4.5.107; platform_system == "Linux" and platform_machine == "x86_64"->torch) (12.8.93)
Requirement already satisfied: yarl<2.0,>=1.12.0 in /mnt/aiongpfs/users/mgiorgi/venv_aion/lib/python3.8/site-packages (from aiohttp->torch-geometric) (1.15.2)
Requirement already satisfied: attrs>=17.3.0 in /mnt/aiongpfs/users/mgiorgi/venv_aion/lib/python3.8/site-packages (from aiohttp->torch-geometric) (25.1.0)
Requirement already satisfied: aiosignal>=1.1.2 in /mnt/aiongpfs/users/mgiorgi/venv_aion/lib/python3.8/site-packages (from aiohttp->torch-geometric) (1.3.1)
Requirement already satisfied: aiohappyeyeballs>=2.3.0 in /mnt/aiongpfs/users/mgiorgi/venv_aion/lib/python3.8/site-packages (from aiohttp->torch-geometric) (2.4.4)
Requirement already satisfied: multidict<7.0,>=4.5 in /mnt/aiongpfs/users/mgiorgi/venv_aion/lib/python3.8/site-packages (from aiohttp->torch-geometric) (6.1.0)
Requirement already satisfied: frozenlist>=1.1.1 in /mnt/aiongpfs/users/mgiorgi/venv_aion/lib/python3.8/site-packages (from aiohttp->torch-geometric) (1.5.0)
Requirement already satisfied: certifi>=2017.4.17 in /mnt/aiongpfs/users/mgiorgi/venv_aion/lib/python3.8/site-packages (from requests->torch-geometric) (2025.1.31)
Requirement already satisfied: urllib3<3,>=1.21.1 in /mnt/aiongpfs/users/mgiorgi/venv_aion/lib/python3.8/site-packages (from requests->torch-geometric) (2.2.3)
Requirement already satisfied: charset-normalizer<4,>=2 in /mnt/aiongpfs/users/mgiorgi/venv_aion/lib/python3.8/site-packages (from requests->torch-geometric) (3.4.1)
Requirement already satisfied: idna<4,>=2.5 in /mnt/aiongpfs/users/mgiorgi/venv_aion/lib/python3.8/site-packages (from requests->torch-geometric) (3.10)
Requirement already satisfied: six>=1.5 in /mnt/aiongpfs/users/mgiorgi/venv_aion/lib/python3.8/site-packages (from python-dateutil>=2.8.2->pandas) (1.17.0)
Requirement already satisfied: zipp>=3.1.0; python_version < "3.10" in /mnt/aiongpfs/users/mgiorgi/venv_aion/lib/python3.8/site-packages (from importlib-resources>=3.2.0; python_version < "3.10"->matplotlib) (3.20.2)
Requirement already satisfied: importlib-metadata>=4.4; python_version < "3.10" in /mnt/aiongpfs/users/mgiorgi/venv_aion/lib/python3.8/site-packages (from markdown>=2.6.8->tensorboard) (8.5.0)
Requirement already satisfied: rsa<5,>=3.1.4 in /mnt/aiongpfs/users/mgiorgi/venv_aion/lib/python3.8/site-packages (from google-auth<3,>=1.6.3->tensorboard) (4.9)
Requirement already satisfied: pyasn1-modules>=0.2.1 in /mnt/aiongpfs/users/mgiorgi/venv_aion/lib/python3.8/site-packages (from google-auth<3,>=1.6.3->tensorboard) (0.4.1)
Requirement already satisfied: cachetools<6.0,>=2.0.0 in /mnt/aiongpfs/users/mgiorgi/venv_aion/lib/python3.8/site-packages (from google-auth<3,>=1.6.3->tensorboard) (5.5.2)
Requirement already satisfied: requests-oauthlib>=0.7.0 in /mnt/aiongpfs/users/mgiorgi/venv_aion/lib/python3.8/site-packages (from google-auth-oauthlib<1.1,>=0.5->tensorboard) (2.0.0)
Requirement already satisfied: Mako in /mnt/aiongpfs/users/mgiorgi/venv_aion/lib/python3.8/site-packages (from alembic>=1.5.0->optuna) (1.3.9)
Requirement already satisfied: greenlet>=1; python_version < "3.14" and (platform_machine == "aarch64" or (platform_machine == "ppc64le" or (platform_machine == "x86_64" or (platform_machine == "amd64" or (platform_machine == "AMD64" or (platform_machine == "win32" or platform_machine == "WIN32")))))) in /mnt/aiongpfs/users/mgiorgi/venv_aion/lib/python3.8/site-packages (from sqlalchemy>=1.4.2->optuna) (3.1.1)
Requirement already satisfied: propcache>=0.2.0 in /mnt/aiongpfs/users/mgiorgi/venv_aion/lib/python3.8/site-packages (from yarl<2.0,>=1.12.0->aiohttp->torch-geometric) (0.2.0)
Requirement already satisfied: pyasn1>=0.1.3 in /mnt/aiongpfs/users/mgiorgi/venv_aion/lib/python3.8/site-packages (from rsa<5,>=3.1.4->google-auth<3,>=1.6.3->tensorboard) (0.6.1)
Requirement already satisfied: oauthlib>=3.0.0 in /mnt/aiongpfs/users/mgiorgi/venv_aion/lib/python3.8/site-packages (from requests-oauthlib>=0.7.0->google-auth-oauthlib<1.1,>=0.5->tensorboard) (3.2.2)
WARNING: You are using pip version 20.2.1; however, version 25.0.1 is available.
You should consider upgrading via the '/mnt/aiongpfs/users/mgiorgi/venv_aion/bin/python3 -m pip install --upgrade pip' command.
PyTorch version: 2.4.1+cu121
CUDA version: 12.1
nvcc is not installed or not in PATH.
Thu May 15 15:59:41 2025       
+-----------------------------------------------------------------------------------------+
| NVIDIA-SMI 565.57.01              Driver Version: 565.57.01      CUDA Version: 12.7     |
|-----------------------------------------+------------------------+----------------------+
| GPU  Name                 Persistence-M | Bus-Id          Disp.A | Volatile Uncorr. ECC |
| Fan  Temp   Perf          Pwr:Usage/Cap |           Memory-Usage | GPU-Util  Compute M. |
|                                         |                        |               MIG M. |
|=========================================+========================+======================|
|   0  Tesla V100-SXM2-16GB           On  |   00000000:1C:00.0 Off |                    0 |
| N/A   41C    P0             45W /  300W |       1MiB /  16384MiB |      0%      Default |
|                                         |                        |                  N/A |
+-----------------------------------------+------------------------+----------------------+
                                                                                         
+-----------------------------------------------------------------------------------------+
| Processes:                                                                              |
|  GPU   GI   CI        PID   Type   Process name                              GPU Memory |
|        ID   ID                                                               Usage      |
|=========================================================================================|
|  No running processes found                                                             |
+-----------------------------------------------------------------------------------------+
Loaded 4895 pairs from ./GNN/preprocessed/graph_matching/equal/original.pkl
Loaded 4895 pairs from ./GNN/preprocessed/partial_graph_matching/room_dropout_noise/noise.pkl
Loaded 3426 pairs from ./GNN/preprocessed/partial_graph_matching/room_dropout_noise/train_dataset.pkl
Loaded 734 pairs from ./GNN/preprocessed/partial_graph_matching/room_dropout_noise/valid_dataset.pkl
Loaded 735 pairs from ./GNN/preprocessed/partial_graph_matching/room_dropout_noise/test_dataset.pkl
Data(x=[25, 7], edge_index=[2, 46], name='4110', node_names=[25], permutation=[25])
Data(x=[16, 7], edge_index=[2, 28], name='4110', node_names=[16], permutation=[16])
tensor([[0., 0., 0., 0., 0., 0., 0., 0., 0., 0., 1., 0., 0., 0., 0., 0.],
        [0., 1., 0., 0., 0., 0., 0., 0., 0., 0., 0., 0., 0., 0., 0., 0.],
        [0., 0., 0., 0., 0., 0., 0., 0., 0., 0., 0., 0., 0., 0., 1., 0.],
        [0., 0., 0., 1., 0., 0., 0., 0., 0., 0., 0., 0., 0., 0., 0., 0.],
        [0., 0., 0., 0., 0., 0., 1., 0., 0., 0., 0., 0., 0., 0., 0., 0.],
        [0., 0., 0., 0., 0., 0., 0., 0., 0., 1., 0., 0., 0., 0., 0., 0.],
        [0., 0., 0., 0., 0., 1., 0., 0., 0., 0., 0., 0., 0., 0., 0., 0.],
        [0., 0., 0., 0., 0., 0., 0., 1., 0., 0., 0., 0., 0., 0., 0., 0.],
        [0., 0., 0., 0., 0., 0., 0., 0., 0., 0., 0., 1., 0., 0., 0., 0.],
        [0., 0., 0., 0., 0., 0., 0., 0., 0., 0., 0., 0., 0., 0., 0., 0.],
        [0., 0., 0., 0., 0., 0., 0., 0., 0., 0., 0., 0., 0., 0., 0., 0.],
        [0., 0., 0., 0., 0., 0., 0., 0., 0., 0., 0., 0., 0., 0., 0., 0.],
        [0., 0., 0., 0., 0., 0., 0., 0., 0., 0., 0., 0., 0., 0., 0., 0.],
        [0., 0., 0., 0., 0., 0., 0., 0., 0., 0., 0., 0., 0., 0., 0., 0.],
        [0., 0., 0., 0., 0., 0., 0., 0., 0., 0., 0., 0., 0., 0., 0., 0.],
        [0., 0., 0., 0., 0., 0., 0., 0., 0., 0., 0., 0., 0., 0., 0., 0.],
        [0., 0., 0., 0., 0., 0., 0., 0., 0., 0., 0., 0., 0., 0., 0., 0.],
        [0., 0., 0., 0., 0., 0., 0., 0., 0., 0., 0., 0., 0., 0., 0., 0.],
        [0., 0., 0., 0., 0., 0., 0., 0., 0., 0., 0., 0., 0., 0., 0., 1.],
        [0., 0., 0., 0., 0., 0., 0., 0., 0., 0., 0., 0., 1., 0., 0., 0.],
        [0., 0., 0., 0., 1., 0., 0., 0., 0., 0., 0., 0., 0., 0., 0., 0.],
        [1., 0., 0., 0., 0., 0., 0., 0., 0., 0., 0., 0., 0., 0., 0., 0.],
        [0., 0., 1., 0., 0., 0., 0., 0., 0., 0., 0., 0., 0., 0., 0., 0.],
        [0., 0., 0., 0., 0., 0., 0., 0., 0., 0., 0., 0., 0., 1., 0., 0.],
        [0., 0., 0., 0., 0., 0., 0., 0., 1., 0., 0., 0., 0., 0., 0., 0.]])
torch.Size([25, 16])
MatchingModel_GATv2SinkhornTopK(
  (gnn): ModuleList(
    (0): GATv2Conv(7, 64, heads=1)
    (1): GATv2Conv(64, 32, heads=1)
  )
  (dropout): Dropout(p=0.1, inplace=False)
  (inst_norm): InstanceNorm2d(1, eps=1e-05, momentum=0.1, affine=True, track_running_stats=False)
)
Number of parameters: 5378
Starting training...
[Epoch 0] Saved new best model.
Epoch 000 | Train Loss: 0.0796 | Val Loss: 0.0870 | Val Acc: 0.1127
[Epoch 1] Saved new best model.
Epoch 001 | Train Loss: 0.0793 | Val Loss: 0.0867 | Val Acc: 0.1166
[Epoch 2] Saved new best model.
Epoch 002 | Train Loss: 0.0790 | Val Loss: 0.0861 | Val Acc: 0.1553
[Epoch 3] Saved new best model.
Epoch 003 | Train Loss: 0.0787 | Val Loss: 0.0853 | Val Acc: 0.2302
[Epoch 4] Saved new best model.
Epoch 004 | Train Loss: 0.0784 | Val Loss: 0.0838 | Val Acc: 0.3502
[Epoch 5] Saved new best model.
Epoch 005 | Train Loss: 0.0780 | Val Loss: 0.0822 | Val Acc: 0.4671
[Epoch 6] Saved new best model.
Epoch 006 | Train Loss: 0.0771 | Val Loss: 0.0807 | Val Acc: 0.5458
[Epoch 7] Saved new best model.
Epoch 007 | Train Loss: 0.0763 | Val Loss: 0.0787 | Val Acc: 0.6072
[Epoch 8] Saved new best model.
Epoch 008 | Train Loss: 0.0758 | Val Loss: 0.0777 | Val Acc: 0.6423
[Epoch 9] Saved new best model.
Epoch 009 | Train Loss: 0.0754 | Val Loss: 0.0768 | Val Acc: 0.6651
[Epoch 10] Saved new best model.
Epoch 010 | Train Loss: 0.0749 | Val Loss: 0.0756 | Val Acc: 0.7069
[Epoch 11] Saved new best model.
Epoch 011 | Train Loss: 0.0746 | Val Loss: 0.0747 | Val Acc: 0.7369
[Epoch 12] Saved new best model.
Epoch 012 | Train Loss: 0.0742 | Val Loss: 0.0744 | Val Acc: 0.7470
[Epoch 13] Saved new best model.
Epoch 013 | Train Loss: 0.0740 | Val Loss: 0.0738 | Val Acc: 0.7611
[Epoch 14] Saved new best model.
Epoch 014 | Train Loss: 0.0737 | Val Loss: 0.0731 | Val Acc: 0.7783
[Epoch 15] Saved new best model.
Epoch 015 | Train Loss: 0.0735 | Val Loss: 0.0726 | Val Acc: 0.7908
[Epoch 16] Saved new best model.
Epoch 016 | Train Loss: 0.0733 | Val Loss: 0.0719 | Val Acc: 0.8063
[Epoch 17] Saved new best model.
Epoch 017 | Train Loss: 0.0730 | Val Loss: 0.0713 | Val Acc: 0.8140
[Epoch 18] Saved new best model.
Epoch 018 | Train Loss: 0.0727 | Val Loss: 0.0708 | Val Acc: 0.8240
[Epoch 19] Saved new best model.
Epoch 019 | Train Loss: 0.0723 | Val Loss: 0.0702 | Val Acc: 0.8316
[Epoch 20] Saved new best model.
Epoch 020 | Train Loss: 0.0723 | Val Loss: 0.0696 | Val Acc: 0.8343
[Epoch 21] Saved new best model.
Epoch 021 | Train Loss: 0.0718 | Val Loss: 0.0694 | Val Acc: 0.8423
Epoch 022 | Train Loss: 0.0718 | Val Loss: 0.0694 | Val Acc: 0.8432
[Epoch 23] Saved new best model.
Epoch 023 | Train Loss: 0.0715 | Val Loss: 0.0682 | Val Acc: 0.8531
Epoch 024 | Train Loss: 0.0713 | Val Loss: 0.0685 | Val Acc: 0.8523
[Epoch 25] Saved new best model.
Epoch 025 | Train Loss: 0.0713 | Val Loss: 0.0678 | Val Acc: 0.8550
[Epoch 26] Saved new best model.
Epoch 026 | Train Loss: 0.0710 | Val Loss: 0.0672 | Val Acc: 0.8575
[Epoch 27] Saved new best model.
Epoch 027 | Train Loss: 0.0712 | Val Loss: 0.0670 | Val Acc: 0.8587
[Epoch 28] Saved new best model.
Epoch 028 | Train Loss: 0.0710 | Val Loss: 0.0670 | Val Acc: 0.8544
[Epoch 29] Saved new best model.
Epoch 029 | Train Loss: 0.0708 | Val Loss: 0.0664 | Val Acc: 0.8587
[Epoch 30] Saved new best model.
Epoch 030 | Train Loss: 0.0705 | Val Loss: 0.0664 | Val Acc: 0.8608
[Epoch 31] Saved new best model.
Epoch 031 | Train Loss: 0.0702 | Val Loss: 0.0660 | Val Acc: 0.8637
[Epoch 32] Saved new best model.
Epoch 032 | Train Loss: 0.0699 | Val Loss: 0.0656 | Val Acc: 0.8646
Epoch 033 | Train Loss: 0.0700 | Val Loss: 0.0659 | Val Acc: 0.8612
Epoch 034 | Train Loss: 0.0701 | Val Loss: 0.0663 | Val Acc: 0.8474
[Epoch 35] Saved new best model.
Epoch 035 | Train Loss: 0.0699 | Val Loss: 0.0656 | Val Acc: 0.8616
[Epoch 36] Saved new best model.
Epoch 036 | Train Loss: 0.0695 | Val Loss: 0.0649 | Val Acc: 0.8681
[Epoch 37] Saved new best model.
Epoch 037 | Train Loss: 0.0697 | Val Loss: 0.0648 | Val Acc: 0.8694
[Epoch 38] Saved new best model.
Epoch 038 | Train Loss: 0.0694 | Val Loss: 0.0648 | Val Acc: 0.8662
[Epoch 39] Saved new best model.
Epoch 039 | Train Loss: 0.0693 | Val Loss: 0.0647 | Val Acc: 0.8708
Epoch 040 | Train Loss: 0.0693 | Val Loss: 0.0647 | Val Acc: 0.8651
[Epoch 41] Saved new best model.
Epoch 041 | Train Loss: 0.0694 | Val Loss: 0.0641 | Val Acc: 0.8676
Epoch 042 | Train Loss: 0.0691 | Val Loss: 0.0644 | Val Acc: 0.8686
[Epoch 43] Saved new best model.
Epoch 043 | Train Loss: 0.0693 | Val Loss: 0.0638 | Val Acc: 0.8675
[Epoch 44] Saved new best model.
Epoch 044 | Train Loss: 0.0692 | Val Loss: 0.0636 | Val Acc: 0.8689
Epoch 045 | Train Loss: 0.0689 | Val Loss: 0.0641 | Val Acc: 0.8644
Epoch 046 | Train Loss: 0.0689 | Val Loss: 0.0639 | Val Acc: 0.8686
[Epoch 47] Saved new best model.
Epoch 047 | Train Loss: 0.0686 | Val Loss: 0.0634 | Val Acc: 0.8687
Epoch 048 | Train Loss: 0.0684 | Val Loss: 0.0636 | Val Acc: 0.8645
Epoch 049 | Train Loss: 0.0688 | Val Loss: 0.0635 | Val Acc: 0.8656
Epoch 050 | Train Loss: 0.0688 | Val Loss: 0.0635 | Val Acc: 0.8658
[Epoch 51] Saved new best model.
Epoch 051 | Train Loss: 0.0688 | Val Loss: 0.0633 | Val Acc: 0.8699
[Epoch 52] Saved new best model.
Epoch 052 | Train Loss: 0.0683 | Val Loss: 0.0630 | Val Acc: 0.8721
[Epoch 53] Saved new best model.
Epoch 053 | Train Loss: 0.0684 | Val Loss: 0.0629 | Val Acc: 0.8710
[Epoch 54] Saved new best model.
Epoch 054 | Train Loss: 0.0684 | Val Loss: 0.0627 | Val Acc: 0.8700
Epoch 055 | Train Loss: 0.0686 | Val Loss: 0.0631 | Val Acc: 0.8662
Epoch 056 | Train Loss: 0.0686 | Val Loss: 0.0629 | Val Acc: 0.8711
Epoch 057 | Train Loss: 0.0682 | Val Loss: 0.0630 | Val Acc: 0.8688
Epoch 058 | Train Loss: 0.0686 | Val Loss: 0.0628 | Val Acc: 0.8694
[Epoch 59] Saved new best model.
Epoch 059 | Train Loss: 0.0683 | Val Loss: 0.0626 | Val Acc: 0.8690
[Epoch 60] Saved new best model.
Epoch 060 | Train Loss: 0.0683 | Val Loss: 0.0625 | Val Acc: 0.8702
Epoch 061 | Train Loss: 0.0681 | Val Loss: 0.0628 | Val Acc: 0.8656
Epoch 062 | Train Loss: 0.0686 | Val Loss: 0.0628 | Val Acc: 0.8619
[Epoch 63] Saved new best model.
Epoch 063 | Train Loss: 0.0686 | Val Loss: 0.0624 | Val Acc: 0.8704
Epoch 064 | Train Loss: 0.0682 | Val Loss: 0.0624 | Val Acc: 0.8689
Epoch 065 | Train Loss: 0.0678 | Val Loss: 0.0630 | Val Acc: 0.8636
[Epoch 66] Saved new best model.
Epoch 066 | Train Loss: 0.0680 | Val Loss: 0.0622 | Val Acc: 0.8696
Epoch 067 | Train Loss: 0.0685 | Val Loss: 0.0627 | Val Acc: 0.8551
Epoch 068 | Train Loss: 0.0684 | Val Loss: 0.0623 | Val Acc: 0.8662
Epoch 069 | Train Loss: 0.0684 | Val Loss: 0.0622 | Val Acc: 0.8669
Epoch 070 | Train Loss: 0.0679 | Val Loss: 0.0622 | Val Acc: 0.8652
[Epoch 71] Saved new best model.
Epoch 071 | Train Loss: 0.0680 | Val Loss: 0.0619 | Val Acc: 0.8681
Epoch 072 | Train Loss: 0.0680 | Val Loss: 0.0619 | Val Acc: 0.8703
[Epoch 73] Saved new best model.
Epoch 073 | Train Loss: 0.0677 | Val Loss: 0.0619 | Val Acc: 0.8726
[Epoch 74] Saved new best model.
Epoch 074 | Train Loss: 0.0678 | Val Loss: 0.0619 | Val Acc: 0.8707
Epoch 075 | Train Loss: 0.0679 | Val Loss: 0.0620 | Val Acc: 0.8663
Epoch 076 | Train Loss: 0.0681 | Val Loss: 0.0623 | Val Acc: 0.8579
[Epoch 77] Saved new best model.
Epoch 077 | Train Loss: 0.0680 | Val Loss: 0.0618 | Val Acc: 0.8688
Epoch 078 | Train Loss: 0.0680 | Val Loss: 0.0619 | Val Acc: 0.8632
Epoch 079 | Train Loss: 0.0679 | Val Loss: 0.0618 | Val Acc: 0.8655
Epoch 080 | Train Loss: 0.0681 | Val Loss: 0.0620 | Val Acc: 0.8643
Epoch 081 | Train Loss: 0.0680 | Val Loss: 0.0620 | Val Acc: 0.8634
[Epoch 82] Saved new best model.
Epoch 082 | Train Loss: 0.0675 | Val Loss: 0.0616 | Val Acc: 0.8678
Epoch 083 | Train Loss: 0.0678 | Val Loss: 0.0618 | Val Acc: 0.8668
Epoch 084 | Train Loss: 0.0676 | Val Loss: 0.0620 | Val Acc: 0.8658
Epoch 085 | Train Loss: 0.0677 | Val Loss: 0.0623 | Val Acc: 0.8566
Epoch 086 | Train Loss: 0.0678 | Val Loss: 0.0619 | Val Acc: 0.8635
Epoch 087 | Train Loss: 0.0675 | Val Loss: 0.0619 | Val Acc: 0.8575
[Epoch 88] Saved new best model.
Epoch 088 | Train Loss: 0.0673 | Val Loss: 0.0616 | Val Acc: 0.8627
[Epoch 89] Saved new best model.
Epoch 089 | Train Loss: 0.0677 | Val Loss: 0.0616 | Val Acc: 0.8665
[Epoch 90] Saved new best model.
Epoch 090 | Train Loss: 0.0677 | Val Loss: 0.0615 | Val Acc: 0.8690
Epoch 091 | Train Loss: 0.0678 | Val Loss: 0.0615 | Val Acc: 0.8688
Epoch 092 | Train Loss: 0.0677 | Val Loss: 0.0616 | Val Acc: 0.8663
[Epoch 93] Saved new best model.
Epoch 093 | Train Loss: 0.0673 | Val Loss: 0.0614 | Val Acc: 0.8634
Epoch 094 | Train Loss: 0.0679 | Val Loss: 0.0617 | Val Acc: 0.8572
Epoch 095 | Train Loss: 0.0677 | Val Loss: 0.0621 | Val Acc: 0.8573
Epoch 096 | Train Loss: 0.0676 | Val Loss: 0.0614 | Val Acc: 0.8669
Epoch 097 | Train Loss: 0.0677 | Val Loss: 0.0615 | Val Acc: 0.8632
[Epoch 98] Saved new best model.
Epoch 098 | Train Loss: 0.0675 | Val Loss: 0.0613 | Val Acc: 0.8689
Epoch 099 | Train Loss: 0.0672 | Val Loss: 0.0615 | Val Acc: 0.8622
Final model saved.
MoviePy - Building file ./GNN/models/partial_graph_matching/room_dropout_noise/embeddings_evolution.gif with imageio.
t:   0%|          | 0/20 [00:00<?, ?it/s, now=None]                                                   GIF saved at: ./GNN/models/partial_graph_matching/room_dropout_noise/embeddings_evolution.gif
Test Accuracy: 0.8686 | Test Loss: 0.0585
Graph 0: Errors found: 18
Graph 1: Errors found: 4
Graph 2: Errors found: 6
Graph 3: Errors found: 8
Graph 4: Errors found: 18
Graph 5: Errors found: 18
Graph 6: Errors found: 6
Graph 7: Errors found: 18
Graph 8: Errors found: 4
Graph 9: Errors found: 22
Graph 10: Errors found: 8
Graph 11: Errors found: 20
Graph 12: Errors found: 16
Graph 13: Errors found: 14
Graph 14: Errors found: 8
Graph 15: Errors found: 8
Graph 16: Errors found: 14
Graph 17: Errors found: 20
Graph 18: Errors found: 8
Graph 19: Errors found: 18
Graph 20: Errors found: 22
Graph 21: Errors found: 20
Graph 22: Errors found: 24
Graph 23: Errors found: 10
Graph 24: Errors found: 22
Graph 25: Errors found: 8
Graph 26: Errors found: 14
Graph 27: Errors found: 4
Graph 28: Errors found: 18
Graph 29: Errors found: 20
Graph 31: Errors found: 14
Graph 32: Errors found: 12
Graph 33: Errors found: 22
Graph 34: Errors found: 18
Graph 35: Errors found: 28
Graph 36: Errors found: 12
Graph 37: Errors found: 18
Graph 38: Errors found: 6
Graph 39: Errors found: 24
Graph 40: Errors found: 10
Graph 42: Errors found: 10
Graph 43: Errors found: 44
Graph 44: Errors found: 14
Graph 45: Errors found: 14
Graph 46: Errors found: 18
Graph 47: Errors found: 18
Graph 48: Errors found: 6
Graph 49: Errors found: 6
Graph 50: Errors found: 24
Graph 51: Errors found: 14
Graph 52: Errors found: 76
Graph 53: Errors found: 20
Graph 54: Errors found: 12
Graph 55: Errors found: 12
Graph 56: Errors found: 12
Graph 57: Errors found: 24
Graph 58: Errors found: 18
Graph 59: Errors found: 28
Graph 60: Errors found: 6
Graph 61: Errors found: 16
Graph 62: Errors found: 22
Graph 63: Errors found: 20
Graph 64: Errors found: 8
Graph 65: Errors found: 18
Graph 66: Errors found: 22
Graph 67: Errors found: 22
Graph 68: Errors found: 14
Graph 69: Errors found: 14
Graph 70: Errors found: 10
Graph 71: Errors found: 4
Graph 72: Errors found: 38
Graph 73: Errors found: 8
Graph 74: Errors found: 22
Graph 75: Errors found: 24
Graph 76: Errors found: 20
Graph 77: Errors found: 6
Graph 78: Errors found: 22
Graph 79: Errors found: 16
Graph 80: Errors found: 12
Graph 81: Errors found: 14
Graph 82: Errors found: 10
Graph 83: Errors found: 26
Graph 84: Errors found: 12
Graph 85: Errors found: 22
Graph 86: Errors found: 26
Graph 87: Errors found: 22
Graph 88: Errors found: 16
Graph 89: Errors found: 20
Graph 90: Errors found: 16
Graph 91: Errors found: 4
Graph 92: Errors found: 40
Graph 93: Errors found: 28
Graph 94: Errors found: 22
Graph 95: Errors found: 14
Graph 96: Errors found: 26
Graph 97: Errors found: 34
Graph 98: Errors found: 10
Graph 99: Errors found: 14
Graph 100: Errors found: 16
Graph 101: Errors found: 18
Graph 102: Errors found: 12
Graph 104: Errors found: 26
Graph 105: Errors found: 14
Graph 106: Errors found: 14
Graph 107: Errors found: 24
Graph 108: Errors found: 4
Graph 109: Errors found: 18
Graph 110: Errors found: 12
Graph 111: Errors found: 26
Graph 112: Errors found: 22
Graph 113: Errors found: 18
Graph 114: Errors found: 22
Graph 115: Errors found: 18
Graph 116: Errors found: 14
Graph 117: Errors found: 26
Graph 118: Errors found: 10
Graph 119: Errors found: 12
Graph 120: Errors found: 16
Graph 122: Errors found: 10
Graph 123: Errors found: 26
Graph 124: Errors found: 14
Graph 125: Errors found: 26
Graph 126: Errors found: 12
Graph 127: Errors found: 28
Graph 128: Errors found: 10
Graph 129: Errors found: 16
Graph 130: Errors found: 8
Graph 131: Errors found: 16
Graph 132: Errors found: 8
Graph 133: Errors found: 6
Graph 134: Errors found: 24
Graph 136: Errors found: 4
Graph 137: Errors found: 20
Graph 138: Errors found: 16
Graph 139: Errors found: 22
Graph 140: Errors found: 18
Graph 141: Errors found: 28
Graph 142: Errors found: 22
Graph 144: Errors found: 14
Graph 146: Errors found: 20
Graph 147: Errors found: 28
Graph 148: Errors found: 8
Graph 149: Errors found: 10
Graph 150: Errors found: 6
Graph 151: Errors found: 12
Graph 152: Errors found: 8
Graph 153: Errors found: 24
Graph 154: Errors found: 8
Graph 155: Errors found: 16
Graph 156: Errors found: 8
Graph 157: Errors found: 12
Graph 158: Errors found: 22
Graph 159: Errors found: 22
Graph 160: Errors found: 6
Graph 161: Errors found: 12
Graph 162: Errors found: 14
Graph 163: Errors found: 8
Graph 164: Errors found: 4
Graph 165: Errors found: 16
Graph 166: Errors found: 8
Graph 167: Errors found: 18
Graph 168: Errors found: 20
Graph 169: Errors found: 28
Graph 170: Errors found: 16
Graph 171: Errors found: 18
Graph 172: Errors found: 18
Graph 173: Errors found: 8
Graph 174: Errors found: 22
Graph 175: Errors found: 20
Graph 176: Errors found: 10
Graph 177: Errors found: 22
Graph 178: Errors found: 20
Graph 179: Errors found: 24
Graph 180: Errors found: 16
Graph 181: Errors found: 10
Graph 182: Errors found: 14
Graph 183: Errors found: 16
Graph 184: Errors found: 16
Graph 185: Errors found: 4
Graph 186: Errors found: 8
Graph 188: Errors found: 4
Graph 189: Errors found: 10
Graph 190: Errors found: 32
Graph 191: Errors found: 16
Graph 193: Errors found: 14
Graph 194: Errors found: 12
Graph 195: Errors found: 8
Graph 196: Errors found: 24
Graph 197: Errors found: 12
Graph 198: Errors found: 14
Graph 199: Errors found: 26
Graph 200: Errors found: 24
Graph 201: Errors found: 14
Graph 202: Errors found: 8
Graph 203: Errors found: 32
Graph 204: Errors found: 16
Graph 205: Errors found: 18
Graph 206: Errors found: 16
Graph 207: Errors found: 24
Graph 208: Errors found: 14
Graph 209: Errors found: 6
Graph 210: Errors found: 30
Graph 211: Errors found: 26
Graph 212: Errors found: 12
Graph 213: Errors found: 6
Graph 214: Errors found: 10
Graph 216: Errors found: 4
Graph 217: Errors found: 2
Graph 218: Errors found: 12
Graph 219: Errors found: 14
Graph 220: Errors found: 26
Graph 221: Errors found: 4
Graph 222: Errors found: 12
Graph 223: Errors found: 6
Graph 224: Errors found: 6
Graph 225: Errors found: 16
Graph 226: Errors found: 2
Graph 229: Errors found: 4
Graph 230: Errors found: 18
Graph 231: Errors found: 20
Graph 233: Errors found: 24
Graph 234: Errors found: 32
Graph 235: Errors found: 10
Graph 236: Errors found: 16
Graph 237: Errors found: 14
Graph 238: Errors found: 8
Graph 239: Errors found: 2
Graph 240: Errors found: 18
Graph 241: Errors found: 26
Graph 243: Errors found: 24
Graph 244: Errors found: 12
Graph 245: Errors found: 12
Graph 246: Errors found: 18
Graph 247: Errors found: 4
Graph 248: Errors found: 12
Graph 249: Errors found: 18
Graph 250: Errors found: 10
Graph 252: Errors found: 16
Graph 253: Errors found: 22
Graph 255: Errors found: 24
Graph 256: Errors found: 4
Graph 257: Errors found: 4
Graph 258: Errors found: 26
Graph 259: Errors found: 16
Graph 260: Errors found: 22
Graph 261: Errors found: 14
Graph 262: Errors found: 18
Graph 263: Errors found: 18
Graph 264: Errors found: 12
Graph 265: Errors found: 20
Graph 266: Errors found: 10
Graph 267: Errors found: 4
Graph 268: Errors found: 20
Graph 269: Errors found: 16
Graph 270: Errors found: 18
Graph 271: Errors found: 28
Graph 272: Errors found: 10
Graph 273: Errors found: 30
Graph 274: Errors found: 16
Graph 275: Errors found: 22
Graph 276: Errors found: 10
Graph 277: Errors found: 4
Graph 278: Errors found: 16
Graph 280: Errors found: 14
Graph 281: Errors found: 16
Graph 282: Errors found: 12
Graph 283: Errors found: 10
Graph 284: Errors found: 14
Graph 285: Errors found: 20
Graph 286: Errors found: 18
Graph 287: Errors found: 46
Graph 288: Errors found: 14
Graph 289: Errors found: 16
Graph 290: Errors found: 28
Graph 291: Errors found: 32
Graph 292: Errors found: 12
Graph 293: Errors found: 22
Graph 294: Errors found: 8
Graph 295: Errors found: 12
Graph 297: Errors found: 14
Graph 298: Errors found: 20
Graph 299: Errors found: 16
Graph 301: Errors found: 8
Graph 302: Errors found: 22
Graph 303: Errors found: 28
Graph 304: Errors found: 6
Graph 305: Errors found: 8
Graph 306: Errors found: 14
Graph 307: Errors found: 16
Graph 308: Errors found: 20
Graph 309: Errors found: 12
Graph 310: Errors found: 34
Graph 311: Errors found: 40
Graph 312: Errors found: 10
Graph 313: Errors found: 6
Graph 314: Errors found: 14
Graph 315: Errors found: 12
Graph 316: Errors found: 18
Graph 317: Errors found: 18
Graph 318: Errors found: 30
Graph 319: Errors found: 34
Graph 320: Errors found: 24
Graph 322: Errors found: 4
Graph 323: Errors found: 6
Graph 324: Errors found: 14
Graph 326: Errors found: 18
Graph 327: Errors found: 20
Graph 328: Errors found: 20
Graph 330: Errors found: 12
Graph 331: Errors found: 16
Graph 332: Errors found: 22
Graph 333: Errors found: 6
Graph 334: Errors found: 16
Graph 335: Errors found: 12
Graph 336: Errors found: 10
Graph 337: Errors found: 18
Graph 338: Errors found: 24
Graph 339: Errors found: 20
Graph 340: Errors found: 26
Graph 341: Errors found: 26
Graph 342: Errors found: 60
Graph 343: Errors found: 26
Graph 344: Errors found: 18
Graph 345: Errors found: 8
Graph 346: Errors found: 10
Graph 347: Errors found: 10
Graph 348: Errors found: 20
Graph 349: Errors found: 32
Graph 350: Errors found: 22
Graph 351: Errors found: 16
Graph 352: Errors found: 12
Graph 353: Errors found: 12
Graph 354: Errors found: 18
Graph 356: Errors found: 18
Graph 357: Errors found: 8
Graph 358: Errors found: 12
Graph 359: Errors found: 26
Graph 361: Errors found: 8
Graph 362: Errors found: 26
Graph 363: Errors found: 26
Graph 364: Errors found: 12
Graph 365: Errors found: 26
Graph 367: Errors found: 10
Graph 368: Errors found: 16
Graph 369: Errors found: 10
Graph 370: Errors found: 6
Graph 371: Errors found: 14
Graph 372: Errors found: 24
Graph 373: Errors found: 10
Graph 374: Errors found: 10
Graph 375: Errors found: 16
Graph 376: Errors found: 22
Graph 377: Errors found: 4
Graph 378: Errors found: 14
Graph 379: Errors found: 14
Graph 380: Errors found: 16
Graph 381: Errors found: 10
Graph 382: Errors found: 32
Graph 383: Errors found: 12
Graph 384: Errors found: 12
Graph 385: Errors found: 18
Graph 386: Errors found: 18
Graph 388: Errors found: 30
Graph 389: Errors found: 10
Graph 390: Errors found: 8
Graph 391: Errors found: 18
Graph 392: Errors found: 22
Graph 393: Errors found: 4
Graph 394: Errors found: 36
Graph 395: Errors found: 12
Graph 396: Errors found: 16
Graph 397: Errors found: 4
Graph 398: Errors found: 18
Graph 399: Errors found: 22
Graph 400: Errors found: 16
Graph 401: Errors found: 18
Graph 403: Errors found: 4
Graph 404: Errors found: 4
Graph 405: Errors found: 14
Graph 406: Errors found: 16
Graph 407: Errors found: 24
Graph 408: Errors found: 18
Graph 409: Errors found: 22
Graph 410: Errors found: 28
Graph 411: Errors found: 28
Graph 412: Errors found: 8
Graph 413: Errors found: 18
Graph 414: Errors found: 20
Graph 415: Errors found: 20
Graph 416: Errors found: 18
Graph 417: Errors found: 6
Graph 418: Errors found: 4
Graph 420: Errors found: 14
Graph 421: Errors found: 2
Graph 422: Errors found: 26
Graph 423: Errors found: 22
Graph 424: Errors found: 8
Graph 425: Errors found: 16
Graph 426: Errors found: 20
Graph 427: Errors found: 30
Graph 428: Errors found: 14
Graph 429: Errors found: 14
Graph 430: Errors found: 26
Graph 431: Errors found: 4
Graph 432: Errors found: 34
Graph 433: Errors found: 12
Graph 434: Errors found: 14
Graph 435: Errors found: 40
Graph 436: Errors found: 26
Graph 437: Errors found: 16
Graph 438: Errors found: 24
Graph 439: Errors found: 18
Graph 441: Errors found: 10
Graph 442: Errors found: 8
Graph 443: Errors found: 14
Graph 444: Errors found: 18
Graph 445: Errors found: 20
Graph 446: Errors found: 20
Graph 447: Errors found: 16
Graph 448: Errors found: 10
Graph 449: Errors found: 2
Graph 450: Errors found: 24
Graph 451: Errors found: 16
Graph 452: Errors found: 34
Graph 453: Errors found: 12
Graph 454: Errors found: 14
Graph 455: Errors found: 22
Graph 456: Errors found: 10
Graph 457: Errors found: 26
Graph 458: Errors found: 12
Graph 459: Errors found: 20
Graph 460: Errors found: 32
Graph 461: Errors found: 8
Graph 463: Errors found: 18
Graph 464: Errors found: 10
Graph 465: Errors found: 8
Graph 466: Errors found: 22
Graph 467: Errors found: 10
Graph 468: Errors found: 18
Graph 469: Errors found: 18
Graph 470: Errors found: 20
Graph 472: Errors found: 24
Graph 473: Errors found: 18
Graph 474: Errors found: 16
Graph 475: Errors found: 26
Graph 476: Errors found: 10
Graph 478: Errors found: 28
Graph 479: Errors found: 8
Graph 480: Errors found: 12
Graph 481: Errors found: 24
Graph 482: Errors found: 18
Graph 483: Errors found: 8
Graph 484: Errors found: 12
Graph 485: Errors found: 12
Graph 486: Errors found: 24
Graph 487: Errors found: 18
Graph 488: Errors found: 6
Graph 489: Errors found: 16
Graph 490: Errors found: 28
Graph 492: Errors found: 16
Graph 493: Errors found: 22
Graph 494: Errors found: 24
Graph 495: Errors found: 18
Graph 496: Errors found: 12
Graph 497: Errors found: 10
Graph 498: Errors found: 18
Graph 499: Errors found: 6
Graph 500: Errors found: 16
Graph 501: Errors found: 20
Graph 502: Errors found: 24
Graph 503: Errors found: 12
Graph 504: Errors found: 12
Graph 505: Errors found: 16
Graph 506: Errors found: 14
Graph 507: Errors found: 8
Graph 508: Errors found: 20
Graph 509: Errors found: 16
Graph 510: Errors found: 64
Graph 511: Errors found: 20
Graph 514: Errors found: 10
Graph 515: Errors found: 14
Graph 516: Errors found: 10
Graph 517: Errors found: 4
Graph 518: Errors found: 4
Graph 519: Errors found: 20
Graph 520: Errors found: 10
Graph 521: Errors found: 10
Graph 522: Errors found: 24
Graph 525: Errors found: 14
Graph 526: Errors found: 22
Graph 527: Errors found: 22
Graph 528: Errors found: 18
Graph 529: Errors found: 2
Graph 530: Errors found: 10
Graph 531: Errors found: 14
Graph 532: Errors found: 24
Graph 533: Errors found: 18
Graph 534: Errors found: 12
Graph 535: Errors found: 16
Graph 537: Errors found: 16
Graph 539: Errors found: 4
Graph 540: Errors found: 14
Graph 541: Errors found: 18
Graph 542: Errors found: 16
Graph 543: Errors found: 14
Graph 544: Errors found: 18
Graph 546: Errors found: 14
Graph 547: Errors found: 14
Graph 548: Errors found: 12
Graph 549: Errors found: 4
Graph 550: Errors found: 14
Graph 551: Errors found: 14
Graph 554: Errors found: 32
Graph 555: Errors found: 24
Graph 556: Errors found: 18
Graph 557: Errors found: 8
Graph 558: Errors found: 16
Graph 559: Errors found: 30
Graph 560: Errors found: 20
Graph 561: Errors found: 12
Graph 562: Errors found: 12
Graph 563: Errors found: 16
Graph 565: Errors found: 12
Graph 566: Errors found: 18
Graph 567: Errors found: 4
Graph 568: Errors found: 12
Graph 570: Errors found: 12
Graph 572: Errors found: 16
Graph 573: Errors found: 12
Graph 574: Errors found: 20
Graph 575: Errors found: 6
Graph 576: Errors found: 16
Graph 577: Errors found: 14
Graph 578: Errors found: 12
Graph 579: Errors found: 20
Graph 580: Errors found: 8
Graph 581: Errors found: 4
Graph 582: Errors found: 6
Graph 583: Errors found: 18
Graph 584: Errors found: 14
Graph 585: Errors found: 8
Graph 586: Errors found: 22
Graph 587: Errors found: 14
Graph 588: Errors found: 12
Graph 589: Errors found: 24
Graph 590: Errors found: 24
Graph 591: Errors found: 22
Graph 592: Errors found: 14
Graph 593: Errors found: 20
Graph 594: Errors found: 4
Graph 595: Errors found: 24
Graph 596: Errors found: 18
Graph 597: Errors found: 4
Graph 598: Errors found: 4
Graph 599: Errors found: 16
Graph 600: Errors found: 12
Graph 601: Errors found: 4
Graph 602: Errors found: 20
Graph 603: Errors found: 2
Graph 604: Errors found: 20
Graph 605: Errors found: 12
Graph 606: Errors found: 4
Graph 607: Errors found: 22
Graph 608: Errors found: 20
Graph 609: Errors found: 12
Graph 610: Errors found: 16
Graph 611: Errors found: 24
Graph 612: Errors found: 4
Graph 613: Errors found: 24
Graph 614: Errors found: 14
Graph 615: Errors found: 12
Graph 616: Errors found: 10
Graph 617: Errors found: 10
Graph 618: Errors found: 8
Graph 619: Errors found: 6
Graph 620: Errors found: 20
Graph 621: Errors found: 20
Graph 622: Errors found: 18
Graph 623: Errors found: 8
Graph 624: Errors found: 24
Graph 625: Errors found: 28
Graph 626: Errors found: 18
Graph 627: Errors found: 16
Graph 628: Errors found: 16
Graph 629: Errors found: 10
Graph 630: Errors found: 10
Graph 631: Errors found: 6
Graph 632: Errors found: 18
Graph 633: Errors found: 6
Graph 634: Errors found: 12
Graph 635: Errors found: 12
Graph 636: Errors found: 22
Graph 637: Errors found: 24
Graph 638: Errors found: 18
Graph 639: Errors found: 12
Graph 640: Errors found: 102
Graph 641: Errors found: 8
Graph 642: Errors found: 24
Graph 643: Errors found: 34
Graph 644: Errors found: 12
Graph 645: Errors found: 4
Graph 646: Errors found: 12
Graph 648: Errors found: 14
Graph 649: Errors found: 18
Graph 650: Errors found: 32
Graph 651: Errors found: 16
Graph 652: Errors found: 22
Graph 653: Errors found: 22
Graph 654: Errors found: 14
Graph 655: Errors found: 28
Graph 656: Errors found: 14
Graph 657: Errors found: 34
Graph 658: Errors found: 16
Graph 659: Errors found: 14
Graph 660: Errors found: 22
Graph 662: Errors found: 4
Graph 663: Errors found: 12
Graph 664: Errors found: 36
Graph 665: Errors found: 32
Graph 666: Errors found: 30
Graph 667: Errors found: 10
Graph 668: Errors found: 18
Graph 669: Errors found: 24
Graph 670: Errors found: 10
Graph 671: Errors found: 18
Graph 672: Errors found: 10
Graph 673: Errors found: 22
Graph 674: Errors found: 10
Graph 675: Errors found: 26
Graph 676: Errors found: 16
Graph 677: Errors found: 40
Graph 678: Errors found: 18
Graph 679: Errors found: 36
Graph 680: Errors found: 16
Graph 681: Errors found: 6
Graph 682: Errors found: 22
Graph 683: Errors found: 12
Graph 684: Errors found: 8
Graph 685: Errors found: 32
Graph 686: Errors found: 22
Graph 687: Errors found: 24
Graph 688: Errors found: 4
Graph 690: Errors found: 20
Graph 691: Errors found: 26
Graph 692: Errors found: 2
Graph 693: Errors found: 10
Graph 694: Errors found: 20
Graph 695: Errors found: 20
Graph 696: Errors found: 16
Graph 697: Errors found: 26
Graph 698: Errors found: 26
Graph 699: Errors found: 16
Graph 700: Errors found: 16
Graph 701: Errors found: 22
Graph 702: Errors found: 16
Graph 703: Errors found: 22
Graph 704: Errors found: 16
Graph 705: Errors found: 18
Graph 706: Errors found: 20
Graph 707: Errors found: 14
Graph 708: Errors found: 12
Graph 709: Errors found: 40
Graph 710: Errors found: 28
Graph 711: Errors found: 16
Graph 712: Errors found: 2
Graph 713: Errors found: 32
Graph 714: Errors found: 42
Graph 715: Errors found: 22
Graph 716: Errors found: 12
Graph 717: Errors found: 2
Graph 718: Errors found: 18
Graph 719: Errors found: 12
Graph 720: Errors found: 18
Graph 721: Errors found: 12
Graph 722: Errors found: 24
Graph 723: Errors found: 14
Graph 724: Errors found: 32
Graph 725: Errors found: 12
Graph 726: Errors found: 18
Graph 727: Errors found: 10
Graph 728: Errors found: 10
Graph 729: Errors found: 16
Graph 730: Errors found: 28
Graph 731: Errors found: 20
Graph 732: Errors found: 10
Graph 733: Errors found: 22
Graph 734: Errors found: 48
Inference time: 0.039719 seconds (mean)  0.080193 seconds (std)
=== SLURM JOB ENDED ===
