=== SLURM JOB STARTED ===
Date: Thu Jul 17 12:09:51 CEST 2025
Running on node: iris-171
Job ID: 4217893
Job directory: /mnt/aiongpfs/users/jmillan/workspace/graph_matching_ws/graph_matching_gnn/graph_matching
Current directory: /home/users/jmillan/workspace/graph_matching_ws/graph_matching_gnn/graph_matching
Loaded modules:

Currently Loaded Modules:
  1) env/release/default (S)

  Where:
   S:  Module is Sticky, requires --force to unload or purge

 

The following modules were not unloaded:
  (Use "module --force purge" to unload all):

  1) env/release/default

Lmod is automatically replacing "env/release/default" with "env/legacy/2020b".

Activating virtualenv...
Python path: /mnt/aiongpfs/users/jmillan/workspace/graph_matching_ws/graph_matching_gnn/.venv/bin/python3
Python 3.8.6
Checking GPU availability...
Thu Jul 17 12:09:52 2025       
+-----------------------------------------------------------------------------------------+
| NVIDIA-SMI 565.57.01              Driver Version: 565.57.01      CUDA Version: 12.7     |
|-----------------------------------------+------------------------+----------------------+
| GPU  Name                 Persistence-M | Bus-Id          Disp.A | Volatile Uncorr. ECC |
| Fan  Temp   Perf          Pwr:Usage/Cap |           Memory-Usage | GPU-Util  Compute M. |
|                                         |                        |               MIG M. |
|=========================================+========================+======================|
|   0  Tesla V100-SXM2-16GB           On  |   00000000:1E:00.0 Off |                    0 |
| N/A   44C    P0             45W /  300W |       1MiB /  16384MiB |      0%      Default |
|                                         |                        |                  N/A |
+-----------------------------------------+------------------------+----------------------+
                                                                                         
+-----------------------------------------------------------------------------------------+
| Processes:                                                                              |
|  GPU   GI   CI        PID   Type   Process name                              GPU Memory |
|        ID   ID                                                               Usage      |
|=========================================================================================|
|  No running processes found                                                             |
+-----------------------------------------------------------------------------------------+
CUDA available: True
CUDA device: Tesla V100-SXM2-16GB
Launching Python script...
Requirement already satisfied: torch in /mnt/aiongpfs/users/jmillan/workspace/graph_matching_ws/graph_matching_gnn/.venv/lib/python3.8/site-packages (2.2.2)
Requirement already satisfied: torch-geometric in /mnt/aiongpfs/users/jmillan/workspace/graph_matching_ws/graph_matching_gnn/.venv/lib/python3.8/site-packages (2.6.1)
Requirement already satisfied: scikit-learn in /mnt/aiongpfs/users/jmillan/workspace/graph_matching_ws/graph_matching_gnn/.venv/lib/python3.8/site-packages (1.3.2)
Requirement already satisfied: pandas in /mnt/aiongpfs/users/jmillan/workspace/graph_matching_ws/graph_matching_gnn/.venv/lib/python3.8/site-packages (2.0.3)
Requirement already satisfied: shapely in /mnt/aiongpfs/users/jmillan/workspace/graph_matching_ws/graph_matching_gnn/.venv/lib/python3.8/site-packages (2.0.7)
Requirement already satisfied: seaborn in /mnt/aiongpfs/users/jmillan/workspace/graph_matching_ws/graph_matching_gnn/.venv/lib/python3.8/site-packages (0.13.2)
Requirement already satisfied: pygmtools in /mnt/aiongpfs/users/jmillan/workspace/graph_matching_ws/graph_matching_gnn/.venv/lib/python3.8/site-packages (0.5.3)
Requirement already satisfied: numpy in /mnt/aiongpfs/users/jmillan/workspace/graph_matching_ws/graph_matching_gnn/.venv/lib/python3.8/site-packages (1.24.4)
Requirement already satisfied: moviepy<2.0.0 in /mnt/aiongpfs/users/jmillan/workspace/graph_matching_ws/graph_matching_gnn/.venv/lib/python3.8/site-packages (1.0.3)
Requirement already satisfied: matplotlib in /mnt/aiongpfs/users/jmillan/workspace/graph_matching_ws/graph_matching_gnn/.venv/lib/python3.8/site-packages (3.7.5)
Requirement already satisfied: tensorboard in /mnt/aiongpfs/users/jmillan/workspace/graph_matching_ws/graph_matching_gnn/.venv/lib/python3.8/site-packages (2.14.0)
Requirement already satisfied: optuna in /mnt/aiongpfs/users/jmillan/workspace/graph_matching_ws/graph_matching_gnn/.venv/lib/python3.8/site-packages (4.3.0)
Requirement already satisfied: plotly in /mnt/aiongpfs/users/jmillan/workspace/graph_matching_ws/graph_matching_gnn/.venv/lib/python3.8/site-packages (6.0.1)
Requirement already satisfied: kaleido in /mnt/aiongpfs/users/jmillan/workspace/graph_matching_ws/graph_matching_gnn/.venv/lib/python3.8/site-packages (0.2.1)
Requirement already satisfied: filelock in /mnt/aiongpfs/users/jmillan/workspace/graph_matching_ws/graph_matching_gnn/.venv/lib/python3.8/site-packages (from torch) (3.16.1)
Requirement already satisfied: typing-extensions>=4.8.0 in /mnt/aiongpfs/users/jmillan/workspace/graph_matching_ws/graph_matching_gnn/.venv/lib/python3.8/site-packages (from torch) (4.13.2)
Requirement already satisfied: sympy in /mnt/aiongpfs/users/jmillan/workspace/graph_matching_ws/graph_matching_gnn/.venv/lib/python3.8/site-packages (from torch) (1.13.3)
Requirement already satisfied: networkx in /mnt/aiongpfs/users/jmillan/workspace/graph_matching_ws/graph_matching_gnn/.venv/lib/python3.8/site-packages (from torch) (3.1)
Requirement already satisfied: jinja2 in /mnt/aiongpfs/users/jmillan/workspace/graph_matching_ws/graph_matching_gnn/.venv/lib/python3.8/site-packages (from torch) (3.1.6)
Requirement already satisfied: fsspec in /mnt/aiongpfs/users/jmillan/workspace/graph_matching_ws/graph_matching_gnn/.venv/lib/python3.8/site-packages (from torch) (2025.3.0)
Requirement already satisfied: nvidia-cuda-nvrtc-cu12==12.1.105 in /mnt/aiongpfs/users/jmillan/workspace/graph_matching_ws/graph_matching_gnn/.venv/lib/python3.8/site-packages (from torch) (12.1.105)
Requirement already satisfied: nvidia-cuda-runtime-cu12==12.1.105 in /mnt/aiongpfs/users/jmillan/workspace/graph_matching_ws/graph_matching_gnn/.venv/lib/python3.8/site-packages (from torch) (12.1.105)
Requirement already satisfied: nvidia-cuda-cupti-cu12==12.1.105 in /mnt/aiongpfs/users/jmillan/workspace/graph_matching_ws/graph_matching_gnn/.venv/lib/python3.8/site-packages (from torch) (12.1.105)
Requirement already satisfied: nvidia-cudnn-cu12==8.9.2.26 in /mnt/aiongpfs/users/jmillan/workspace/graph_matching_ws/graph_matching_gnn/.venv/lib/python3.8/site-packages (from torch) (8.9.2.26)
Requirement already satisfied: nvidia-cublas-cu12==12.1.3.1 in /mnt/aiongpfs/users/jmillan/workspace/graph_matching_ws/graph_matching_gnn/.venv/lib/python3.8/site-packages (from torch) (12.1.3.1)
Requirement already satisfied: nvidia-cufft-cu12==11.0.2.54 in /mnt/aiongpfs/users/jmillan/workspace/graph_matching_ws/graph_matching_gnn/.venv/lib/python3.8/site-packages (from torch) (11.0.2.54)
Requirement already satisfied: nvidia-curand-cu12==10.3.2.106 in /mnt/aiongpfs/users/jmillan/workspace/graph_matching_ws/graph_matching_gnn/.venv/lib/python3.8/site-packages (from torch) (10.3.2.106)
Requirement already satisfied: nvidia-cusolver-cu12==11.4.5.107 in /mnt/aiongpfs/users/jmillan/workspace/graph_matching_ws/graph_matching_gnn/.venv/lib/python3.8/site-packages (from torch) (11.4.5.107)
Requirement already satisfied: nvidia-cusparse-cu12==12.1.0.106 in /mnt/aiongpfs/users/jmillan/workspace/graph_matching_ws/graph_matching_gnn/.venv/lib/python3.8/site-packages (from torch) (12.1.0.106)
Requirement already satisfied: nvidia-nccl-cu12==2.19.3 in /mnt/aiongpfs/users/jmillan/workspace/graph_matching_ws/graph_matching_gnn/.venv/lib/python3.8/site-packages (from torch) (2.19.3)
Requirement already satisfied: nvidia-nvtx-cu12==12.1.105 in /mnt/aiongpfs/users/jmillan/workspace/graph_matching_ws/graph_matching_gnn/.venv/lib/python3.8/site-packages (from torch) (12.1.105)
Requirement already satisfied: triton==2.2.0 in /mnt/aiongpfs/users/jmillan/workspace/graph_matching_ws/graph_matching_gnn/.venv/lib/python3.8/site-packages (from torch) (2.2.0)
Requirement already satisfied: nvidia-nvjitlink-cu12 in /mnt/aiongpfs/users/jmillan/workspace/graph_matching_ws/graph_matching_gnn/.venv/lib/python3.8/site-packages (from nvidia-cusolver-cu12==11.4.5.107->torch) (12.9.86)
Requirement already satisfied: aiohttp in /mnt/aiongpfs/users/jmillan/workspace/graph_matching_ws/graph_matching_gnn/.venv/lib/python3.8/site-packages (from torch-geometric) (3.10.11)
Requirement already satisfied: psutil>=5.8.0 in /mnt/aiongpfs/users/jmillan/workspace/graph_matching_ws/graph_matching_gnn/.venv/lib/python3.8/site-packages (from torch-geometric) (7.0.0)
Requirement already satisfied: pyparsing in /mnt/aiongpfs/users/jmillan/workspace/graph_matching_ws/graph_matching_gnn/.venv/lib/python3.8/site-packages (from torch-geometric) (3.1.4)
Requirement already satisfied: requests in /mnt/aiongpfs/users/jmillan/workspace/graph_matching_ws/graph_matching_gnn/.venv/lib/python3.8/site-packages (from torch-geometric) (2.32.4)
Requirement already satisfied: tqdm in /mnt/aiongpfs/users/jmillan/workspace/graph_matching_ws/graph_matching_gnn/.venv/lib/python3.8/site-packages (from torch-geometric) (4.67.1)
Requirement already satisfied: scipy>=1.5.0 in /mnt/aiongpfs/users/jmillan/workspace/graph_matching_ws/graph_matching_gnn/.venv/lib/python3.8/site-packages (from scikit-learn) (1.10.1)
Requirement already satisfied: joblib>=1.1.1 in /mnt/aiongpfs/users/jmillan/workspace/graph_matching_ws/graph_matching_gnn/.venv/lib/python3.8/site-packages (from scikit-learn) (1.4.2)
Requirement already satisfied: threadpoolctl>=2.0.0 in /mnt/aiongpfs/users/jmillan/workspace/graph_matching_ws/graph_matching_gnn/.venv/lib/python3.8/site-packages (from scikit-learn) (3.5.0)
Requirement already satisfied: python-dateutil>=2.8.2 in /mnt/aiongpfs/users/jmillan/workspace/graph_matching_ws/graph_matching_gnn/.venv/lib/python3.8/site-packages (from pandas) (2.9.0.post0)
Requirement already satisfied: pytz>=2020.1 in /mnt/aiongpfs/users/jmillan/workspace/graph_matching_ws/graph_matching_gnn/.venv/lib/python3.8/site-packages (from pandas) (2025.2)
Requirement already satisfied: tzdata>=2022.1 in /mnt/aiongpfs/users/jmillan/workspace/graph_matching_ws/graph_matching_gnn/.venv/lib/python3.8/site-packages (from pandas) (2025.2)
Requirement already satisfied: Pillow>=7.2.0 in /mnt/aiongpfs/users/jmillan/workspace/graph_matching_ws/graph_matching_gnn/.venv/lib/python3.8/site-packages (from pygmtools) (10.4.0)
Requirement already satisfied: easydict>=1.7 in /mnt/aiongpfs/users/jmillan/workspace/graph_matching_ws/graph_matching_gnn/.venv/lib/python3.8/site-packages (from pygmtools) (1.13)
Requirement already satisfied: appdirs>=1.4.4 in /mnt/aiongpfs/users/jmillan/workspace/graph_matching_ws/graph_matching_gnn/.venv/lib/python3.8/site-packages (from pygmtools) (1.4.4)
Requirement already satisfied: async-timeout in /mnt/aiongpfs/users/jmillan/workspace/graph_matching_ws/graph_matching_gnn/.venv/lib/python3.8/site-packages (from pygmtools) (5.0.1)
Requirement already satisfied: decorator<5.0,>=4.0.2 in /mnt/aiongpfs/users/jmillan/workspace/graph_matching_ws/graph_matching_gnn/.venv/lib/python3.8/site-packages (from moviepy<2.0.0) (4.4.2)
Requirement already satisfied: proglog<=1.0.0 in /mnt/aiongpfs/users/jmillan/workspace/graph_matching_ws/graph_matching_gnn/.venv/lib/python3.8/site-packages (from moviepy<2.0.0) (0.1.11)
Requirement already satisfied: imageio<3.0,>=2.5 in /mnt/aiongpfs/users/jmillan/workspace/graph_matching_ws/graph_matching_gnn/.venv/lib/python3.8/site-packages (from moviepy<2.0.0) (2.35.1)
Requirement already satisfied: imageio-ffmpeg>=0.2.0 in /mnt/aiongpfs/users/jmillan/workspace/graph_matching_ws/graph_matching_gnn/.venv/lib/python3.8/site-packages (from moviepy<2.0.0) (0.5.1)
Requirement already satisfied: contourpy>=1.0.1 in /mnt/aiongpfs/users/jmillan/workspace/graph_matching_ws/graph_matching_gnn/.venv/lib/python3.8/site-packages (from matplotlib) (1.1.1)
Requirement already satisfied: cycler>=0.10 in /mnt/aiongpfs/users/jmillan/workspace/graph_matching_ws/graph_matching_gnn/.venv/lib/python3.8/site-packages (from matplotlib) (0.12.1)
Requirement already satisfied: fonttools>=4.22.0 in /mnt/aiongpfs/users/jmillan/workspace/graph_matching_ws/graph_matching_gnn/.venv/lib/python3.8/site-packages (from matplotlib) (4.57.0)
Requirement already satisfied: kiwisolver>=1.0.1 in /mnt/aiongpfs/users/jmillan/workspace/graph_matching_ws/graph_matching_gnn/.venv/lib/python3.8/site-packages (from matplotlib) (1.4.7)
Requirement already satisfied: packaging>=20.0 in /mnt/aiongpfs/users/jmillan/workspace/graph_matching_ws/graph_matching_gnn/.venv/lib/python3.8/site-packages (from matplotlib) (25.0)
Requirement already satisfied: importlib-resources>=3.2.0 in /mnt/aiongpfs/users/jmillan/workspace/graph_matching_ws/graph_matching_gnn/.venv/lib/python3.8/site-packages (from matplotlib) (6.4.5)
Requirement already satisfied: absl-py>=0.4 in /mnt/aiongpfs/users/jmillan/workspace/graph_matching_ws/graph_matching_gnn/.venv/lib/python3.8/site-packages (from tensorboard) (2.2.2)
Requirement already satisfied: grpcio>=1.48.2 in /mnt/aiongpfs/users/jmillan/workspace/graph_matching_ws/graph_matching_gnn/.venv/lib/python3.8/site-packages (from tensorboard) (1.70.0)
Requirement already satisfied: google-auth<3,>=1.6.3 in /mnt/aiongpfs/users/jmillan/workspace/graph_matching_ws/graph_matching_gnn/.venv/lib/python3.8/site-packages (from tensorboard) (2.40.1)
Requirement already satisfied: google-auth-oauthlib<1.1,>=0.5 in /mnt/aiongpfs/users/jmillan/workspace/graph_matching_ws/graph_matching_gnn/.venv/lib/python3.8/site-packages (from tensorboard) (1.0.0)
Requirement already satisfied: markdown>=2.6.8 in /mnt/aiongpfs/users/jmillan/workspace/graph_matching_ws/graph_matching_gnn/.venv/lib/python3.8/site-packages (from tensorboard) (3.7)
Requirement already satisfied: protobuf>=3.19.6 in /mnt/aiongpfs/users/jmillan/workspace/graph_matching_ws/graph_matching_gnn/.venv/lib/python3.8/site-packages (from tensorboard) (5.29.4)
Requirement already satisfied: setuptools>=41.0.0 in /mnt/aiongpfs/users/jmillan/workspace/graph_matching_ws/graph_matching_gnn/.venv/lib/python3.8/site-packages (from tensorboard) (49.2.1)
Requirement already satisfied: tensorboard-data-server<0.8.0,>=0.7.0 in /mnt/aiongpfs/users/jmillan/workspace/graph_matching_ws/graph_matching_gnn/.venv/lib/python3.8/site-packages (from tensorboard) (0.7.2)
Requirement already satisfied: werkzeug>=1.0.1 in /mnt/aiongpfs/users/jmillan/workspace/graph_matching_ws/graph_matching_gnn/.venv/lib/python3.8/site-packages (from tensorboard) (3.0.6)
Requirement already satisfied: wheel>=0.26 in /mnt/aiongpfs/users/jmillan/workspace/graph_matching_ws/graph_matching_gnn/.venv/lib/python3.8/site-packages (from tensorboard) (0.45.1)
Requirement already satisfied: alembic>=1.5.0 in /mnt/aiongpfs/users/jmillan/workspace/graph_matching_ws/graph_matching_gnn/.venv/lib/python3.8/site-packages (from optuna) (1.14.1)
Requirement already satisfied: colorlog in /mnt/aiongpfs/users/jmillan/workspace/graph_matching_ws/graph_matching_gnn/.venv/lib/python3.8/site-packages (from optuna) (6.9.0)
Requirement already satisfied: sqlalchemy>=1.4.2 in /mnt/aiongpfs/users/jmillan/workspace/graph_matching_ws/graph_matching_gnn/.venv/lib/python3.8/site-packages (from optuna) (2.0.40)
Requirement already satisfied: PyYAML in /mnt/aiongpfs/users/jmillan/workspace/graph_matching_ws/graph_matching_gnn/.venv/lib/python3.8/site-packages (from optuna) (6.0.2)
Requirement already satisfied: narwhals>=1.15.1 in /mnt/aiongpfs/users/jmillan/workspace/graph_matching_ws/graph_matching_gnn/.venv/lib/python3.8/site-packages (from plotly) (1.39.0)
Requirement already satisfied: Mako in /mnt/aiongpfs/users/jmillan/workspace/graph_matching_ws/graph_matching_gnn/.venv/lib/python3.8/site-packages (from alembic>=1.5.0->optuna) (1.3.10)
Requirement already satisfied: importlib-metadata in /mnt/aiongpfs/users/jmillan/workspace/graph_matching_ws/graph_matching_gnn/.venv/lib/python3.8/site-packages (from alembic>=1.5.0->optuna) (8.5.0)
Requirement already satisfied: cachetools<6.0,>=2.0.0 in /mnt/aiongpfs/users/jmillan/workspace/graph_matching_ws/graph_matching_gnn/.venv/lib/python3.8/site-packages (from google-auth<3,>=1.6.3->tensorboard) (5.5.2)
Requirement already satisfied: pyasn1-modules>=0.2.1 in /mnt/aiongpfs/users/jmillan/workspace/graph_matching_ws/graph_matching_gnn/.venv/lib/python3.8/site-packages (from google-auth<3,>=1.6.3->tensorboard) (0.4.2)
Requirement already satisfied: rsa<5,>=3.1.4 in /mnt/aiongpfs/users/jmillan/workspace/graph_matching_ws/graph_matching_gnn/.venv/lib/python3.8/site-packages (from google-auth<3,>=1.6.3->tensorboard) (4.9.1)
Requirement already satisfied: requests-oauthlib>=0.7.0 in /mnt/aiongpfs/users/jmillan/workspace/graph_matching_ws/graph_matching_gnn/.venv/lib/python3.8/site-packages (from google-auth-oauthlib<1.1,>=0.5->tensorboard) (2.0.0)
Requirement already satisfied: zipp>=3.1.0 in /mnt/aiongpfs/users/jmillan/workspace/graph_matching_ws/graph_matching_gnn/.venv/lib/python3.8/site-packages (from importlib-resources>=3.2.0->matplotlib) (3.20.2)
Requirement already satisfied: six>=1.5 in /mnt/aiongpfs/users/jmillan/workspace/graph_matching_ws/graph_matching_gnn/.venv/lib/python3.8/site-packages (from python-dateutil>=2.8.2->pandas) (1.17.0)
Requirement already satisfied: charset_normalizer<4,>=2 in /mnt/aiongpfs/users/jmillan/workspace/graph_matching_ws/graph_matching_gnn/.venv/lib/python3.8/site-packages (from requests->torch-geometric) (3.4.1)
Requirement already satisfied: idna<4,>=2.5 in /mnt/aiongpfs/users/jmillan/workspace/graph_matching_ws/graph_matching_gnn/.venv/lib/python3.8/site-packages (from requests->torch-geometric) (3.10)
Requirement already satisfied: urllib3<3,>=1.21.1 in /mnt/aiongpfs/users/jmillan/workspace/graph_matching_ws/graph_matching_gnn/.venv/lib/python3.8/site-packages (from requests->torch-geometric) (1.26.20)
Requirement already satisfied: certifi>=2017.4.17 in /mnt/aiongpfs/users/jmillan/workspace/graph_matching_ws/graph_matching_gnn/.venv/lib/python3.8/site-packages (from requests->torch-geometric) (2025.4.26)
Requirement already satisfied: greenlet>=1 in /mnt/aiongpfs/users/jmillan/workspace/graph_matching_ws/graph_matching_gnn/.venv/lib/python3.8/site-packages (from sqlalchemy>=1.4.2->optuna) (3.1.1)
Requirement already satisfied: MarkupSafe>=2.1.1 in /mnt/aiongpfs/users/jmillan/workspace/graph_matching_ws/graph_matching_gnn/.venv/lib/python3.8/site-packages (from werkzeug>=1.0.1->tensorboard) (2.1.5)
Requirement already satisfied: aiohappyeyeballs>=2.3.0 in /mnt/aiongpfs/users/jmillan/workspace/graph_matching_ws/graph_matching_gnn/.venv/lib/python3.8/site-packages (from aiohttp->torch-geometric) (2.4.4)
Requirement already satisfied: aiosignal>=1.1.2 in /mnt/aiongpfs/users/jmillan/workspace/graph_matching_ws/graph_matching_gnn/.venv/lib/python3.8/site-packages (from aiohttp->torch-geometric) (1.3.1)
Requirement already satisfied: attrs>=17.3.0 in /mnt/aiongpfs/users/jmillan/workspace/graph_matching_ws/graph_matching_gnn/.venv/lib/python3.8/site-packages (from aiohttp->torch-geometric) (25.3.0)
Requirement already satisfied: frozenlist>=1.1.1 in /mnt/aiongpfs/users/jmillan/workspace/graph_matching_ws/graph_matching_gnn/.venv/lib/python3.8/site-packages (from aiohttp->torch-geometric) (1.5.0)
Requirement already satisfied: multidict<7.0,>=4.5 in /mnt/aiongpfs/users/jmillan/workspace/graph_matching_ws/graph_matching_gnn/.venv/lib/python3.8/site-packages (from aiohttp->torch-geometric) (6.1.0)
Requirement already satisfied: yarl<2.0,>=1.12.0 in /mnt/aiongpfs/users/jmillan/workspace/graph_matching_ws/graph_matching_gnn/.venv/lib/python3.8/site-packages (from aiohttp->torch-geometric) (1.15.2)
Requirement already satisfied: mpmath<1.4,>=1.1.0 in /mnt/aiongpfs/users/jmillan/workspace/graph_matching_ws/graph_matching_gnn/.venv/lib/python3.8/site-packages (from sympy->torch) (1.3.0)
Requirement already satisfied: pyasn1<0.7.0,>=0.6.1 in /mnt/aiongpfs/users/jmillan/workspace/graph_matching_ws/graph_matching_gnn/.venv/lib/python3.8/site-packages (from pyasn1-modules>=0.2.1->google-auth<3,>=1.6.3->tensorboard) (0.6.1)
Requirement already satisfied: oauthlib>=3.0.0 in /mnt/aiongpfs/users/jmillan/workspace/graph_matching_ws/graph_matching_gnn/.venv/lib/python3.8/site-packages (from requests-oauthlib>=0.7.0->google-auth-oauthlib<1.1,>=0.5->tensorboard) (3.2.2)
Requirement already satisfied: propcache>=0.2.0 in /mnt/aiongpfs/users/jmillan/workspace/graph_matching_ws/graph_matching_gnn/.venv/lib/python3.8/site-packages (from yarl<2.0,>=1.12.0->aiohttp->torch-geometric) (0.2.0)
PyTorch version: 2.2.2+cu121
CUDA version: 12.1
nvcc is not installed or not in PATH.
Thu Jul 17 12:09:56 2025       
+-----------------------------------------------------------------------------------------+
| NVIDIA-SMI 565.57.01              Driver Version: 565.57.01      CUDA Version: 12.7     |
|-----------------------------------------+------------------------+----------------------+
| GPU  Name                 Persistence-M | Bus-Id          Disp.A | Volatile Uncorr. ECC |
| Fan  Temp   Perf          Pwr:Usage/Cap |           Memory-Usage | GPU-Util  Compute M. |
|                                         |                        |               MIG M. |
|=========================================+========================+======================|
|   0  Tesla V100-SXM2-16GB           On  |   00000000:1E:00.0 Off |                    0 |
| N/A   44C    P0             45W /  300W |       1MiB /  16384MiB |      0%      Default |
|                                         |                        |                  N/A |
+-----------------------------------------+------------------------+----------------------+
                                                                                         
+-----------------------------------------------------------------------------------------+
| Processes:                                                                              |
|  GPU   GI   CI        PID   Type   Process name                              GPU Memory |
|        ID   ID                                                               Usage      |
|=========================================================================================|
|  No running processes found                                                             |
+-----------------------------------------------------------------------------------------+
Loaded 4895 pairs from ./GNN/preprocessed/graph_matching/equal/original.pkl
Loaded 4895 pairs from ./GNN/preprocessed/partial_graph_matching/room_dropout_noise/noise.pkl
Loaded 700 pairs from ./GNN/preprocessed/partial_graph_matching/room_dropout_noise/train_dataset.pkl
Loaded 150 pairs from ./GNN/preprocessed/partial_graph_matching/room_dropout_noise/valid_dataset.pkl
Loaded 151 pairs from ./GNN/preprocessed/partial_graph_matching/room_dropout_noise/test_dataset.pkl
Data(x=[72, 7], edge_index=[2, 136], name='108', node_names=[72], permutation=[72])
Data(x=[72, 7], edge_index=[2, 136], name='108', node_names=[72], permutation=[72])
tensor([[0., 0., 0.,  ..., 0., 0., 0.],
        [0., 0., 0.,  ..., 0., 0., 0.],
        [0., 0., 0.,  ..., 0., 0., 0.],
        ...,
        [0., 0., 0.,  ..., 0., 0., 0.],
        [0., 0., 0.,  ..., 0., 0., 0.],
        [0., 0., 0.,  ..., 0., 0., 0.]])
torch.Size([72, 72])
MatchingModel_GATv2SinkhornTopK(
  (mlp): Sequential(
    (0): Linear(in_features=7, out_features=64, bias=True)
    (1): ReLU()
    (2): Dropout(p=0.05639706560320622, inplace=False)
    (3): Linear(in_features=64, out_features=64, bias=True)
    (4): ReLU()
    (5): Dropout(p=0.05639706560320622, inplace=False)
  )
  (gnn): ModuleList(
    (0): GATv2Conv(64, 64, heads=2)
    (1): GATv2Conv(64, 32, heads=2)
  )
  (dropout): Dropout(p=0.05639706560320622, inplace=False)
  (inst_norm): InstanceNorm2d(1, eps=1e-05, momentum=0.1, affine=True, track_running_stats=False)
)
Number of parameters: 29922
Starting training...
[Epoch 0] Saved new best model.
Epoch 000 | Train Loss: 0.0704 | Val Loss: 0.0701 | Val Acc: 0.1856
[Epoch 1] Saved new best model.
Epoch 001 | Train Loss: 0.0692 | Val Loss: 0.0686 | Val Acc: 0.3892
[Epoch 2] Saved new best model.
Epoch 002 | Train Loss: 0.0678 | Val Loss: 0.0662 | Val Acc: 0.5266
[Epoch 3] Saved new best model.
Epoch 003 | Train Loss: 0.0661 | Val Loss: 0.0643 | Val Acc: 0.5954
[Epoch 4] Saved new best model.
Epoch 004 | Train Loss: 0.0646 | Val Loss: 0.0624 | Val Acc: 0.6882
[Epoch 5] Saved new best model.
Epoch 005 | Train Loss: 0.0626 | Val Loss: 0.0585 | Val Acc: 0.8175
[Epoch 6] Saved new best model.
Epoch 006 | Train Loss: 0.0596 | Val Loss: 0.0559 | Val Acc: 0.8536
[Epoch 7] Saved new best model.
Epoch 007 | Train Loss: 0.0577 | Val Loss: 0.0539 | Val Acc: 0.8695
[Epoch 8] Saved new best model.
Epoch 008 | Train Loss: 0.0564 | Val Loss: 0.0529 | Val Acc: 0.8763
[Epoch 9] Saved new best model.
Epoch 009 | Train Loss: 0.0557 | Val Loss: 0.0524 | Val Acc: 0.8851
[Epoch 10] Saved new best model.
Epoch 010 | Train Loss: 0.0550 | Val Loss: 0.0516 | Val Acc: 0.8910
[Epoch 11] Saved new best model.
Epoch 011 | Train Loss: 0.0545 | Val Loss: 0.0511 | Val Acc: 0.8974
[Epoch 12] Saved new best model.
Epoch 012 | Train Loss: 0.0540 | Val Loss: 0.0509 | Val Acc: 0.9013
[Epoch 13] Saved new best model.
Epoch 013 | Train Loss: 0.0535 | Val Loss: 0.0504 | Val Acc: 0.8998
[Epoch 14] Saved new best model.
Epoch 014 | Train Loss: 0.0531 | Val Loss: 0.0501 | Val Acc: 0.9080
[Epoch 15] Saved new best model.
Epoch 015 | Train Loss: 0.0527 | Val Loss: 0.0499 | Val Acc: 0.9029
[Epoch 16] Saved new best model.
Epoch 016 | Train Loss: 0.0525 | Val Loss: 0.0497 | Val Acc: 0.9025
[Epoch 17] Saved new best model.
Epoch 017 | Train Loss: 0.0521 | Val Loss: 0.0494 | Val Acc: 0.9059
[Epoch 18] Saved new best model.
Epoch 018 | Train Loss: 0.0517 | Val Loss: 0.0493 | Val Acc: 0.9094
[Epoch 19] Saved new best model.
Epoch 019 | Train Loss: 0.0515 | Val Loss: 0.0492 | Val Acc: 0.9097
[Epoch 20] Saved new best model.
Epoch 020 | Train Loss: 0.0512 | Val Loss: 0.0491 | Val Acc: 0.9110
[Epoch 21] Saved new best model.
Epoch 021 | Train Loss: 0.0511 | Val Loss: 0.0491 | Val Acc: 0.9121
[Epoch 22] Saved new best model.
Epoch 022 | Train Loss: 0.0509 | Val Loss: 0.0490 | Val Acc: 0.9124
[Epoch 23] Saved new best model.
Epoch 023 | Train Loss: 0.0509 | Val Loss: 0.0490 | Val Acc: 0.9131
Epoch 024 | Train Loss: 0.0508 | Val Loss: 0.0490 | Val Acc: 0.9154
[Epoch 25] Saved new best model.
Epoch 025 | Train Loss: 0.0508 | Val Loss: 0.0490 | Val Acc: 0.9114
[Epoch 26] Saved new best model.
Epoch 026 | Train Loss: 0.0507 | Val Loss: 0.0489 | Val Acc: 0.9126
Epoch 027 | Train Loss: 0.0507 | Val Loss: 0.0489 | Val Acc: 0.9132
[Epoch 28] Saved new best model.
Epoch 028 | Train Loss: 0.0505 | Val Loss: 0.0488 | Val Acc: 0.9151
[Epoch 29] Saved new best model.
Epoch 029 | Train Loss: 0.0504 | Val Loss: 0.0486 | Val Acc: 0.9263
Epoch 030 | Train Loss: 0.0503 | Val Loss: 0.0488 | Val Acc: 0.9197
[Epoch 31] Saved new best model.
Epoch 031 | Train Loss: 0.0503 | Val Loss: 0.0484 | Val Acc: 0.9333
[Epoch 32] Saved new best model.
Epoch 032 | Train Loss: 0.0500 | Val Loss: 0.0480 | Val Acc: 0.9508
Epoch 033 | Train Loss: 0.0499 | Val Loss: 0.0480 | Val Acc: 0.9461
[Epoch 34] Saved new best model.
Epoch 034 | Train Loss: 0.0499 | Val Loss: 0.0478 | Val Acc: 0.9546
[Epoch 35] Saved new best model.
Epoch 035 | Train Loss: 0.0497 | Val Loss: 0.0478 | Val Acc: 0.9469
[Epoch 36] Saved new best model.
Epoch 036 | Train Loss: 0.0497 | Val Loss: 0.0477 | Val Acc: 0.9496
Epoch 037 | Train Loss: 0.0496 | Val Loss: 0.0479 | Val Acc: 0.9414
[Epoch 38] Saved new best model.
Epoch 038 | Train Loss: 0.0495 | Val Loss: 0.0476 | Val Acc: 0.9569
Epoch 039 | Train Loss: 0.0496 | Val Loss: 0.0476 | Val Acc: 0.9510
[Epoch 40] Saved new best model.
Epoch 040 | Train Loss: 0.0495 | Val Loss: 0.0474 | Val Acc: 0.9592
Epoch 041 | Train Loss: 0.0493 | Val Loss: 0.0475 | Val Acc: 0.9514
Epoch 042 | Train Loss: 0.0494 | Val Loss: 0.0475 | Val Acc: 0.9512
Epoch 043 | Train Loss: 0.0493 | Val Loss: 0.0474 | Val Acc: 0.9566
[Epoch 44] Saved new best model.
Epoch 044 | Train Loss: 0.0491 | Val Loss: 0.0474 | Val Acc: 0.9591
[Epoch 45] Saved new best model.
Epoch 045 | Train Loss: 0.0491 | Val Loss: 0.0473 | Val Acc: 0.9583
[Epoch 46] Saved new best model.
Epoch 046 | Train Loss: 0.0492 | Val Loss: 0.0473 | Val Acc: 0.9591
[Epoch 47] Saved new best model.
Epoch 047 | Train Loss: 0.0491 | Val Loss: 0.0472 | Val Acc: 0.9623
Epoch 048 | Train Loss: 0.0489 | Val Loss: 0.0473 | Val Acc: 0.9594
[Epoch 49] Saved new best model.
Epoch 049 | Train Loss: 0.0490 | Val Loss: 0.0471 | Val Acc: 0.9682
[Epoch 50] Saved new best model.
Epoch 050 | Train Loss: 0.0490 | Val Loss: 0.0471 | Val Acc: 0.9691
Epoch 051 | Train Loss: 0.0489 | Val Loss: 0.0472 | Val Acc: 0.9600
Epoch 052 | Train Loss: 0.0490 | Val Loss: 0.0472 | Val Acc: 0.9629
[Epoch 53] Saved new best model.
Epoch 053 | Train Loss: 0.0488 | Val Loss: 0.0471 | Val Acc: 0.9693
[Epoch 54] Saved new best model.
Epoch 054 | Train Loss: 0.0489 | Val Loss: 0.0470 | Val Acc: 0.9688
Epoch 055 | Train Loss: 0.0488 | Val Loss: 0.0470 | Val Acc: 0.9640
Epoch 056 | Train Loss: 0.0488 | Val Loss: 0.0471 | Val Acc: 0.9610
Epoch 057 | Train Loss: 0.0488 | Val Loss: 0.0471 | Val Acc: 0.9660
[Epoch 58] Saved new best model.
Epoch 058 | Train Loss: 0.0487 | Val Loss: 0.0470 | Val Acc: 0.9677
[Epoch 59] Saved new best model.
Epoch 059 | Train Loss: 0.0487 | Val Loss: 0.0469 | Val Acc: 0.9718
[Epoch 60] Saved new best model.
Epoch 060 | Train Loss: 0.0486 | Val Loss: 0.0469 | Val Acc: 0.9726
Epoch 061 | Train Loss: 0.0486 | Val Loss: 0.0470 | Val Acc: 0.9641
Epoch 062 | Train Loss: 0.0486 | Val Loss: 0.0469 | Val Acc: 0.9714
Epoch 063 | Train Loss: 0.0486 | Val Loss: 0.0471 | Val Acc: 0.9645
Epoch 064 | Train Loss: 0.0487 | Val Loss: 0.0470 | Val Acc: 0.9673
Epoch 065 | Train Loss: 0.0486 | Val Loss: 0.0469 | Val Acc: 0.9672
Epoch 066 | Train Loss: 0.0486 | Val Loss: 0.0469 | Val Acc: 0.9675
[Epoch 67] Saved new best model.
Epoch 067 | Train Loss: 0.0486 | Val Loss: 0.0469 | Val Acc: 0.9721
[Epoch 68] Saved new best model.
Epoch 068 | Train Loss: 0.0485 | Val Loss: 0.0468 | Val Acc: 0.9717
Epoch 069 | Train Loss: 0.0485 | Val Loss: 0.0469 | Val Acc: 0.9699
Epoch 070 | Train Loss: 0.0485 | Val Loss: 0.0468 | Val Acc: 0.9713
Epoch 071 | Train Loss: 0.0486 | Val Loss: 0.0469 | Val Acc: 0.9683
Epoch 072 | Train Loss: 0.0485 | Val Loss: 0.0469 | Val Acc: 0.9681
[Epoch 73] Saved new best model.
Epoch 073 | Train Loss: 0.0485 | Val Loss: 0.0468 | Val Acc: 0.9720
Epoch 074 | Train Loss: 0.0484 | Val Loss: 0.0470 | Val Acc: 0.9652
[Epoch 75] Saved new best model.
Epoch 075 | Train Loss: 0.0484 | Val Loss: 0.0467 | Val Acc: 0.9724
Epoch 076 | Train Loss: 0.0486 | Val Loss: 0.0468 | Val Acc: 0.9709
Epoch 077 | Train Loss: 0.0484 | Val Loss: 0.0469 | Val Acc: 0.9634
Epoch 078 | Train Loss: 0.0485 | Val Loss: 0.0468 | Val Acc: 0.9678
Epoch 079 | Train Loss: 0.0484 | Val Loss: 0.0468 | Val Acc: 0.9714
Epoch 080 | Train Loss: 0.0484 | Val Loss: 0.0468 | Val Acc: 0.9686
Epoch 081 | Train Loss: 0.0484 | Val Loss: 0.0469 | Val Acc: 0.9691
Epoch 082 | Train Loss: 0.0483 | Val Loss: 0.0467 | Val Acc: 0.9692
Epoch 083 | Train Loss: 0.0484 | Val Loss: 0.0468 | Val Acc: 0.9710
[Epoch 84] Saved new best model.
Epoch 084 | Train Loss: 0.0484 | Val Loss: 0.0467 | Val Acc: 0.9732
Epoch 085 | Train Loss: 0.0483 | Val Loss: 0.0468 | Val Acc: 0.9709
Epoch 086 | Train Loss: 0.0483 | Val Loss: 0.0468 | Val Acc: 0.9678
Epoch 087 | Train Loss: 0.0483 | Val Loss: 0.0468 | Val Acc: 0.9692
Epoch 088 | Train Loss: 0.0483 | Val Loss: 0.0468 | Val Acc: 0.9718
Epoch 089 | Train Loss: 0.0483 | Val Loss: 0.0467 | Val Acc: 0.9737
Epoch 090 | Train Loss: 0.0484 | Val Loss: 0.0467 | Val Acc: 0.9719
Epoch 091 | Train Loss: 0.0484 | Val Loss: 0.0467 | Val Acc: 0.9712
Epoch 092 | Train Loss: 0.0482 | Val Loss: 0.0468 | Val Acc: 0.9700
[Epoch 93] Saved new best model.
Epoch 093 | Train Loss: 0.0482 | Val Loss: 0.0467 | Val Acc: 0.9731
Epoch 094 | Train Loss: 0.0482 | Val Loss: 0.0467 | Val Acc: 0.9705
Epoch 095 | Train Loss: 0.0483 | Val Loss: 0.0467 | Val Acc: 0.9728
Epoch 096 | Train Loss: 0.0483 | Val Loss: 0.0467 | Val Acc: 0.9740
[Epoch 97] Saved new best model.
Epoch 097 | Train Loss: 0.0482 | Val Loss: 0.0467 | Val Acc: 0.9740
Epoch 098 | Train Loss: 0.0482 | Val Loss: 0.0467 | Val Acc: 0.9743
Epoch 099 | Train Loss: 0.0482 | Val Loss: 0.0468 | Val Acc: 0.9662
Epoch 100 | Train Loss: 0.0483 | Val Loss: 0.0468 | Val Acc: 0.9705
Epoch 101 | Train Loss: 0.0483 | Val Loss: 0.0467 | Val Acc: 0.9696
Epoch 102 | Train Loss: 0.0481 | Val Loss: 0.0469 | Val Acc: 0.9649
Epoch 103 | Train Loss: 0.0482 | Val Loss: 0.0468 | Val Acc: 0.9647
Epoch 104 | Train Loss: 0.0482 | Val Loss: 0.0468 | Val Acc: 0.9710
Epoch 105 | Train Loss: 0.0481 | Val Loss: 0.0467 | Val Acc: 0.9713
[Epoch 106] Saved new best model.
Epoch 106 | Train Loss: 0.0482 | Val Loss: 0.0466 | Val Acc: 0.9716
Epoch 107 | Train Loss: 0.0482 | Val Loss: 0.0467 | Val Acc: 0.9734
[Epoch 108] Saved new best model.
Epoch 108 | Train Loss: 0.0482 | Val Loss: 0.0466 | Val Acc: 0.9734
[Epoch 109] Saved new best model.
Epoch 109 | Train Loss: 0.0481 | Val Loss: 0.0466 | Val Acc: 0.9743
Epoch 110 | Train Loss: 0.0481 | Val Loss: 0.0467 | Val Acc: 0.9730
[Epoch 111] Saved new best model.
Epoch 111 | Train Loss: 0.0482 | Val Loss: 0.0465 | Val Acc: 0.9759
Epoch 112 | Train Loss: 0.0482 | Val Loss: 0.0467 | Val Acc: 0.9713
Epoch 113 | Train Loss: 0.0482 | Val Loss: 0.0466 | Val Acc: 0.9757
Epoch 114 | Train Loss: 0.0482 | Val Loss: 0.0467 | Val Acc: 0.9708
Epoch 115 | Train Loss: 0.0481 | Val Loss: 0.0468 | Val Acc: 0.9682
Epoch 116 | Train Loss: 0.0480 | Val Loss: 0.0466 | Val Acc: 0.9747
Epoch 117 | Train Loss: 0.0482 | Val Loss: 0.0466 | Val Acc: 0.9748
Epoch 118 | Train Loss: 0.0481 | Val Loss: 0.0466 | Val Acc: 0.9746
Epoch 119 | Train Loss: 0.0482 | Val Loss: 0.0466 | Val Acc: 0.9730
Epoch 120 | Train Loss: 0.0481 | Val Loss: 0.0466 | Val Acc: 0.9739
[Epoch 121] Saved new best model.
Epoch 121 | Train Loss: 0.0480 | Val Loss: 0.0465 | Val Acc: 0.9766
Epoch 122 | Train Loss: 0.0480 | Val Loss: 0.0467 | Val Acc: 0.9716
Epoch 123 | Train Loss: 0.0481 | Val Loss: 0.0467 | Val Acc: 0.9747
Epoch 124 | Train Loss: 0.0479 | Val Loss: 0.0466 | Val Acc: 0.9764
Epoch 125 | Train Loss: 0.0481 | Val Loss: 0.0467 | Val Acc: 0.9708
Epoch 126 | Train Loss: 0.0481 | Val Loss: 0.0466 | Val Acc: 0.9740
Epoch 127 | Train Loss: 0.0480 | Val Loss: 0.0465 | Val Acc: 0.9734
Epoch 128 | Train Loss: 0.0482 | Val Loss: 0.0466 | Val Acc: 0.9771
Epoch 129 | Train Loss: 0.0481 | Val Loss: 0.0466 | Val Acc: 0.9741
Epoch 130 | Train Loss: 0.0480 | Val Loss: 0.0466 | Val Acc: 0.9719
Epoch 131 | Train Loss: 0.0480 | Val Loss: 0.0465 | Val Acc: 0.9757
Epoch 132 | Train Loss: 0.0480 | Val Loss: 0.0466 | Val Acc: 0.9707
Epoch 133 | Train Loss: 0.0479 | Val Loss: 0.0466 | Val Acc: 0.9721
Epoch 134 | Train Loss: 0.0481 | Val Loss: 0.0465 | Val Acc: 0.9758
Epoch 135 | Train Loss: 0.0481 | Val Loss: 0.0467 | Val Acc: 0.9710
Epoch 136 | Train Loss: 0.0480 | Val Loss: 0.0466 | Val Acc: 0.9738
Epoch 137 | Train Loss: 0.0480 | Val Loss: 0.0466 | Val Acc: 0.9765
Epoch 138 | Train Loss: 0.0480 | Val Loss: 0.0465 | Val Acc: 0.9758
Epoch 139 | Train Loss: 0.0479 | Val Loss: 0.0465 | Val Acc: 0.9760
[Epoch 140] Saved new best model.
Epoch 140 | Train Loss: 0.0480 | Val Loss: 0.0465 | Val Acc: 0.9757
Epoch 141 | Train Loss: 0.0479 | Val Loss: 0.0465 | Val Acc: 0.9758
Epoch 142 | Train Loss: 0.0479 | Val Loss: 0.0465 | Val Acc: 0.9769
Epoch 143 | Train Loss: 0.0479 | Val Loss: 0.0466 | Val Acc: 0.9742
Epoch 144 | Train Loss: 0.0480 | Val Loss: 0.0465 | Val Acc: 0.9740
Epoch 145 | Train Loss: 0.0479 | Val Loss: 0.0465 | Val Acc: 0.9757
Epoch 146 | Train Loss: 0.0479 | Val Loss: 0.0466 | Val Acc: 0.9723
Epoch 147 | Train Loss: 0.0479 | Val Loss: 0.0466 | Val Acc: 0.9723
Epoch 148 | Train Loss: 0.0479 | Val Loss: 0.0466 | Val Acc: 0.9710
Epoch 149 | Train Loss: 0.0479 | Val Loss: 0.0466 | Val Acc: 0.9719
Epoch 150 | Train Loss: 0.0480 | Val Loss: 0.0466 | Val Acc: 0.9730
[Epoch 151] Saved new best model.
Epoch 151 | Train Loss: 0.0479 | Val Loss: 0.0465 | Val Acc: 0.9780
Epoch 152 | Train Loss: 0.0479 | Val Loss: 0.0465 | Val Acc: 0.9783
Epoch 153 | Train Loss: 0.0479 | Val Loss: 0.0465 | Val Acc: 0.9754
Epoch 154 | Train Loss: 0.0480 | Val Loss: 0.0465 | Val Acc: 0.9753
Epoch 155 | Train Loss: 0.0479 | Val Loss: 0.0466 | Val Acc: 0.9743
Epoch 156 | Train Loss: 0.0479 | Val Loss: 0.0465 | Val Acc: 0.9757
Epoch 157 | Train Loss: 0.0480 | Val Loss: 0.0466 | Val Acc: 0.9733
Epoch 158 | Train Loss: 0.0479 | Val Loss: 0.0466 | Val Acc: 0.9729
Epoch 159 | Train Loss: 0.0481 | Val Loss: 0.0466 | Val Acc: 0.9689
[Epoch 160] Saved new best model.
Epoch 160 | Train Loss: 0.0479 | Val Loss: 0.0464 | Val Acc: 0.9761
[Epoch 161] Saved new best model.
Epoch 161 | Train Loss: 0.0478 | Val Loss: 0.0464 | Val Acc: 0.9772
Epoch 162 | Train Loss: 0.0478 | Val Loss: 0.0465 | Val Acc: 0.9723
Epoch 163 | Train Loss: 0.0480 | Val Loss: 0.0465 | Val Acc: 0.9727
Epoch 164 | Train Loss: 0.0480 | Val Loss: 0.0465 | Val Acc: 0.9748
Epoch 165 | Train Loss: 0.0479 | Val Loss: 0.0465 | Val Acc: 0.9755
Epoch 166 | Train Loss: 0.0479 | Val Loss: 0.0465 | Val Acc: 0.9743
Epoch 167 | Train Loss: 0.0479 | Val Loss: 0.0465 | Val Acc: 0.9745
Epoch 168 | Train Loss: 0.0480 | Val Loss: 0.0465 | Val Acc: 0.9716
Epoch 169 | Train Loss: 0.0479 | Val Loss: 0.0465 | Val Acc: 0.9739
Epoch 170 | Train Loss: 0.0478 | Val Loss: 0.0464 | Val Acc: 0.9750
[Epoch 171] Saved new best model.
Epoch 171 | Train Loss: 0.0478 | Val Loss: 0.0464 | Val Acc: 0.9778
Epoch 172 | Train Loss: 0.0479 | Val Loss: 0.0465 | Val Acc: 0.9736
Epoch 173 | Train Loss: 0.0479 | Val Loss: 0.0465 | Val Acc: 0.9751
Epoch 174 | Train Loss: 0.0478 | Val Loss: 0.0464 | Val Acc: 0.9746
Epoch 175 | Train Loss: 0.0478 | Val Loss: 0.0465 | Val Acc: 0.9750
Epoch 176 | Train Loss: 0.0478 | Val Loss: 0.0465 | Val Acc: 0.9731
Epoch 177 | Train Loss: 0.0478 | Val Loss: 0.0464 | Val Acc: 0.9778
Epoch 178 | Train Loss: 0.0478 | Val Loss: 0.0465 | Val Acc: 0.9729
[Epoch 179] Saved new best model.
Epoch 179 | Train Loss: 0.0478 | Val Loss: 0.0464 | Val Acc: 0.9761
Epoch 180 | Train Loss: 0.0477 | Val Loss: 0.0464 | Val Acc: 0.9760
Epoch 181 | Train Loss: 0.0479 | Val Loss: 0.0465 | Val Acc: 0.9731
Epoch 182 | Train Loss: 0.0480 | Val Loss: 0.0466 | Val Acc: 0.9723
Epoch 183 | Train Loss: 0.0478 | Val Loss: 0.0464 | Val Acc: 0.9741
Epoch 184 | Train Loss: 0.0478 | Val Loss: 0.0464 | Val Acc: 0.9765
Epoch 185 | Train Loss: 0.0477 | Val Loss: 0.0465 | Val Acc: 0.9746
[Epoch 186] Saved new best model.
Epoch 186 | Train Loss: 0.0478 | Val Loss: 0.0464 | Val Acc: 0.9766
Epoch 187 | Train Loss: 0.0478 | Val Loss: 0.0464 | Val Acc: 0.9761
Epoch 188 | Train Loss: 0.0478 | Val Loss: 0.0464 | Val Acc: 0.9745
Epoch 189 | Train Loss: 0.0479 | Val Loss: 0.0464 | Val Acc: 0.9734
Epoch 190 | Train Loss: 0.0478 | Val Loss: 0.0464 | Val Acc: 0.9750
Epoch 191 | Train Loss: 0.0478 | Val Loss: 0.0464 | Val Acc: 0.9747
Epoch 192 | Train Loss: 0.0478 | Val Loss: 0.0464 | Val Acc: 0.9757
Epoch 193 | Train Loss: 0.0478 | Val Loss: 0.0464 | Val Acc: 0.9770
Epoch 194 | Train Loss: 0.0479 | Val Loss: 0.0464 | Val Acc: 0.9735
Epoch 195 | Train Loss: 0.0479 | Val Loss: 0.0465 | Val Acc: 0.9712
Epoch 196 | Train Loss: 0.0479 | Val Loss: 0.0465 | Val Acc: 0.9747
Epoch 197 | Train Loss: 0.0479 | Val Loss: 0.0464 | Val Acc: 0.9742
Epoch 198 | Train Loss: 0.0477 | Val Loss: 0.0464 | Val Acc: 0.9741
Epoch 199 | Train Loss: 0.0477 | Val Loss: 0.0464 | Val Acc: 0.9754
Epoch 200 | Train Loss: 0.0477 | Val Loss: 0.0465 | Val Acc: 0.9729
Epoch 201 | Train Loss: 0.0478 | Val Loss: 0.0464 | Val Acc: 0.9744
Epoch 202 | Train Loss: 0.0477 | Val Loss: 0.0464 | Val Acc: 0.9749
Epoch 203 | Train Loss: 0.0477 | Val Loss: 0.0466 | Val Acc: 0.9677
Epoch 204 | Train Loss: 0.0478 | Val Loss: 0.0464 | Val Acc: 0.9757
[Epoch 205] Saved new best model.
Epoch 205 | Train Loss: 0.0478 | Val Loss: 0.0464 | Val Acc: 0.9736
Epoch 206 | Train Loss: 0.0478 | Val Loss: 0.0464 | Val Acc: 0.9743
Epoch 207 | Train Loss: 0.0478 | Val Loss: 0.0464 | Val Acc: 0.9756
Epoch 208 | Train Loss: 0.0478 | Val Loss: 0.0464 | Val Acc: 0.9731
Epoch 209 | Train Loss: 0.0478 | Val Loss: 0.0465 | Val Acc: 0.9710
Epoch 210 | Train Loss: 0.0479 | Val Loss: 0.0466 | Val Acc: 0.9682
Epoch 211 | Train Loss: 0.0478 | Val Loss: 0.0464 | Val Acc: 0.9723
Epoch 212 | Train Loss: 0.0478 | Val Loss: 0.0464 | Val Acc: 0.9729
[Epoch 213] Saved new best model.
Epoch 213 | Train Loss: 0.0478 | Val Loss: 0.0464 | Val Acc: 0.9751
Epoch 214 | Train Loss: 0.0478 | Val Loss: 0.0464 | Val Acc: 0.9737
Epoch 215 | Train Loss: 0.0478 | Val Loss: 0.0464 | Val Acc: 0.9733
Epoch 216 | Train Loss: 0.0478 | Val Loss: 0.0466 | Val Acc: 0.9647
Epoch 217 | Train Loss: 0.0477 | Val Loss: 0.0464 | Val Acc: 0.9734
Epoch 218 | Train Loss: 0.0478 | Val Loss: 0.0465 | Val Acc: 0.9698
Epoch 219 | Train Loss: 0.0477 | Val Loss: 0.0464 | Val Acc: 0.9743
Epoch 220 | Train Loss: 0.0478 | Val Loss: 0.0464 | Val Acc: 0.9732
Epoch 221 | Train Loss: 0.0479 | Val Loss: 0.0464 | Val Acc: 0.9737
[Epoch 222] Saved new best model.
Epoch 222 | Train Loss: 0.0478 | Val Loss: 0.0463 | Val Acc: 0.9765
Epoch 223 | Train Loss: 0.0478 | Val Loss: 0.0466 | Val Acc: 0.9658
Epoch 224 | Train Loss: 0.0478 | Val Loss: 0.0465 | Val Acc: 0.9718
Epoch 225 | Train Loss: 0.0478 | Val Loss: 0.0465 | Val Acc: 0.9695
Epoch 226 | Train Loss: 0.0478 | Val Loss: 0.0464 | Val Acc: 0.9749
Epoch 227 | Train Loss: 0.0478 | Val Loss: 0.0464 | Val Acc: 0.9710
Epoch 228 | Train Loss: 0.0477 | Val Loss: 0.0465 | Val Acc: 0.9676
Epoch 229 | Train Loss: 0.0477 | Val Loss: 0.0464 | Val Acc: 0.9750
Epoch 230 | Train Loss: 0.0478 | Val Loss: 0.0464 | Val Acc: 0.9736
Epoch 231 | Train Loss: 0.0478 | Val Loss: 0.0464 | Val Acc: 0.9744
Epoch 232 | Train Loss: 0.0477 | Val Loss: 0.0464 | Val Acc: 0.9710
[Epoch 233] Saved new best model.
Epoch 233 | Train Loss: 0.0477 | Val Loss: 0.0463 | Val Acc: 0.9754
Epoch 234 | Train Loss: 0.0477 | Val Loss: 0.0465 | Val Acc: 0.9711
Epoch 235 | Train Loss: 0.0477 | Val Loss: 0.0464 | Val Acc: 0.9733
Epoch 236 | Train Loss: 0.0477 | Val Loss: 0.0464 | Val Acc: 0.9719
Epoch 237 | Train Loss: 0.0478 | Val Loss: 0.0464 | Val Acc: 0.9744
Epoch 238 | Train Loss: 0.0476 | Val Loss: 0.0465 | Val Acc: 0.9700
Epoch 239 | Train Loss: 0.0477 | Val Loss: 0.0464 | Val Acc: 0.9738
Epoch 240 | Train Loss: 0.0476 | Val Loss: 0.0467 | Val Acc: 0.9631
Epoch 241 | Train Loss: 0.0478 | Val Loss: 0.0465 | Val Acc: 0.9715
Epoch 242 | Train Loss: 0.0478 | Val Loss: 0.0464 | Val Acc: 0.9716
Epoch 243 | Train Loss: 0.0477 | Val Loss: 0.0464 | Val Acc: 0.9751
Epoch 244 | Train Loss: 0.0476 | Val Loss: 0.0463 | Val Acc: 0.9747
Epoch 245 | Train Loss: 0.0476 | Val Loss: 0.0463 | Val Acc: 0.9738
Epoch 246 | Train Loss: 0.0477 | Val Loss: 0.0463 | Val Acc: 0.9730
[Epoch 247] Saved new best model.
Epoch 247 | Train Loss: 0.0476 | Val Loss: 0.0463 | Val Acc: 0.9757
Epoch 248 | Train Loss: 0.0476 | Val Loss: 0.0464 | Val Acc: 0.9737
Epoch 249 | Train Loss: 0.0479 | Val Loss: 0.0466 | Val Acc: 0.9643
Epoch 250 | Train Loss: 0.0477 | Val Loss: 0.0463 | Val Acc: 0.9768
[Epoch 251] Saved new best model.
Epoch 251 | Train Loss: 0.0476 | Val Loss: 0.0463 | Val Acc: 0.9742
[Epoch 252] Saved new best model.
Epoch 252 | Train Loss: 0.0477 | Val Loss: 0.0463 | Val Acc: 0.9758
Epoch 253 | Train Loss: 0.0476 | Val Loss: 0.0464 | Val Acc: 0.9693
Epoch 254 | Train Loss: 0.0478 | Val Loss: 0.0466 | Val Acc: 0.9646
Epoch 255 | Train Loss: 0.0476 | Val Loss: 0.0463 | Val Acc: 0.9760
[Epoch 256] Saved new best model.
Epoch 256 | Train Loss: 0.0477 | Val Loss: 0.0463 | Val Acc: 0.9750
[Epoch 257] Saved new best model.
Epoch 257 | Train Loss: 0.0477 | Val Loss: 0.0463 | Val Acc: 0.9768
Epoch 258 | Train Loss: 0.0476 | Val Loss: 0.0464 | Val Acc: 0.9708
Epoch 259 | Train Loss: 0.0477 | Val Loss: 0.0464 | Val Acc: 0.9712
Epoch 260 | Train Loss: 0.0477 | Val Loss: 0.0464 | Val Acc: 0.9701
Epoch 261 | Train Loss: 0.0476 | Val Loss: 0.0463 | Val Acc: 0.9735
Epoch 262 | Train Loss: 0.0478 | Val Loss: 0.0464 | Val Acc: 0.9710
Epoch 263 | Train Loss: 0.0477 | Val Loss: 0.0463 | Val Acc: 0.9726
Epoch 264 | Train Loss: 0.0475 | Val Loss: 0.0463 | Val Acc: 0.9735
Epoch 265 | Train Loss: 0.0476 | Val Loss: 0.0463 | Val Acc: 0.9727
Epoch 266 | Train Loss: 0.0477 | Val Loss: 0.0464 | Val Acc: 0.9732
Epoch 267 | Train Loss: 0.0476 | Val Loss: 0.0464 | Val Acc: 0.9718
Epoch 268 | Train Loss: 0.0476 | Val Loss: 0.0464 | Val Acc: 0.9719
Epoch 269 | Train Loss: 0.0476 | Val Loss: 0.0464 | Val Acc: 0.9709
Epoch 270 | Train Loss: 0.0476 | Val Loss: 0.0463 | Val Acc: 0.9736
Epoch 271 | Train Loss: 0.0477 | Val Loss: 0.0464 | Val Acc: 0.9719
Epoch 272 | Train Loss: 0.0477 | Val Loss: 0.0464 | Val Acc: 0.9706
Epoch 273 | Train Loss: 0.0479 | Val Loss: 0.0464 | Val Acc: 0.9713
Epoch 274 | Train Loss: 0.0480 | Val Loss: 0.0464 | Val Acc: 0.9725
Epoch 275 | Train Loss: 0.0479 | Val Loss: 0.0464 | Val Acc: 0.9677
Epoch 276 | Train Loss: 0.0479 | Val Loss: 0.0464 | Val Acc: 0.9707
Epoch 277 | Train Loss: 0.0477 | Val Loss: 0.0463 | Val Acc: 0.9734
Epoch 278 | Train Loss: 0.0478 | Val Loss: 0.0464 | Val Acc: 0.9718
Epoch 279 | Train Loss: 0.0478 | Val Loss: 0.0463 | Val Acc: 0.9752
Epoch 280 | Train Loss: 0.0476 | Val Loss: 0.0463 | Val Acc: 0.9765
Epoch 281 | Train Loss: 0.0476 | Val Loss: 0.0463 | Val Acc: 0.9727
Epoch 282 | Train Loss: 0.0477 | Val Loss: 0.0464 | Val Acc: 0.9717
Epoch 283 | Train Loss: 0.0476 | Val Loss: 0.0464 | Val Acc: 0.9729
Epoch 284 | Train Loss: 0.0477 | Val Loss: 0.0463 | Val Acc: 0.9737
Epoch 285 | Train Loss: 0.0476 | Val Loss: 0.0464 | Val Acc: 0.9706
Epoch 286 | Train Loss: 0.0477 | Val Loss: 0.0463 | Val Acc: 0.9735
Epoch 287 | Train Loss: 0.0478 | Val Loss: 0.0463 | Val Acc: 0.9723
Early stopping triggered at epoch 287. Best was 257.
Final model saved.
Test Accuracy: 0.9728 | Test Loss: 0.0460
Traceback (most recent call last):
  File "pgm_training_room.py", line 2037, in <module>
    result = predict_matching_matrix(model, g1_out, g2_perm, use_hungarian=False)
  File "pgm_training_room.py", line 1044, in predict_matching_matrix
    sim_matrix_list, _ = model(data1, data2, batch_idx1, batch_idx2, inference=True)
  File "/mnt/aiongpfs/users/jmillan/workspace/graph_matching_ws/graph_matching_gnn/.venv/lib/python3.8/site-packages/torch/nn/modules/module.py", line 1511, in _wrapped_call_impl
    return self._call_impl(*args, **kwargs)
  File "/mnt/aiongpfs/users/jmillan/workspace/graph_matching_ws/graph_matching_gnn/.venv/lib/python3.8/site-packages/torch/nn/modules/module.py", line 1520, in _call_impl
    return forward_call(*args, **kwargs)
  File "pgm_training_room.py", line 1420, in forward
    batch_idx2 = batch2.batch.to(device) if batch_idx2 is None else batch_idx2.to(device)
AttributeError: 'NoneType' object has no attribute 'to'
=== SLURM JOB ENDED ===
