=== SLURM JOB STARTED ===
Date: Sun Aug 10 12:23:54 CEST 2025
Running on node: iris-183
Job ID: 4322707
Job directory: /mnt/aiongpfs/users/jmillan/workspace/graph_matching_ws/graph_matching_gnn/graph_matching
Current directory: /home/users/jmillan/workspace/graph_matching_ws/graph_matching_gnn/graph_matching
Loaded modules:

Currently Loaded Modules:
  1) env/release/default (S)

  Where:
   S:  Module is Sticky, requires --force to unload or purge

 

The following modules were not unloaded:
  (Use "module --force purge" to unload all):

  1) env/release/default

Lmod is automatically replacing "env/release/default" with "env/legacy/2020b".

Activating virtualenv...
Python path: /mnt/aiongpfs/users/jmillan/workspace/graph_matching_ws/graph_matching_gnn/.venv/bin/python3
Python 3.8.6
Checking GPU availability...
Sun Aug 10 12:23:56 2025       
+-----------------------------------------------------------------------------------------+
| NVIDIA-SMI 565.57.01              Driver Version: 565.57.01      CUDA Version: 12.7     |
|-----------------------------------------+------------------------+----------------------+
| GPU  Name                 Persistence-M | Bus-Id          Disp.A | Volatile Uncorr. ECC |
| Fan  Temp   Perf          Pwr:Usage/Cap |           Memory-Usage | GPU-Util  Compute M. |
|                                         |                        |               MIG M. |
|=========================================+========================+======================|
|   0  Tesla V100-SXM2-16GB           On  |   00000000:1A:00.0 Off |                    0 |
| N/A   40C    P0             43W /  300W |       1MiB /  16384MiB |      0%      Default |
|                                         |                        |                  N/A |
+-----------------------------------------+------------------------+----------------------+
                                                                                         
+-----------------------------------------------------------------------------------------+
| Processes:                                                                              |
|  GPU   GI   CI        PID   Type   Process name                              GPU Memory |
|        ID   ID                                                               Usage      |
|=========================================================================================|
|  No running processes found                                                             |
+-----------------------------------------------------------------------------------------+
CUDA available: True
CUDA device: Tesla V100-SXM2-16GB
Launching Python script...
Requirement already satisfied: torch in /mnt/aiongpfs/users/jmillan/workspace/graph_matching_ws/graph_matching_gnn/.venv/lib/python3.8/site-packages (2.2.2)
Requirement already satisfied: torch-geometric in /mnt/aiongpfs/users/jmillan/workspace/graph_matching_ws/graph_matching_gnn/.venv/lib/python3.8/site-packages (2.6.1)
Requirement already satisfied: scikit-learn in /mnt/aiongpfs/users/jmillan/workspace/graph_matching_ws/graph_matching_gnn/.venv/lib/python3.8/site-packages (1.3.2)
Requirement already satisfied: pandas in /mnt/aiongpfs/users/jmillan/workspace/graph_matching_ws/graph_matching_gnn/.venv/lib/python3.8/site-packages (2.0.3)
Requirement already satisfied: shapely in /mnt/aiongpfs/users/jmillan/workspace/graph_matching_ws/graph_matching_gnn/.venv/lib/python3.8/site-packages (2.0.7)
Requirement already satisfied: seaborn in /mnt/aiongpfs/users/jmillan/workspace/graph_matching_ws/graph_matching_gnn/.venv/lib/python3.8/site-packages (0.13.2)
Requirement already satisfied: pygmtools in /mnt/aiongpfs/users/jmillan/workspace/graph_matching_ws/graph_matching_gnn/.venv/lib/python3.8/site-packages (0.5.3)
Requirement already satisfied: numpy in /mnt/aiongpfs/users/jmillan/workspace/graph_matching_ws/graph_matching_gnn/.venv/lib/python3.8/site-packages (1.24.4)
Requirement already satisfied: moviepy<2.0.0 in /mnt/aiongpfs/users/jmillan/workspace/graph_matching_ws/graph_matching_gnn/.venv/lib/python3.8/site-packages (1.0.3)
Requirement already satisfied: matplotlib in /mnt/aiongpfs/users/jmillan/workspace/graph_matching_ws/graph_matching_gnn/.venv/lib/python3.8/site-packages (3.7.5)
Requirement already satisfied: tensorboard in /mnt/aiongpfs/users/jmillan/workspace/graph_matching_ws/graph_matching_gnn/.venv/lib/python3.8/site-packages (2.14.0)
Requirement already satisfied: optuna in /mnt/aiongpfs/users/jmillan/workspace/graph_matching_ws/graph_matching_gnn/.venv/lib/python3.8/site-packages (4.3.0)
Requirement already satisfied: plotly in /mnt/aiongpfs/users/jmillan/workspace/graph_matching_ws/graph_matching_gnn/.venv/lib/python3.8/site-packages (6.0.1)
Requirement already satisfied: kaleido in /mnt/aiongpfs/users/jmillan/workspace/graph_matching_ws/graph_matching_gnn/.venv/lib/python3.8/site-packages (0.2.1)
Requirement already satisfied: filelock in /mnt/aiongpfs/users/jmillan/workspace/graph_matching_ws/graph_matching_gnn/.venv/lib/python3.8/site-packages (from torch) (3.16.1)
Requirement already satisfied: typing-extensions>=4.8.0 in /mnt/aiongpfs/users/jmillan/workspace/graph_matching_ws/graph_matching_gnn/.venv/lib/python3.8/site-packages (from torch) (4.13.2)
Requirement already satisfied: sympy in /mnt/aiongpfs/users/jmillan/workspace/graph_matching_ws/graph_matching_gnn/.venv/lib/python3.8/site-packages (from torch) (1.13.3)
Requirement already satisfied: networkx in /mnt/aiongpfs/users/jmillan/workspace/graph_matching_ws/graph_matching_gnn/.venv/lib/python3.8/site-packages (from torch) (3.1)
Requirement already satisfied: jinja2 in /mnt/aiongpfs/users/jmillan/workspace/graph_matching_ws/graph_matching_gnn/.venv/lib/python3.8/site-packages (from torch) (3.1.6)
Requirement already satisfied: fsspec in /mnt/aiongpfs/users/jmillan/workspace/graph_matching_ws/graph_matching_gnn/.venv/lib/python3.8/site-packages (from torch) (2025.3.0)
Requirement already satisfied: nvidia-cuda-nvrtc-cu12==12.1.105 in /mnt/aiongpfs/users/jmillan/workspace/graph_matching_ws/graph_matching_gnn/.venv/lib/python3.8/site-packages (from torch) (12.1.105)
Requirement already satisfied: nvidia-cuda-runtime-cu12==12.1.105 in /mnt/aiongpfs/users/jmillan/workspace/graph_matching_ws/graph_matching_gnn/.venv/lib/python3.8/site-packages (from torch) (12.1.105)
Requirement already satisfied: nvidia-cuda-cupti-cu12==12.1.105 in /mnt/aiongpfs/users/jmillan/workspace/graph_matching_ws/graph_matching_gnn/.venv/lib/python3.8/site-packages (from torch) (12.1.105)
Requirement already satisfied: nvidia-cudnn-cu12==8.9.2.26 in /mnt/aiongpfs/users/jmillan/workspace/graph_matching_ws/graph_matching_gnn/.venv/lib/python3.8/site-packages (from torch) (8.9.2.26)
Requirement already satisfied: nvidia-cublas-cu12==12.1.3.1 in /mnt/aiongpfs/users/jmillan/workspace/graph_matching_ws/graph_matching_gnn/.venv/lib/python3.8/site-packages (from torch) (12.1.3.1)
Requirement already satisfied: nvidia-cufft-cu12==11.0.2.54 in /mnt/aiongpfs/users/jmillan/workspace/graph_matching_ws/graph_matching_gnn/.venv/lib/python3.8/site-packages (from torch) (11.0.2.54)
Requirement already satisfied: nvidia-curand-cu12==10.3.2.106 in /mnt/aiongpfs/users/jmillan/workspace/graph_matching_ws/graph_matching_gnn/.venv/lib/python3.8/site-packages (from torch) (10.3.2.106)
Requirement already satisfied: nvidia-cusolver-cu12==11.4.5.107 in /mnt/aiongpfs/users/jmillan/workspace/graph_matching_ws/graph_matching_gnn/.venv/lib/python3.8/site-packages (from torch) (11.4.5.107)
Requirement already satisfied: nvidia-cusparse-cu12==12.1.0.106 in /mnt/aiongpfs/users/jmillan/workspace/graph_matching_ws/graph_matching_gnn/.venv/lib/python3.8/site-packages (from torch) (12.1.0.106)
Requirement already satisfied: nvidia-nccl-cu12==2.19.3 in /mnt/aiongpfs/users/jmillan/workspace/graph_matching_ws/graph_matching_gnn/.venv/lib/python3.8/site-packages (from torch) (2.19.3)
Requirement already satisfied: nvidia-nvtx-cu12==12.1.105 in /mnt/aiongpfs/users/jmillan/workspace/graph_matching_ws/graph_matching_gnn/.venv/lib/python3.8/site-packages (from torch) (12.1.105)
Requirement already satisfied: triton==2.2.0 in /mnt/aiongpfs/users/jmillan/workspace/graph_matching_ws/graph_matching_gnn/.venv/lib/python3.8/site-packages (from torch) (2.2.0)
Requirement already satisfied: nvidia-nvjitlink-cu12 in /mnt/aiongpfs/users/jmillan/workspace/graph_matching_ws/graph_matching_gnn/.venv/lib/python3.8/site-packages (from nvidia-cusolver-cu12==11.4.5.107->torch) (12.9.86)
Requirement already satisfied: aiohttp in /mnt/aiongpfs/users/jmillan/workspace/graph_matching_ws/graph_matching_gnn/.venv/lib/python3.8/site-packages (from torch-geometric) (3.10.11)
Requirement already satisfied: psutil>=5.8.0 in /mnt/aiongpfs/users/jmillan/workspace/graph_matching_ws/graph_matching_gnn/.venv/lib/python3.8/site-packages (from torch-geometric) (7.0.0)
Requirement already satisfied: pyparsing in /mnt/aiongpfs/users/jmillan/workspace/graph_matching_ws/graph_matching_gnn/.venv/lib/python3.8/site-packages (from torch-geometric) (3.1.4)
Requirement already satisfied: requests in /mnt/aiongpfs/users/jmillan/workspace/graph_matching_ws/graph_matching_gnn/.venv/lib/python3.8/site-packages (from torch-geometric) (2.32.4)
Requirement already satisfied: tqdm in /mnt/aiongpfs/users/jmillan/workspace/graph_matching_ws/graph_matching_gnn/.venv/lib/python3.8/site-packages (from torch-geometric) (4.67.1)
Requirement already satisfied: scipy>=1.5.0 in /mnt/aiongpfs/users/jmillan/workspace/graph_matching_ws/graph_matching_gnn/.venv/lib/python3.8/site-packages (from scikit-learn) (1.10.1)
Requirement already satisfied: joblib>=1.1.1 in /mnt/aiongpfs/users/jmillan/workspace/graph_matching_ws/graph_matching_gnn/.venv/lib/python3.8/site-packages (from scikit-learn) (1.4.2)
Requirement already satisfied: threadpoolctl>=2.0.0 in /mnt/aiongpfs/users/jmillan/workspace/graph_matching_ws/graph_matching_gnn/.venv/lib/python3.8/site-packages (from scikit-learn) (3.5.0)
Requirement already satisfied: python-dateutil>=2.8.2 in /mnt/aiongpfs/users/jmillan/workspace/graph_matching_ws/graph_matching_gnn/.venv/lib/python3.8/site-packages (from pandas) (2.9.0.post0)
Requirement already satisfied: pytz>=2020.1 in /mnt/aiongpfs/users/jmillan/workspace/graph_matching_ws/graph_matching_gnn/.venv/lib/python3.8/site-packages (from pandas) (2025.2)
Requirement already satisfied: tzdata>=2022.1 in /mnt/aiongpfs/users/jmillan/workspace/graph_matching_ws/graph_matching_gnn/.venv/lib/python3.8/site-packages (from pandas) (2025.2)
Requirement already satisfied: Pillow>=7.2.0 in /mnt/aiongpfs/users/jmillan/workspace/graph_matching_ws/graph_matching_gnn/.venv/lib/python3.8/site-packages (from pygmtools) (10.4.0)
Requirement already satisfied: easydict>=1.7 in /mnt/aiongpfs/users/jmillan/workspace/graph_matching_ws/graph_matching_gnn/.venv/lib/python3.8/site-packages (from pygmtools) (1.13)
Requirement already satisfied: appdirs>=1.4.4 in /mnt/aiongpfs/users/jmillan/workspace/graph_matching_ws/graph_matching_gnn/.venv/lib/python3.8/site-packages (from pygmtools) (1.4.4)
Requirement already satisfied: async-timeout in /mnt/aiongpfs/users/jmillan/workspace/graph_matching_ws/graph_matching_gnn/.venv/lib/python3.8/site-packages (from pygmtools) (5.0.1)
Requirement already satisfied: decorator<5.0,>=4.0.2 in /mnt/aiongpfs/users/jmillan/workspace/graph_matching_ws/graph_matching_gnn/.venv/lib/python3.8/site-packages (from moviepy<2.0.0) (4.4.2)
Requirement already satisfied: proglog<=1.0.0 in /mnt/aiongpfs/users/jmillan/workspace/graph_matching_ws/graph_matching_gnn/.venv/lib/python3.8/site-packages (from moviepy<2.0.0) (0.1.11)
Requirement already satisfied: imageio<3.0,>=2.5 in /mnt/aiongpfs/users/jmillan/workspace/graph_matching_ws/graph_matching_gnn/.venv/lib/python3.8/site-packages (from moviepy<2.0.0) (2.35.1)
Requirement already satisfied: imageio-ffmpeg>=0.2.0 in /mnt/aiongpfs/users/jmillan/workspace/graph_matching_ws/graph_matching_gnn/.venv/lib/python3.8/site-packages (from moviepy<2.0.0) (0.5.1)
Requirement already satisfied: contourpy>=1.0.1 in /mnt/aiongpfs/users/jmillan/workspace/graph_matching_ws/graph_matching_gnn/.venv/lib/python3.8/site-packages (from matplotlib) (1.1.1)
Requirement already satisfied: cycler>=0.10 in /mnt/aiongpfs/users/jmillan/workspace/graph_matching_ws/graph_matching_gnn/.venv/lib/python3.8/site-packages (from matplotlib) (0.12.1)
Requirement already satisfied: fonttools>=4.22.0 in /mnt/aiongpfs/users/jmillan/workspace/graph_matching_ws/graph_matching_gnn/.venv/lib/python3.8/site-packages (from matplotlib) (4.57.0)
Requirement already satisfied: kiwisolver>=1.0.1 in /mnt/aiongpfs/users/jmillan/workspace/graph_matching_ws/graph_matching_gnn/.venv/lib/python3.8/site-packages (from matplotlib) (1.4.7)
Requirement already satisfied: packaging>=20.0 in /mnt/aiongpfs/users/jmillan/workspace/graph_matching_ws/graph_matching_gnn/.venv/lib/python3.8/site-packages (from matplotlib) (25.0)
Requirement already satisfied: importlib-resources>=3.2.0 in /mnt/aiongpfs/users/jmillan/workspace/graph_matching_ws/graph_matching_gnn/.venv/lib/python3.8/site-packages (from matplotlib) (6.4.5)
Requirement already satisfied: absl-py>=0.4 in /mnt/aiongpfs/users/jmillan/workspace/graph_matching_ws/graph_matching_gnn/.venv/lib/python3.8/site-packages (from tensorboard) (2.2.2)
Requirement already satisfied: grpcio>=1.48.2 in /mnt/aiongpfs/users/jmillan/workspace/graph_matching_ws/graph_matching_gnn/.venv/lib/python3.8/site-packages (from tensorboard) (1.70.0)
Requirement already satisfied: google-auth<3,>=1.6.3 in /mnt/aiongpfs/users/jmillan/workspace/graph_matching_ws/graph_matching_gnn/.venv/lib/python3.8/site-packages (from tensorboard) (2.40.1)
Requirement already satisfied: google-auth-oauthlib<1.1,>=0.5 in /mnt/aiongpfs/users/jmillan/workspace/graph_matching_ws/graph_matching_gnn/.venv/lib/python3.8/site-packages (from tensorboard) (1.0.0)
Requirement already satisfied: markdown>=2.6.8 in /mnt/aiongpfs/users/jmillan/workspace/graph_matching_ws/graph_matching_gnn/.venv/lib/python3.8/site-packages (from tensorboard) (3.7)
Requirement already satisfied: protobuf>=3.19.6 in /mnt/aiongpfs/users/jmillan/workspace/graph_matching_ws/graph_matching_gnn/.venv/lib/python3.8/site-packages (from tensorboard) (5.29.4)
Requirement already satisfied: setuptools>=41.0.0 in /mnt/aiongpfs/users/jmillan/workspace/graph_matching_ws/graph_matching_gnn/.venv/lib/python3.8/site-packages (from tensorboard) (49.2.1)
Requirement already satisfied: tensorboard-data-server<0.8.0,>=0.7.0 in /mnt/aiongpfs/users/jmillan/workspace/graph_matching_ws/graph_matching_gnn/.venv/lib/python3.8/site-packages (from tensorboard) (0.7.2)
Requirement already satisfied: werkzeug>=1.0.1 in /mnt/aiongpfs/users/jmillan/workspace/graph_matching_ws/graph_matching_gnn/.venv/lib/python3.8/site-packages (from tensorboard) (3.0.6)
Requirement already satisfied: wheel>=0.26 in /mnt/aiongpfs/users/jmillan/workspace/graph_matching_ws/graph_matching_gnn/.venv/lib/python3.8/site-packages (from tensorboard) (0.45.1)
Requirement already satisfied: alembic>=1.5.0 in /mnt/aiongpfs/users/jmillan/workspace/graph_matching_ws/graph_matching_gnn/.venv/lib/python3.8/site-packages (from optuna) (1.14.1)
Requirement already satisfied: colorlog in /mnt/aiongpfs/users/jmillan/workspace/graph_matching_ws/graph_matching_gnn/.venv/lib/python3.8/site-packages (from optuna) (6.9.0)
Requirement already satisfied: sqlalchemy>=1.4.2 in /mnt/aiongpfs/users/jmillan/workspace/graph_matching_ws/graph_matching_gnn/.venv/lib/python3.8/site-packages (from optuna) (2.0.40)
Requirement already satisfied: PyYAML in /mnt/aiongpfs/users/jmillan/workspace/graph_matching_ws/graph_matching_gnn/.venv/lib/python3.8/site-packages (from optuna) (6.0.2)
Requirement already satisfied: narwhals>=1.15.1 in /mnt/aiongpfs/users/jmillan/workspace/graph_matching_ws/graph_matching_gnn/.venv/lib/python3.8/site-packages (from plotly) (1.39.0)
Requirement already satisfied: Mako in /mnt/aiongpfs/users/jmillan/workspace/graph_matching_ws/graph_matching_gnn/.venv/lib/python3.8/site-packages (from alembic>=1.5.0->optuna) (1.3.10)
Requirement already satisfied: importlib-metadata in /mnt/aiongpfs/users/jmillan/workspace/graph_matching_ws/graph_matching_gnn/.venv/lib/python3.8/site-packages (from alembic>=1.5.0->optuna) (8.5.0)
Requirement already satisfied: cachetools<6.0,>=2.0.0 in /mnt/aiongpfs/users/jmillan/workspace/graph_matching_ws/graph_matching_gnn/.venv/lib/python3.8/site-packages (from google-auth<3,>=1.6.3->tensorboard) (5.5.2)
Requirement already satisfied: pyasn1-modules>=0.2.1 in /mnt/aiongpfs/users/jmillan/workspace/graph_matching_ws/graph_matching_gnn/.venv/lib/python3.8/site-packages (from google-auth<3,>=1.6.3->tensorboard) (0.4.2)
Requirement already satisfied: rsa<5,>=3.1.4 in /mnt/aiongpfs/users/jmillan/workspace/graph_matching_ws/graph_matching_gnn/.venv/lib/python3.8/site-packages (from google-auth<3,>=1.6.3->tensorboard) (4.9.1)
Requirement already satisfied: requests-oauthlib>=0.7.0 in /mnt/aiongpfs/users/jmillan/workspace/graph_matching_ws/graph_matching_gnn/.venv/lib/python3.8/site-packages (from google-auth-oauthlib<1.1,>=0.5->tensorboard) (2.0.0)
Requirement already satisfied: zipp>=3.1.0 in /mnt/aiongpfs/users/jmillan/workspace/graph_matching_ws/graph_matching_gnn/.venv/lib/python3.8/site-packages (from importlib-resources>=3.2.0->matplotlib) (3.20.2)
Requirement already satisfied: six>=1.5 in /mnt/aiongpfs/users/jmillan/workspace/graph_matching_ws/graph_matching_gnn/.venv/lib/python3.8/site-packages (from python-dateutil>=2.8.2->pandas) (1.17.0)
Requirement already satisfied: charset_normalizer<4,>=2 in /mnt/aiongpfs/users/jmillan/workspace/graph_matching_ws/graph_matching_gnn/.venv/lib/python3.8/site-packages (from requests->torch-geometric) (3.4.1)
Requirement already satisfied: idna<4,>=2.5 in /mnt/aiongpfs/users/jmillan/workspace/graph_matching_ws/graph_matching_gnn/.venv/lib/python3.8/site-packages (from requests->torch-geometric) (3.10)
Requirement already satisfied: urllib3<3,>=1.21.1 in /mnt/aiongpfs/users/jmillan/workspace/graph_matching_ws/graph_matching_gnn/.venv/lib/python3.8/site-packages (from requests->torch-geometric) (1.26.20)
Requirement already satisfied: certifi>=2017.4.17 in /mnt/aiongpfs/users/jmillan/workspace/graph_matching_ws/graph_matching_gnn/.venv/lib/python3.8/site-packages (from requests->torch-geometric) (2025.4.26)
Requirement already satisfied: greenlet>=1 in /mnt/aiongpfs/users/jmillan/workspace/graph_matching_ws/graph_matching_gnn/.venv/lib/python3.8/site-packages (from sqlalchemy>=1.4.2->optuna) (3.1.1)
Requirement already satisfied: MarkupSafe>=2.1.1 in /mnt/aiongpfs/users/jmillan/workspace/graph_matching_ws/graph_matching_gnn/.venv/lib/python3.8/site-packages (from werkzeug>=1.0.1->tensorboard) (2.1.5)
Requirement already satisfied: aiohappyeyeballs>=2.3.0 in /mnt/aiongpfs/users/jmillan/workspace/graph_matching_ws/graph_matching_gnn/.venv/lib/python3.8/site-packages (from aiohttp->torch-geometric) (2.4.4)
Requirement already satisfied: aiosignal>=1.1.2 in /mnt/aiongpfs/users/jmillan/workspace/graph_matching_ws/graph_matching_gnn/.venv/lib/python3.8/site-packages (from aiohttp->torch-geometric) (1.3.1)
Requirement already satisfied: attrs>=17.3.0 in /mnt/aiongpfs/users/jmillan/workspace/graph_matching_ws/graph_matching_gnn/.venv/lib/python3.8/site-packages (from aiohttp->torch-geometric) (25.3.0)
Requirement already satisfied: frozenlist>=1.1.1 in /mnt/aiongpfs/users/jmillan/workspace/graph_matching_ws/graph_matching_gnn/.venv/lib/python3.8/site-packages (from aiohttp->torch-geometric) (1.5.0)
Requirement already satisfied: multidict<7.0,>=4.5 in /mnt/aiongpfs/users/jmillan/workspace/graph_matching_ws/graph_matching_gnn/.venv/lib/python3.8/site-packages (from aiohttp->torch-geometric) (6.1.0)
Requirement already satisfied: yarl<2.0,>=1.12.0 in /mnt/aiongpfs/users/jmillan/workspace/graph_matching_ws/graph_matching_gnn/.venv/lib/python3.8/site-packages (from aiohttp->torch-geometric) (1.15.2)
Requirement already satisfied: mpmath<1.4,>=1.1.0 in /mnt/aiongpfs/users/jmillan/workspace/graph_matching_ws/graph_matching_gnn/.venv/lib/python3.8/site-packages (from sympy->torch) (1.3.0)
Requirement already satisfied: pyasn1<0.7.0,>=0.6.1 in /mnt/aiongpfs/users/jmillan/workspace/graph_matching_ws/graph_matching_gnn/.venv/lib/python3.8/site-packages (from pyasn1-modules>=0.2.1->google-auth<3,>=1.6.3->tensorboard) (0.6.1)
Requirement already satisfied: oauthlib>=3.0.0 in /mnt/aiongpfs/users/jmillan/workspace/graph_matching_ws/graph_matching_gnn/.venv/lib/python3.8/site-packages (from requests-oauthlib>=0.7.0->google-auth-oauthlib<1.1,>=0.5->tensorboard) (3.2.2)
Requirement already satisfied: propcache>=0.2.0 in /mnt/aiongpfs/users/jmillan/workspace/graph_matching_ws/graph_matching_gnn/.venv/lib/python3.8/site-packages (from yarl<2.0,>=1.12.0->aiohttp->torch-geometric) (0.2.0)
PyTorch version: 2.2.2+cu121
CUDA version: 12.1
nvcc is not installed or not in PATH.
Sun Aug 10 12:24:02 2025       
+-----------------------------------------------------------------------------------------+
| NVIDIA-SMI 565.57.01              Driver Version: 565.57.01      CUDA Version: 12.7     |
|-----------------------------------------+------------------------+----------------------+
| GPU  Name                 Persistence-M | Bus-Id          Disp.A | Volatile Uncorr. ECC |
| Fan  Temp   Perf          Pwr:Usage/Cap |           Memory-Usage | GPU-Util  Compute M. |
|                                         |                        |               MIG M. |
|=========================================+========================+======================|
|   0  Tesla V100-SXM2-16GB           On  |   00000000:1A:00.0 Off |                    0 |
| N/A   41C    P0             43W /  300W |       1MiB /  16384MiB |      0%      Default |
|                                         |                        |                  N/A |
+-----------------------------------------+------------------------+----------------------+
                                                                                         
+-----------------------------------------------------------------------------------------+
| Processes:                                                                              |
|  GPU   GI   CI        PID   Type   Process name                              GPU Memory |
|        ID   ID                                                               Usage      |
|=========================================================================================|
|  No running processes found                                                             |
+-----------------------------------------------------------------------------------------+
Loaded 4895 pairs from ./GNN/preprocessed/graph_matching/equal/original.pkl
Loaded 4895 pairs from ./GNN/preprocessed/partial_graph_matching/ws_room_dropout_noise/noise.pkl
Loaded 3426 pairs from ./GNN/preprocessed/partial_graph_matching/ws_room_dropout_noise/train_dataset.pkl
Loaded 734 pairs from ./GNN/preprocessed/partial_graph_matching/ws_room_dropout_noise/valid_dataset.pkl
Loaded 735 pairs from ./GNN/preprocessed/partial_graph_matching/ws_room_dropout_noise/test_dataset.pkl
Data(x=[135, 7], edge_index=[2, 258], name='1079', node_names=[135], permutation=[135])
Data(x=[99, 7], edge_index=[2, 164], name='1079', node_names=[99], permutation=[99])
tensor([[0., 0., 0.,  ..., 0., 0., 0.],
        [0., 0., 0.,  ..., 0., 0., 0.],
        [0., 0., 0.,  ..., 0., 0., 0.],
        ...,
        [0., 1., 0.,  ..., 0., 0., 0.],
        [0., 0., 0.,  ..., 0., 0., 0.],
        [0., 0., 0.,  ..., 0., 0., 0.]])
torch.Size([135, 99])
MatchingModel_GATv2SinkhornTopK(
  (mlp): Sequential(
    (0): Linear(in_features=7, out_features=128, bias=True)
    (1): ReLU()
    (2): Dropout(p=0.05388126449940261, inplace=False)
    (3): Linear(in_features=128, out_features=128, bias=True)
    (4): ReLU()
    (5): Dropout(p=0.05388126449940261, inplace=False)
  )
  (gnn): ModuleList(
    (0): GATv2Conv(128, 64, heads=2)
  )
  (dropout): Dropout(p=0.05388126449940261, inplace=False)
  (inst_norm): InstanceNorm2d(1, eps=1e-05, momentum=0.1, affine=True, track_running_stats=False)
)
Number of parameters: 50754
Loading checkpoint from ./GNN/models/partial_graph_matching/ws_room_dropout_noise/best_val_model.pt
Resumed from epoch 477
Starting training...
Epoch 477 | Train Loss: 0.0532 | Val Loss: 0.0535 | Val Acc: 0.9217
Epoch 478 | Train Loss: 0.0532 | Val Loss: 0.0535 | Val Acc: 0.9128
Epoch 479 | Train Loss: 0.0532 | Val Loss: 0.0535 | Val Acc: 0.9159
Epoch 480 | Train Loss: 0.0531 | Val Loss: 0.0536 | Val Acc: 0.9161
Epoch 481 | Train Loss: 0.0531 | Val Loss: 0.0534 | Val Acc: 0.9178
Epoch 482 | Train Loss: 0.0532 | Val Loss: 0.0537 | Val Acc: 0.9093
Epoch 483 | Train Loss: 0.0532 | Val Loss: 0.0535 | Val Acc: 0.9137
Epoch 484 | Train Loss: 0.0531 | Val Loss: 0.0536 | Val Acc: 0.9109
Epoch 485 | Train Loss: 0.0532 | Val Loss: 0.0535 | Val Acc: 0.9156
Epoch 486 | Train Loss: 0.0532 | Val Loss: 0.0535 | Val Acc: 0.9127
Epoch 487 | Train Loss: 0.0532 | Val Loss: 0.0535 | Val Acc: 0.9156
Epoch 488 | Train Loss: 0.0531 | Val Loss: 0.0535 | Val Acc: 0.9166
Epoch 489 | Train Loss: 0.0531 | Val Loss: 0.0534 | Val Acc: 0.9161
Epoch 490 | Train Loss: 0.0531 | Val Loss: 0.0536 | Val Acc: 0.9135
Epoch 491 | Train Loss: 0.0531 | Val Loss: 0.0535 | Val Acc: 0.9161
Epoch 492 | Train Loss: 0.0532 | Val Loss: 0.0535 | Val Acc: 0.9159
Epoch 493 | Train Loss: 0.0531 | Val Loss: 0.0535 | Val Acc: 0.9172
Epoch 494 | Train Loss: 0.0532 | Val Loss: 0.0535 | Val Acc: 0.9140
Epoch 495 | Train Loss: 0.0531 | Val Loss: 0.0534 | Val Acc: 0.9205
[Epoch 496] Saved new best model.
Epoch 496 | Train Loss: 0.0531 | Val Loss: 0.0534 | Val Acc: 0.9175
Epoch 497 | Train Loss: 0.0531 | Val Loss: 0.0535 | Val Acc: 0.9152
Epoch 498 | Train Loss: 0.0531 | Val Loss: 0.0534 | Val Acc: 0.9198
Epoch 499 | Train Loss: 0.0531 | Val Loss: 0.0536 | Val Acc: 0.9141
Final model saved.
Test Accuracy: 0.9145 | Test Loss: 0.0542
Graph 0: Errors found: 6
Graph 1: Errors found: 18
Graph 2: Errors found: 8
Graph 3: Errors found: 2
Graph 4: Errors found: 16
Graph 5: Errors found: 10
Graph 6: Errors found: 2
Graph 7: Errors found: 6
Graph 8: Errors found: 10
Graph 9: Errors found: 14
Graph 10: Errors found: 6
Graph 11: Errors found: 6
Graph 12: Errors found: 18
Graph 13: Errors found: 12
Graph 14: Errors found: 6
Graph 15: Errors found: 22
Graph 17: Errors found: 8
Graph 19: Errors found: 6
Graph 20: Errors found: 10
Graph 21: Errors found: 6
Graph 22: Errors found: 6
Graph 23: Errors found: 12
Graph 24: Errors found: 8
Graph 25: Errors found: 10
Graph 26: Errors found: 8
Graph 27: Errors found: 14
Graph 28: Errors found: 16
Graph 29: Errors found: 14
Graph 30: Errors found: 2
Graph 31: Errors found: 14
Graph 32: Errors found: 24
Graph 33: Errors found: 2
Graph 34: Errors found: 34
Graph 35: Errors found: 4
Graph 36: Errors found: 14
Graph 37: Errors found: 6
Graph 38: Errors found: 6
Graph 39: Errors found: 6
Graph 40: Errors found: 4
Graph 41: Errors found: 6
Graph 42: Errors found: 2
Graph 43: Errors found: 8
Graph 45: Errors found: 16
Graph 47: Errors found: 14
Graph 48: Errors found: 18
Graph 49: Errors found: 10
Graph 50: Errors found: 12
Graph 51: Errors found: 18
Graph 52: Errors found: 18
Graph 53: Errors found: 12
Graph 55: Errors found: 10
Graph 56: Errors found: 8
Graph 57: Errors found: 6
Graph 58: Errors found: 8
Graph 59: Errors found: 4
Graph 60: Errors found: 6
Graph 61: Errors found: 12
Graph 62: Errors found: 14
Graph 63: Errors found: 12
Graph 64: Errors found: 8
Graph 65: Errors found: 8
Graph 66: Errors found: 6
Graph 67: Errors found: 14
Graph 68: Errors found: 2
Graph 69: Errors found: 14
Graph 70: Errors found: 18
Graph 71: Errors found: 22
Graph 73: Errors found: 2
Graph 74: Errors found: 6
Graph 75: Errors found: 10
Graph 76: Errors found: 6
Graph 77: Errors found: 8
Graph 78: Errors found: 4
Graph 80: Errors found: 2
Graph 82: Errors found: 4
Graph 83: Errors found: 14
Graph 84: Errors found: 4
Graph 85: Errors found: 8
Graph 86: Errors found: 14
Graph 87: Errors found: 4
Graph 88: Errors found: 6
Graph 90: Errors found: 4
Graph 91: Errors found: 2
Graph 92: Errors found: 8
Graph 94: Errors found: 24
Graph 95: Errors found: 4
Graph 96: Errors found: 2
Graph 97: Errors found: 6
Graph 99: Errors found: 2
Graph 101: Errors found: 16
Graph 102: Errors found: 10
Graph 103: Errors found: 4
Graph 104: Errors found: 10
Graph 105: Errors found: 12
Graph 106: Errors found: 4
Graph 107: Errors found: 10
Graph 108: Errors found: 12
Graph 109: Errors found: 2
Graph 110: Errors found: 26
Graph 111: Errors found: 26
Graph 113: Errors found: 10
Graph 114: Errors found: 18
Graph 115: Errors found: 12
Graph 117: Errors found: 44
Graph 118: Errors found: 2
Graph 119: Errors found: 4
Graph 120: Errors found: 4
Graph 121: Errors found: 6
Graph 122: Errors found: 12
Graph 123: Errors found: 4
Graph 124: Errors found: 28
Graph 125: Errors found: 18
Graph 126: Errors found: 2
Graph 127: Errors found: 2
Graph 128: Errors found: 12
Graph 129: Errors found: 8
Graph 130: Errors found: 2
Graph 131: Errors found: 4
Graph 132: Errors found: 6
Graph 133: Errors found: 14
Graph 134: Errors found: 14
Graph 135: Errors found: 2
Graph 136: Errors found: 10
Graph 137: Errors found: 14
Graph 138: Errors found: 6
Graph 140: Errors found: 14
Graph 141: Errors found: 14
Graph 142: Errors found: 6
Graph 143: Errors found: 12
Graph 144: Errors found: 20
Graph 145: Errors found: 2
Graph 146: Errors found: 6
Graph 147: Errors found: 14
Graph 148: Errors found: 30
Graph 149: Errors found: 12
Graph 150: Errors found: 2
Graph 151: Errors found: 12
Graph 152: Errors found: 10
Graph 153: Errors found: 16
Graph 154: Errors found: 8
Graph 155: Errors found: 4
Graph 156: Errors found: 12
Graph 157: Errors found: 12
Graph 158: Errors found: 12
Graph 159: Errors found: 10
Graph 160: Errors found: 10
Graph 161: Errors found: 8
Graph 162: Errors found: 24
Graph 163: Errors found: 10
Graph 164: Errors found: 2
Graph 165: Errors found: 2
Graph 166: Errors found: 4
Graph 167: Errors found: 4
Graph 168: Errors found: 20
Graph 169: Errors found: 6
Graph 170: Errors found: 28
Graph 171: Errors found: 20
Graph 172: Errors found: 22
Graph 173: Errors found: 18
Graph 174: Errors found: 6
Graph 175: Errors found: 12
Graph 176: Errors found: 10
Graph 177: Errors found: 4
Graph 178: Errors found: 4
Graph 179: Errors found: 2
Graph 180: Errors found: 10
Graph 181: Errors found: 8
Graph 182: Errors found: 2
Graph 183: Errors found: 2
Graph 184: Errors found: 16
Graph 185: Errors found: 10
Graph 186: Errors found: 10
Graph 187: Errors found: 10
Graph 188: Errors found: 22
Graph 189: Errors found: 16
Graph 190: Errors found: 10
Graph 191: Errors found: 8
Graph 192: Errors found: 14
Graph 193: Errors found: 14
Graph 194: Errors found: 10
Graph 195: Errors found: 10
Graph 196: Errors found: 2
Graph 197: Errors found: 12
Graph 198: Errors found: 10
Graph 199: Errors found: 8
Graph 200: Errors found: 24
Graph 201: Errors found: 4
Graph 202: Errors found: 6
Graph 203: Errors found: 8
Graph 205: Errors found: 2
Graph 206: Errors found: 2
Graph 207: Errors found: 30
Graph 208: Errors found: 8
Graph 209: Errors found: 6
Graph 210: Errors found: 10
Graph 211: Errors found: 2
Graph 212: Errors found: 8
Graph 213: Errors found: 20
Graph 214: Errors found: 10
Graph 215: Errors found: 6
Graph 216: Errors found: 16
Graph 217: Errors found: 34
Graph 218: Errors found: 8
Graph 219: Errors found: 6
Graph 220: Errors found: 20
Graph 221: Errors found: 16
Graph 222: Errors found: 8
Graph 223: Errors found: 10
Graph 224: Errors found: 2
Graph 225: Errors found: 18
Graph 226: Errors found: 6
Graph 227: Errors found: 14
Graph 228: Errors found: 14
Graph 229: Errors found: 36
Graph 230: Errors found: 10
Graph 231: Errors found: 10
Graph 232: Errors found: 12
Graph 233: Errors found: 6
Graph 234: Errors found: 20
Graph 235: Errors found: 4
Graph 236: Errors found: 2
Graph 237: Errors found: 6
Graph 238: Errors found: 14
Graph 239: Errors found: 10
Graph 240: Errors found: 4
Graph 241: Errors found: 10
Graph 242: Errors found: 6
Graph 243: Errors found: 26
Graph 244: Errors found: 8
Graph 245: Errors found: 26
Graph 246: Errors found: 14
Graph 247: Errors found: 2
Graph 248: Errors found: 4
Graph 249: Errors found: 8
Graph 250: Errors found: 2
Graph 251: Errors found: 14
Graph 252: Errors found: 6
Graph 253: Errors found: 10
Graph 254: Errors found: 10
Graph 255: Errors found: 4
Graph 256: Errors found: 6
Graph 257: Errors found: 6
Graph 258: Errors found: 12
Graph 259: Errors found: 2
Graph 260: Errors found: 8
Graph 261: Errors found: 4
Graph 262: Errors found: 4
Graph 263: Errors found: 4
Graph 264: Errors found: 6
Graph 265: Errors found: 10
Graph 266: Errors found: 10
Graph 267: Errors found: 12
Graph 269: Errors found: 14
Graph 270: Errors found: 34
Graph 271: Errors found: 16
Graph 272: Errors found: 20
Graph 273: Errors found: 16
Graph 274: Errors found: 10
Graph 275: Errors found: 10
Graph 276: Errors found: 8
Graph 277: Errors found: 10
Graph 278: Errors found: 10
Graph 280: Errors found: 4
Graph 281: Errors found: 14
Graph 282: Errors found: 6
Graph 283: Errors found: 6
Graph 284: Errors found: 6
Graph 285: Errors found: 4
Graph 286: Errors found: 8
Graph 287: Errors found: 10
Graph 288: Errors found: 14
Graph 289: Errors found: 4
Graph 290: Errors found: 4
Graph 291: Errors found: 2
Graph 292: Errors found: 2
Graph 293: Errors found: 14
Graph 294: Errors found: 2
Graph 295: Errors found: 10
Graph 297: Errors found: 26
Graph 298: Errors found: 10
Graph 299: Errors found: 26
Graph 300: Errors found: 2
Graph 301: Errors found: 6
Graph 302: Errors found: 2
Graph 303: Errors found: 2
Graph 304: Errors found: 6
Graph 306: Errors found: 4
Graph 307: Errors found: 2
Graph 308: Errors found: 12
Graph 309: Errors found: 6
Graph 310: Errors found: 2
Graph 311: Errors found: 10
Graph 312: Errors found: 6
Graph 313: Errors found: 2
Graph 315: Errors found: 2
Graph 316: Errors found: 8
Graph 317: Errors found: 4
Graph 318: Errors found: 18
Graph 319: Errors found: 8
Graph 320: Errors found: 6
Graph 321: Errors found: 12
Graph 322: Errors found: 14
Graph 323: Errors found: 10
Graph 324: Errors found: 12
Graph 325: Errors found: 10
Graph 326: Errors found: 6
Graph 327: Errors found: 2
Graph 329: Errors found: 8
Graph 330: Errors found: 32
Graph 332: Errors found: 18
Graph 333: Errors found: 6
Graph 334: Errors found: 12
Graph 335: Errors found: 8
Graph 337: Errors found: 4
Graph 338: Errors found: 6
Graph 339: Errors found: 4
Graph 340: Errors found: 4
Graph 341: Errors found: 8
Graph 342: Errors found: 16
Graph 343: Errors found: 14
Graph 344: Errors found: 16
Graph 345: Errors found: 18
Graph 346: Errors found: 8
Graph 348: Errors found: 24
Graph 350: Errors found: 20
Graph 351: Errors found: 6
Graph 352: Errors found: 4
Graph 354: Errors found: 30
Graph 356: Errors found: 16
Graph 357: Errors found: 4
Graph 358: Errors found: 14
Graph 359: Errors found: 4
Graph 360: Errors found: 4
Graph 361: Errors found: 8
Graph 362: Errors found: 2
Graph 363: Errors found: 22
Graph 364: Errors found: 10
Graph 365: Errors found: 6
Graph 366: Errors found: 6
Graph 367: Errors found: 4
Graph 369: Errors found: 18
Graph 370: Errors found: 10
Graph 371: Errors found: 12
Graph 372: Errors found: 4
Graph 373: Errors found: 6
Graph 374: Errors found: 4
Graph 376: Errors found: 10
Graph 377: Errors found: 6
Graph 378: Errors found: 4
Graph 379: Errors found: 10
Graph 380: Errors found: 10
Graph 381: Errors found: 12
Graph 382: Errors found: 6
Graph 383: Errors found: 2
Graph 384: Errors found: 16
Graph 385: Errors found: 22
Graph 386: Errors found: 4
Graph 387: Errors found: 6
Graph 388: Errors found: 2
Graph 389: Errors found: 16
Graph 390: Errors found: 6
Graph 391: Errors found: 6
Graph 392: Errors found: 16
Graph 394: Errors found: 6
Graph 395: Errors found: 24
Graph 396: Errors found: 2
Graph 397: Errors found: 2
Graph 398: Errors found: 10
Graph 399: Errors found: 10
Graph 400: Errors found: 14
Graph 401: Errors found: 6
Graph 402: Errors found: 16
Graph 403: Errors found: 6
Graph 404: Errors found: 2
Graph 405: Errors found: 6
Graph 406: Errors found: 12
Graph 407: Errors found: 4
Graph 408: Errors found: 4
Graph 409: Errors found: 4
Graph 410: Errors found: 2
Graph 411: Errors found: 4
Graph 412: Errors found: 2
Graph 414: Errors found: 16
Graph 415: Errors found: 4
Graph 416: Errors found: 2
Graph 417: Errors found: 6
Graph 419: Errors found: 8
Graph 421: Errors found: 6
Graph 422: Errors found: 4
Graph 423: Errors found: 8
Graph 424: Errors found: 6
Graph 425: Errors found: 8
Graph 426: Errors found: 4
Graph 427: Errors found: 6
Graph 428: Errors found: 22
Graph 429: Errors found: 6
Graph 430: Errors found: 12
Graph 431: Errors found: 22
Graph 434: Errors found: 14
Graph 436: Errors found: 4
Graph 437: Errors found: 2
Graph 438: Errors found: 4
Graph 440: Errors found: 10
Graph 441: Errors found: 12
Graph 442: Errors found: 4
Graph 443: Errors found: 6
Graph 444: Errors found: 6
Graph 445: Errors found: 10
Graph 446: Errors found: 6
Graph 448: Errors found: 2
Graph 449: Errors found: 8
Graph 450: Errors found: 4
Graph 451: Errors found: 8
Graph 452: Errors found: 16
Graph 453: Errors found: 2
Graph 454: Errors found: 2
Graph 455: Errors found: 6
Graph 456: Errors found: 16
Graph 457: Errors found: 4
Graph 458: Errors found: 16
Graph 459: Errors found: 22
Graph 460: Errors found: 10
Graph 461: Errors found: 2
Graph 462: Errors found: 6
Graph 463: Errors found: 16
Graph 464: Errors found: 6
Graph 465: Errors found: 6
Graph 467: Errors found: 16
Graph 468: Errors found: 10
Graph 469: Errors found: 24
Graph 470: Errors found: 6
Graph 471: Errors found: 18
Graph 472: Errors found: 10
Graph 473: Errors found: 4
Graph 474: Errors found: 12
Graph 475: Errors found: 12
Graph 476: Errors found: 26
Graph 477: Errors found: 26
Graph 478: Errors found: 2
Graph 479: Errors found: 20
Graph 480: Errors found: 2
Graph 481: Errors found: 4
Graph 482: Errors found: 12
Graph 483: Errors found: 14
Graph 484: Errors found: 6
Graph 485: Errors found: 10
Graph 486: Errors found: 12
Graph 487: Errors found: 6
Graph 488: Errors found: 10
Graph 489: Errors found: 8
Graph 490: Errors found: 18
Graph 491: Errors found: 12
Graph 492: Errors found: 38
Graph 493: Errors found: 4
Graph 494: Errors found: 36
Graph 495: Errors found: 4
Graph 496: Errors found: 4
Graph 497: Errors found: 22
Graph 498: Errors found: 4
Graph 499: Errors found: 14
Graph 500: Errors found: 10
Graph 501: Errors found: 4
Graph 503: Errors found: 14
Graph 504: Errors found: 6
Graph 505: Errors found: 10
Graph 506: Errors found: 4
Graph 507: Errors found: 14
Graph 508: Errors found: 8
Graph 509: Errors found: 2
Graph 510: Errors found: 12
Graph 511: Errors found: 10
Graph 512: Errors found: 6
Graph 513: Errors found: 2
Graph 514: Errors found: 18
Graph 515: Errors found: 10
Graph 516: Errors found: 12
Graph 518: Errors found: 20
Graph 519: Errors found: 20
Graph 520: Errors found: 18
Graph 521: Errors found: 6
Graph 522: Errors found: 2
Graph 523: Errors found: 4
Graph 524: Errors found: 24
Graph 526: Errors found: 14
Graph 527: Errors found: 6
Graph 528: Errors found: 8
Graph 529: Errors found: 2
Graph 530: Errors found: 10
Graph 531: Errors found: 2
Graph 532: Errors found: 6
Graph 533: Errors found: 6
Graph 534: Errors found: 2
Graph 535: Errors found: 10
Graph 536: Errors found: 10
Graph 537: Errors found: 8
Graph 538: Errors found: 12
Graph 539: Errors found: 6
Graph 540: Errors found: 8
Graph 541: Errors found: 8
Graph 542: Errors found: 16
Graph 544: Errors found: 14
Graph 545: Errors found: 14
Graph 546: Errors found: 14
Graph 548: Errors found: 14
Graph 549: Errors found: 14
Graph 551: Errors found: 12
Graph 552: Errors found: 12
Graph 553: Errors found: 2
Graph 554: Errors found: 4
Graph 555: Errors found: 24
Graph 556: Errors found: 6
Graph 557: Errors found: 6
Graph 558: Errors found: 26
Graph 559: Errors found: 2
Graph 560: Errors found: 4
Graph 561: Errors found: 22
Graph 562: Errors found: 14
Graph 563: Errors found: 12
Graph 564: Errors found: 6
Graph 565: Errors found: 4
Graph 566: Errors found: 12
Graph 567: Errors found: 2
Graph 568: Errors found: 6
Graph 569: Errors found: 12
Graph 570: Errors found: 6
Graph 571: Errors found: 14
Graph 572: Errors found: 20
Graph 574: Errors found: 6
Graph 575: Errors found: 12
Graph 576: Errors found: 48
Graph 577: Errors found: 22
Graph 578: Errors found: 6
Graph 579: Errors found: 12
Graph 580: Errors found: 4
Graph 581: Errors found: 14
Graph 582: Errors found: 6
Graph 583: Errors found: 10
Graph 584: Errors found: 6
Graph 585: Errors found: 12
Graph 586: Errors found: 14
Graph 587: Errors found: 2
Graph 588: Errors found: 42
Graph 589: Errors found: 6
Graph 590: Errors found: 8
Graph 591: Errors found: 4
Graph 592: Errors found: 16
Graph 593: Errors found: 6
Graph 594: Errors found: 16
Graph 595: Errors found: 10
Graph 596: Errors found: 8
Graph 597: Errors found: 2
Graph 598: Errors found: 10
Graph 599: Errors found: 8
Graph 600: Errors found: 12
Graph 602: Errors found: 6
Graph 603: Errors found: 2
Graph 604: Errors found: 6
Graph 605: Errors found: 6
Graph 606: Errors found: 4
Graph 607: Errors found: 8
Graph 608: Errors found: 4
Graph 609: Errors found: 4
Graph 610: Errors found: 10
Graph 611: Errors found: 14
Graph 612: Errors found: 8
Graph 613: Errors found: 4
Graph 614: Errors found: 6
Graph 615: Errors found: 16
Graph 616: Errors found: 8
Graph 617: Errors found: 10
Graph 618: Errors found: 18
Graph 620: Errors found: 22
Graph 621: Errors found: 8
Graph 622: Errors found: 28
Graph 623: Errors found: 24
Graph 625: Errors found: 4
Graph 626: Errors found: 18
Graph 627: Errors found: 6
Graph 628: Errors found: 12
Graph 629: Errors found: 4
Graph 630: Errors found: 8
Graph 631: Errors found: 4
Graph 632: Errors found: 10
Graph 633: Errors found: 8
Graph 634: Errors found: 4
Graph 635: Errors found: 12
Graph 636: Errors found: 16
Graph 637: Errors found: 4
Graph 638: Errors found: 8
Graph 639: Errors found: 12
Graph 640: Errors found: 14
Graph 641: Errors found: 8
Graph 643: Errors found: 2
Graph 644: Errors found: 4
Graph 645: Errors found: 2
Graph 646: Errors found: 10
Graph 647: Errors found: 4
Graph 648: Errors found: 26
Graph 649: Errors found: 6
Graph 650: Errors found: 10
Graph 651: Errors found: 18
Graph 652: Errors found: 22
Graph 653: Errors found: 6
Graph 654: Errors found: 16
Graph 655: Errors found: 24
Graph 656: Errors found: 10
Graph 657: Errors found: 8
Graph 658: Errors found: 8
Graph 659: Errors found: 20
Graph 660: Errors found: 14
Graph 661: Errors found: 18
Graph 662: Errors found: 12
Graph 663: Errors found: 4
Graph 664: Errors found: 12
Graph 666: Errors found: 4
Graph 667: Errors found: 32
Graph 668: Errors found: 4
Graph 670: Errors found: 20
Graph 671: Errors found: 14
Graph 672: Errors found: 4
Graph 673: Errors found: 6
Graph 674: Errors found: 6
Graph 675: Errors found: 14
Graph 677: Errors found: 6
Graph 678: Errors found: 26
Graph 679: Errors found: 4
Graph 680: Errors found: 2
Graph 681: Errors found: 16
Graph 682: Errors found: 12
Graph 683: Errors found: 6
Graph 684: Errors found: 2
Graph 685: Errors found: 6
Graph 686: Errors found: 4
Graph 687: Errors found: 10
Graph 688: Errors found: 2
Graph 689: Errors found: 10
Graph 690: Errors found: 8
Graph 691: Errors found: 4
Graph 692: Errors found: 4
Graph 693: Errors found: 8
Graph 694: Errors found: 6
Graph 695: Errors found: 10
Graph 697: Errors found: 8
Graph 698: Errors found: 6
Graph 699: Errors found: 10
Graph 700: Errors found: 2
Graph 701: Errors found: 6
Graph 702: Errors found: 16
Graph 703: Errors found: 2
Graph 704: Errors found: 6
Graph 705: Errors found: 24
Graph 706: Errors found: 4
Graph 707: Errors found: 18
Graph 708: Errors found: 6
Graph 709: Errors found: 4
Graph 710: Errors found: 4
Graph 711: Errors found: 12
Graph 712: Errors found: 6
Graph 713: Errors found: 8
Graph 714: Errors found: 8
Graph 716: Errors found: 24
Graph 717: Errors found: 10
Graph 719: Errors found: 4
Graph 720: Errors found: 16
Graph 721: Errors found: 4
Graph 722: Errors found: 2
Graph 723: Errors found: 8
Graph 724: Errors found: 4
Graph 725: Errors found: 4
Graph 726: Errors found: 8
Graph 727: Errors found: 6
Graph 728: Errors found: 18
Graph 729: Errors found: 10
Graph 730: Errors found: 4
Graph 731: Errors found: 10
Graph 732: Errors found: 10
Graph 733: Errors found: 8
Graph 734: Errors found: 14
Test Accuracy (after Hungarian): 0.9158
Inference time: 0.019455 seconds (mean) ± 0.010199 seconds (std)
=== SLURM JOB ENDED ===
